[23/10/2018] [04:59:10] [SERVER THREAD/INFO]: Loading properties
[23/10/2018] [04:59:10] [SERVER THREAD/INFO]: Properties loaded
[23/10/2018] [04:59:10] [SERVER THREAD/INFO]: Starting UDP server
[23/10/2018] [04:59:10] [SERVER THREAD/INFO]: UDP server has initialized at 127.0.0.1:4065
[23/10/2018] [04:59:10] [SERVER THREAD/INFO]: Starting TCP server
[23/10/2018] [04:59:10] [SERVER THREAD/INFO]: TCP server has initialized at 127.0.0.1:4066
[23/10/2018] [04:59:10] [SERVER THREAD/INFO]: Starting multicast receiver
[23/10/2018] [04:59:10] [SERVER THREAD/INFO]: Multicasting initialized at 230.0.0.1:5000
[23/10/2018] [04:59:18] [SERVER THREAD/INFO]: A driver was created at region id A
[23/10/2018] [04:59:28] [SERVER THREAD/INFO]: A driver was created at region id A
[23/10/2018] [04:59:29] [SERVER THREAD/INFO]: A driver was created at region id A
[23/10/2018] [04:59:30] [SERVER THREAD/INFO]: A driver was created at region id A
[23/10/2018] [04:59:31] [SERVER THREAD/INFO]: A driver was created at region id A
[23/10/2018] [04:59:37] [SERVER THREAD/INFO]: A driver was created at region id A
[23/10/2018] [04:59:49] [SERVER THREAD/INFO]: A driver was created at region id A
[23/10/2018] [05:00:38] [SERVER THREAD/INFO]: A driver was created at region id A
[23/10/2018] [05:00:43] [SERVER THREAD/INFO]: A driver was created at region id A
[23/10/2018] [05:00:46] [SERVER THREAD/INFO]: A driver was created at region id A
[23/10/2018] [05:00:47] [SERVER THREAD/INFO]: A driver was created at region id A
[23/10/2018] [05:00:49] [SERVER THREAD/INFO]: A driver was created at region id A
[23/10/2018] [05:00:50] [SERVER THREAD/INFO]: A driver was created at region id A
[23/10/2018] [05:00:53] [SERVER THREAD/INFO]: A driver was created at region id A
[23/10/2018] [05:00:58] [SERVER THREAD/INFO]: A driver was created at region id A
[23/10/2018] [05:00:59] [SERVER THREAD/INFO]: A driver was created at region id A
[23/10/2018] [05:01:01] [SERVER THREAD/INFO]: A driver was created at region id A
[23/10/2018] [05:01:21] [SERVER THREAD/INFO]: Closing server
