[23/10/2018] [03:17:47] [SERVER THREAD/INFO]: Loading properties
[23/10/2018] [03:17:47] [SERVER THREAD/INFO]: Properties loaded
[23/10/2018] [03:17:47] [SERVER THREAD/INFO]: Starting UDP server
[23/10/2018] [03:17:48] [SERVER THREAD/INFO]: UDP server has initialized at 127.0.0.1:4067
[23/10/2018] [03:17:48] [SERVER THREAD/INFO]: Starting TCP server
[23/10/2018] [03:17:48] [SERVER THREAD/INFO]: TCP server has initialized at 127.0.0.1:4068
[23/10/2018] [03:17:48] [SERVER THREAD/INFO]: Starting multicast receiver
[23/10/2018] [03:17:48] [SERVER THREAD/INFO]: Multicasting initialized at 230.0.0.1:5000
[23/10/2018] [03:18:03] [SERVER THREAD/INFO]: A driver was created at region id 1
[23/10/2018] [03:18:06] [SERVER THREAD/INFO]: A driver was created at region id 1A
[23/10/2018] [03:18:25] [SERVER THREAD/INFO]: A driver was created at region id 1A
[23/10/2018] [03:18:26] [SERVER THREAD/INFO]: A driver was created at region id 1A
[23/10/2018] [03:18:27] [SERVER THREAD/INFO]: A driver was created at region id 1A
[23/10/2018] [03:18:28] [SERVER THREAD/INFO]: A driver was created at region id 1A
[23/10/2018] [03:18:29] [SERVER THREAD/INFO]: A driver was created at region id 1A
[23/10/2018] [03:18:50] [SERVER THREAD/INFO]: A driver was created at region id 1A
[23/10/2018] [03:18:51] [SERVER THREAD/INFO]: A driver was created at region id 1A
[23/10/2018] [03:18:52] [SERVER THREAD/INFO]: A driver was created at region id 1A
[23/10/2018] [03:18:53] [SERVER THREAD/INFO]: A driver was created at region id 1A
[23/10/2018] [03:18:54] [SERVER THREAD/INFO]: A driver was created at region id 1A
[23/10/2018] [03:18:55] [SERVER THREAD/INFO]: A driver was created at region id 1A
[23/10/2018] [03:18:56] [SERVER THREAD/INFO]: A driver was created at region id 1A
[23/10/2018] [03:18:57] [SERVER THREAD/INFO]: A driver was created at region id 1A
[23/10/2018] [03:18:58] [SERVER THREAD/INFO]: A driver was created at region id 1A
[23/10/2018] [03:20:14] [SERVER THREAD/INFO]: Closing server
