[23/10/2018] [03:50:53] [SERVER THREAD/INFO]: Loading properties
[23/10/2018] [03:50:53] [SERVER THREAD/INFO]: Properties loaded
[23/10/2018] [03:50:53] [SERVER THREAD/INFO]: Starting UDP server
[23/10/2018] [03:50:53] [SERVER THREAD/INFO]: UDP server has initialized at 127.0.0.1:4065
[23/10/2018] [03:50:53] [SERVER THREAD/INFO]: Starting TCP server
[23/10/2018] [03:50:54] [SERVER THREAD/INFO]: TCP server has initialized at 127.0.0.1:4066
[23/10/2018] [03:50:54] [SERVER THREAD/INFO]: Starting multicast receiver
[23/10/2018] [03:50:54] [SERVER THREAD/INFO]: Multicasting initialized at 230.0.0.1:5000
[23/10/2018] [03:51:21] [SERVER THREAD/INFO]: A driver was created at region id 1
[23/10/2018] [03:51:40] [SERVER THREAD/INFO]: A driver was created at region id 1
[23/10/2018] [03:51:41] [SERVER THREAD/INFO]: A driver was created at region id 1
[23/10/2018] [03:51:43] [SERVER THREAD/INFO]: A driver was created at region id 1
[23/10/2018] [03:51:44] [SERVER THREAD/INFO]: A driver was created at region id 1
[23/10/2018] [03:51:47] [SERVER THREAD/INFO]: A driver was created at region id 1
[23/10/2018] [03:51:48] [SERVER THREAD/INFO]: A driver was created at region id 1
[23/10/2018] [03:51:49] [SERVER THREAD/INFO]: A driver was created at region id 1
[23/10/2018] [03:51:51] [SERVER THREAD/INFO]: A driver was created at region id 1
[23/10/2018] [03:51:51] [SERVER THREAD/INFO]: A driver was created at region id 1
[23/10/2018] [03:51:52] [SERVER THREAD/INFO]: A driver was created at region id 1
[23/10/2018] [03:51:52] [SERVER THREAD/INFO]: A driver was created at region id 1
[23/10/2018] [03:51:53] [SERVER THREAD/INFO]: A driver was created at region id 1
[23/10/2018] [03:51:53] [SERVER THREAD/INFO]: A driver was created at region id 1
[23/10/2018] [03:51:54] [SERVER THREAD/INFO]: A driver was created at region id 1
[23/10/2018] [03:51:54] [SERVER THREAD/INFO]: A driver was created at region id 1
[23/10/2018] [03:51:56] [SERVER THREAD/INFO]: A driver was created at region id 1
[23/10/2018] [03:51:57] [SERVER THREAD/INFO]: A driver was created at region id 1
[23/10/2018] [03:51:57] [SERVER THREAD/INFO]: A driver was created at region id 1
[23/10/2018] [03:51:58] [SERVER THREAD/INFO]: A driver was created at region id 1
[23/10/2018] [03:51:59] [SERVER THREAD/INFO]: A driver was created at region id 1
[23/10/2018] [03:51:59] [SERVER THREAD/INFO]: A driver was created at region id 1
[23/10/2018] [03:52:00] [SERVER THREAD/INFO]: A driver was created at region id 1
[23/10/2018] [03:52:00] [SERVER THREAD/INFO]: A driver was created at region id 1
[23/10/2018] [03:52:01] [SERVER THREAD/INFO]: A driver was created at region id 1
[23/10/2018] [03:52:50] [SERVER THREAD/INFO]: Closing server
