[23/10/2018] [03:35:54] [SERVER THREAD/INFO]: Loading properties
[23/10/2018] [03:35:54] [SERVER THREAD/INFO]: Properties loaded
[23/10/2018] [03:35:54] [SERVER THREAD/INFO]: Starting UDP server
[23/10/2018] [03:35:54] [SERVER THREAD/INFO]: UDP server has initialized at 127.0.0.1:4067
[23/10/2018] [03:35:54] [SERVER THREAD/INFO]: Starting TCP server
[23/10/2018] [03:35:54] [SERVER THREAD/INFO]: TCP server has initialized at 127.0.0.1:4068
[23/10/2018] [03:35:54] [SERVER THREAD/INFO]: Starting multicast receiver
[23/10/2018] [03:35:54] [SERVER THREAD/INFO]: Multicasting initialized at 230.0.0.1:5000
[23/10/2018] [03:36:08] [SERVER THREAD/INFO]: A driver was created at region id 1
[23/10/2018] [03:36:15] [SERVER THREAD/INFO]: A driver was created at region id 1
[23/10/2018] [03:36:16] [SERVER THREAD/INFO]: A driver was created at region id 1
[23/10/2018] [03:36:17] [SERVER THREAD/INFO]: A driver was created at region id 1
[23/10/2018] [03:36:18] [SERVER THREAD/INFO]: A driver was created at region id 1
[23/10/2018] [03:36:24] [SERVER THREAD/INFO]: A driver was created at region id 1
[23/10/2018] [03:36:25] [SERVER THREAD/INFO]: A driver was created at region id 1
[23/10/2018] [03:36:26] [SERVER THREAD/INFO]: A driver was created at region id 1
[23/10/2018] [03:36:27] [SERVER THREAD/INFO]: A driver was created at region id 1
[23/10/2018] [03:36:32] [SERVER THREAD/INFO]: A driver was created at region id 1A
[23/10/2018] [03:37:22] [SERVER THREAD/INFO]: A driver was created at region id 1BA
[23/10/2018] [03:37:25] [SERVER THREAD/INFO]: A driver was created at region id 1BA
[23/10/2018] [03:37:25] [SERVER THREAD/INFO]: A driver was created at region id 1BA
[23/10/2018] [03:37:27] [SERVER THREAD/INFO]: A driver was created at region id 1BA
[23/10/2018] [03:37:27] [SERVER THREAD/INFO]: A driver was created at region id 1BA
[23/10/2018] [03:37:28] [SERVER THREAD/INFO]: A driver was created at region id 1BA
[23/10/2018] [03:37:28] [SERVER THREAD/INFO]: A driver was created at region id 1BA
[23/10/2018] [03:37:29] [SERVER THREAD/INFO]: A driver was created at region id 1BA
[23/10/2018] [03:37:29] [SERVER THREAD/INFO]: A driver was created at region id 1BA
[23/10/2018] [03:37:32] [SERVER THREAD/INFO]: A driver was created at region id 1BA
[23/10/2018] [03:37:32] [SERVER THREAD/INFO]: A driver was created at region id 1BA
[23/10/2018] [03:37:34] [SERVER THREAD/INFO]: A driver was created at region id 1BA
[23/10/2018] [03:37:34] [SERVER THREAD/INFO]: A driver was created at region id 1BA
[23/10/2018] [03:37:35] [SERVER THREAD/INFO]: A driver was created at region id 1BA
[23/10/2018] [03:37:35] [SERVER THREAD/INFO]: A driver was created at region id 1BA
[23/10/2018] [03:37:36] [SERVER THREAD/INFO]: A driver was created at region id 1BA
[23/10/2018] [03:37:36] [SERVER THREAD/INFO]: A driver was created at region id 1BA
[23/10/2018] [03:37:37] [SERVER THREAD/INFO]: A driver was created at region id 1BA
[23/10/2018] [03:37:37] [SERVER THREAD/INFO]: A driver was created at region id 1BA
[23/10/2018] [03:37:39] [SERVER THREAD/INFO]: A driver was created at region id 1BA
[23/10/2018] [03:37:40] [SERVER THREAD/INFO]: A driver was created at region id 1BA
[23/10/2018] [03:37:40] [SERVER THREAD/INFO]: A driver was created at region id 1BA
[23/10/2018] [03:37:41] [SERVER THREAD/INFO]: A driver was created at region id 1BA
[23/10/2018] [03:37:41] [SERVER THREAD/INFO]: A driver was created at region id 1BA
[23/10/2018] [03:37:42] [SERVER THREAD/INFO]: A driver was created at region id 1BA
[23/10/2018] [03:37:42] [SERVER THREAD/INFO]: A driver was created at region id 1BA
[23/10/2018] [03:37:43] [SERVER THREAD/INFO]: A driver was created at region id 1BA
[23/10/2018] [03:37:44] [SERVER THREAD/INFO]: A driver was created at region id 1BA
[23/10/2018] [03:37:44] [SERVER THREAD/INFO]: A driver was created at region id 1BA
[23/10/2018] [03:37:45] [SERVER THREAD/INFO]: A driver was created at region id 1BA
[23/10/2018] [03:37:45] [SERVER THREAD/INFO]: A driver was created at region id 1BA
[23/10/2018] [03:37:46] [SERVER THREAD/INFO]: A driver was created at region id 1BA
[23/10/2018] [03:37:46] [SERVER THREAD/INFO]: A driver was created at region id 1BA
[23/10/2018] [03:37:47] [SERVER THREAD/INFO]: A driver was created at region id 1BA
[23/10/2018] [03:37:47] [SERVER THREAD/INFO]: A driver was created at region id 1BA
[23/10/2018] [03:37:48] [SERVER THREAD/INFO]: A driver was created at region id 1BA
[23/10/2018] [03:37:49] [SERVER THREAD/INFO]: A driver was created at region id 1BA
[23/10/2018] [03:37:49] [SERVER THREAD/INFO]: A driver was created at region id 1BA
[23/10/2018] [03:37:50] [SERVER THREAD/INFO]: A driver was created at region id 1BA
[23/10/2018] [03:37:50] [SERVER THREAD/INFO]: A driver was created at region id 1BA
[23/10/2018] [03:37:51] [SERVER THREAD/INFO]: A driver was created at region id 1BA
[23/10/2018] [03:37:51] [SERVER THREAD/INFO]: A driver was created at region id 1BA
[23/10/2018] [03:37:52] [SERVER THREAD/INFO]: A driver was created at region id 1BA
[23/10/2018] [03:37:52] [SERVER THREAD/INFO]: A driver was created at region id 1BA
[23/10/2018] [03:37:54] [SERVER THREAD/INFO]: A driver was created at region id 1BA
[23/10/2018] [03:37:54] [SERVER THREAD/INFO]: A driver was created at region id 1BA
[23/10/2018] [03:37:56] [SERVER THREAD/INFO]: A driver was created at region id 1BA
[23/10/2018] [03:37:56] [SERVER THREAD/INFO]: A driver was created at region id 1BA
[23/10/2018] [03:37:57] [SERVER THREAD/INFO]: A driver was created at region id 1BA
[23/10/2018] [03:37:58] [SERVER THREAD/INFO]: A driver was created at region id 1BA
[23/10/2018] [03:37:58] [SERVER THREAD/INFO]: A driver was created at region id 1BA
[23/10/2018] [03:37:59] [SERVER THREAD/INFO]: A driver was created at region id 1BA
[23/10/2018] [03:38:10] [SERVER THREAD/INFO]: A driver was created at region id 1BA
[23/10/2018] [03:38:10] [SERVER THREAD/INFO]: A driver was created at region id 1BA
[23/10/2018] [03:38:11] [SERVER THREAD/INFO]: A driver was created at region id 1BA
[23/10/2018] [03:38:11] [SERVER THREAD/INFO]: A driver was created at region id 1BA
[23/10/2018] [03:38:12] [SERVER THREAD/INFO]: A driver was created at region id 1BA
[23/10/2018] [03:38:12] [SERVER THREAD/INFO]: A driver was created at region id 1BA
[23/10/2018] [03:38:13] [SERVER THREAD/INFO]: A driver was created at region id 1BA
[23/10/2018] [03:38:14] [SERVER THREAD/INFO]: A driver was created at region id 1BA
[23/10/2018] [03:38:14] [SERVER THREAD/INFO]: A driver was created at region id 1BA
[23/10/2018] [03:38:15] [SERVER THREAD/INFO]: A driver was created at region id 1BA
[23/10/2018] [03:38:16] [SERVER THREAD/INFO]: A driver was created at region id 1BA
[23/10/2018] [03:38:16] [SERVER THREAD/INFO]: A driver was created at region id 1BA
[23/10/2018] [03:38:17] [SERVER THREAD/INFO]: A driver was created at region id 1BA
[23/10/2018] [03:38:17] [SERVER THREAD/INFO]: A driver was created at region id 1BA
[23/10/2018] [03:38:18] [SERVER THREAD/INFO]: A driver was created at region id 1BA
[23/10/2018] [03:38:18] [SERVER THREAD/INFO]: A driver was created at region id 1BA
[23/10/2018] [03:38:19] [SERVER THREAD/INFO]: A driver was created at region id 1BA
[23/10/2018] [03:38:19] [SERVER THREAD/INFO]: A driver was created at region id 1BA
[23/10/2018] [03:38:20] [SERVER THREAD/INFO]: A driver was created at region id 1BA
[23/10/2018] [03:38:20] [SERVER THREAD/INFO]: A driver was created at region id 1BA
[23/10/2018] [03:38:22] [SERVER THREAD/INFO]: A driver was created at region id 1BA
[23/10/2018] [03:38:23] [SERVER THREAD/INFO]: A driver was created at region id 1BA
[23/10/2018] [03:38:23] [SERVER THREAD/INFO]: A driver was created at region id 1BA
[23/10/2018] [03:38:25] [SERVER THREAD/INFO]: A driver was created at region id 1BA
[23/10/2018] [03:38:26] [SERVER THREAD/INFO]: A driver was created at region id 1BA
[23/10/2018] [03:38:27] [SERVER THREAD/INFO]: A driver was created at region id 1BA
[23/10/2018] [03:38:27] [SERVER THREAD/INFO]: A driver was created at region id 1BA
[23/10/2018] [03:38:29] [SERVER THREAD/INFO]: A driver was created at region id 1BA
[23/10/2018] [03:38:31] [SERVER THREAD/INFO]: A driver was created at region id 1BA
[23/10/2018] [03:38:32] [SERVER THREAD/INFO]: A driver was created at region id 1BA
[23/10/2018] [03:38:33] [SERVER THREAD/INFO]: A driver was created at region id 1BA
[23/10/2018] [03:38:46] [SERVER THREAD/INFO]: A driver was created at region id 1BA
[23/10/2018] [03:38:47] [SERVER THREAD/INFO]: A driver was created at region id 1BA
[23/10/2018] [03:38:55] [SERVER THREAD/INFO]: A driver was created at region id 1BA
[23/10/2018] [03:38:56] [SERVER THREAD/INFO]: A driver was created at region id 1BA
[23/10/2018] [03:38:57] [SERVER THREAD/INFO]: A driver was created at region id 1BA
[23/10/2018] [03:38:58] [SERVER THREAD/INFO]: A driver was created at region id 1BA
[23/10/2018] [03:38:59] [SERVER THREAD/INFO]: A driver was created at region id 1BA
[23/10/2018] [03:39:00] [SERVER THREAD/INFO]: A driver was created at region id 1BA
[23/10/2018] [03:39:01] [SERVER THREAD/INFO]: A driver was created at region id 1BA
[23/10/2018] [03:39:05] [SERVER THREAD/INFO]: A driver was created at region id 1BA
[23/10/2018] [03:39:06] [SERVER THREAD/INFO]: A driver was created at region id 1BA
[23/10/2018] [03:39:08] [SERVER THREAD/INFO]: A driver was created at region id 1BA
[23/10/2018] [03:39:09] [SERVER THREAD/INFO]: A driver was created at region id 1BA
[23/10/2018] [03:39:10] [SERVER THREAD/INFO]: A driver was created at region id 1BA
[23/10/2018] [03:39:12] [SERVER THREAD/INFO]: A driver was created at region id 1BA
[23/10/2018] [03:39:13] [SERVER THREAD/INFO]: A driver was created at region id 1BA
[23/10/2018] [03:39:15] [SERVER THREAD/INFO]: A driver was created at region id 1BA
[23/10/2018] [03:39:16] [SERVER THREAD/INFO]: A driver was created at region id 1BA
[23/10/2018] [03:39:17] [SERVER THREAD/INFO]: A driver was created at region id 1BA
[23/10/2018] [03:39:19] [SERVER THREAD/INFO]: A driver was created at region id 1BA
[23/10/2018] [03:39:20] [SERVER THREAD/INFO]: A driver was created at region id 1BA
[23/10/2018] [03:39:22] [SERVER THREAD/INFO]: A driver was created at region id 1BA
[23/10/2018] [03:39:23] [SERVER THREAD/INFO]: A driver was created at region id 1BA
[23/10/2018] [03:39:24] [SERVER THREAD/INFO]: A driver was created at region id 1BA
[23/10/2018] [03:39:26] [SERVER THREAD/INFO]: A driver was created at region id 1BA
[23/10/2018] [03:39:27] [SERVER THREAD/INFO]: A driver was created at region id 1BA
[23/10/2018] [03:39:28] [SERVER THREAD/INFO]: A driver was created at region id 1BA
[23/10/2018] [03:39:31] [SERVER THREAD/INFO]: A driver was created at region id 1BA
[23/10/2018] [03:39:32] [SERVER THREAD/INFO]: A driver was created at region id 1BA
[23/10/2018] [03:39:33] [SERVER THREAD/INFO]: A driver was created at region id 1BA
[23/10/2018] [03:39:34] [SERVER THREAD/INFO]: A driver was created at region id 1BA
[23/10/2018] [03:39:35] [SERVER THREAD/INFO]: A driver was created at region id 1BA
[23/10/2018] [03:39:36] [SERVER THREAD/INFO]: A driver was created at region id 1BA
[23/10/2018] [03:39:37] [SERVER THREAD/INFO]: A driver was created at region id 1BA
[23/10/2018] [03:39:38] [SERVER THREAD/INFO]: A driver was created at region id 1BA
[23/10/2018] [03:39:40] [SERVER THREAD/INFO]: A driver was created at region id 1BA
[23/10/2018] [03:39:42] [SERVER THREAD/INFO]: A driver was created at region id 1BA
[23/10/2018] [03:39:43] [SERVER THREAD/INFO]: A driver was created at region id 1BA
[23/10/2018] [03:39:46] [SERVER THREAD/INFO]: A driver was created at region id 1BA
[23/10/2018] [03:39:49] [SERVER THREAD/INFO]: A driver was created at region id 1BA
[23/10/2018] [03:39:50] [SERVER THREAD/INFO]: A driver was created at region id 1BA
[23/10/2018] [03:39:51] [SERVER THREAD/INFO]: A driver was created at region id 1BA
[23/10/2018] [03:39:52] [SERVER THREAD/INFO]: A driver was created at region id 1BA
[23/10/2018] [03:40:34] [SERVER THREAD/INFO]: Closing server
