[18/10/2018] [03:20:41] [SERVER THREAD/INFO]: Loading properties
[18/10/2018] [03:20:41] [SERVER THREAD/INFO]: Properties loaded
[18/10/2018] [03:20:41] [SERVER THREAD/INFO]: Starting UDP server
[18/10/2018] [03:20:41] [SERVER THREAD/INFO]: UDP server has initialized at 127.0.0.1:4065
[18/10/2018] [03:20:41] [SERVER THREAD/INFO]: Starting TCP server
[18/10/2018] [03:20:41] [SERVER THREAD/INFO]: TCP server has initialized at 127.0.0.1:4066
[18/10/2018] [03:20:43] [SERVER THREAD/INFO]: 
[18/10/2018] [03:20:43] [SERVER THREAD/INFO]: 
[18/10/2018] [03:20:43] [SERVER THREAD/INFO]: 
[18/10/2018] [03:20:44] [SERVER THREAD/INFO]: 
[18/10/2018] [03:20:44] [SERVER THREAD/INFO]: 
[18/10/2018] [03:20:45] [SERVER THREAD/INFO]: 
[18/10/2018] [03:20:46] [SERVER THREAD/INFO]: 
[18/10/2018] [03:20:46] [SERVER THREAD/INFO]: 
[18/10/2018] [03:20:47] [SERVER THREAD/INFO]: 
[18/10/2018] [03:20:48] [SERVER THREAD/INFO]: 
[18/10/2018] [03:20:48] [SERVER THREAD/INFO]: 
[18/10/2018] [03:20:49] [SERVER THREAD/INFO]: 
[18/10/2018] [03:20:50] [SERVER THREAD/INFO]: 
[18/10/2018] [03:20:50] [SERVER THREAD/INFO]: 
[18/10/2018] [03:20:51] [SERVER THREAD/INFO]: 
[18/10/2018] [03:20:52] [SERVER THREAD/INFO]: 
[18/10/2018] [03:20:52] [SERVER THREAD/INFO]: 
[18/10/2018] [03:20:53] [SERVER THREAD/INFO]: 
[18/10/2018] [03:20:54] [SERVER THREAD/INFO]: 
[18/10/2018] [03:20:54] [SERVER THREAD/INFO]: 
[18/10/2018] [03:20:55] [SERVER THREAD/INFO]: 
[18/10/2018] [03:20:56] [SERVER THREAD/INFO]: 
[18/10/2018] [03:20:56] [SERVER THREAD/INFO]: 
[18/10/2018] [03:20:57] [SERVER THREAD/INFO]: 
[18/10/2018] [03:20:58] [SERVER THREAD/INFO]: 
[18/10/2018] [03:20:58] [SERVER THREAD/INFO]: 
[18/10/2018] [03:20:59] [SERVER THREAD/INFO]: 
[18/10/2018] [03:21:00] [SERVER THREAD/INFO]: 
[18/10/2018] [03:21:00] [SERVER THREAD/INFO]: 
[18/10/2018] [03:21:01] [SERVER THREAD/INFO]: 
[18/10/2018] [03:21:02] [SERVER THREAD/INFO]: 
[18/10/2018] [03:21:02] [SERVER THREAD/INFO]: 
[18/10/2018] [03:21:03] [SERVER THREAD/INFO]: Closing server
