[23/10/2018] [04:41:33] [SERVER THREAD/INFO]: Loading properties
[23/10/2018] [04:41:33] [SERVER THREAD/INFO]: Properties loaded
[23/10/2018] [04:41:33] [SERVER THREAD/INFO]: Starting UDP server
[23/10/2018] [04:41:33] [SERVER THREAD/INFO]: UDP server has initialized at 127.0.0.1:4065
[23/10/2018] [04:41:33] [SERVER THREAD/INFO]: Starting TCP server
[23/10/2018] [04:41:33] [SERVER THREAD/INFO]: TCP server has initialized at 127.0.0.1:4066
[23/10/2018] [04:41:33] [SERVER THREAD/INFO]: Starting multicast receiver
[23/10/2018] [04:41:33] [SERVER THREAD/INFO]: Multicasting initialized at 230.0.0.1:5000
[23/10/2018] [04:42:05] [SERVER THREAD/INFO]: A driver was created at region id 1
[23/10/2018] [04:42:06] [SERVER THREAD/INFO]: A driver was created at region id 1
[23/10/2018] [04:42:07] [SERVER THREAD/INFO]: A driver was created at region id 1
[23/10/2018] [04:42:08] [SERVER THREAD/INFO]: A driver was created at region id 1
[23/10/2018] [04:42:09] [SERVER THREAD/INFO]: A driver was created at region id 1
[23/10/2018] [04:42:10] [SERVER THREAD/INFO]: A driver was created at region id 1
[23/10/2018] [04:42:11] [SERVER THREAD/INFO]: A driver was created at region id 1
[23/10/2018] [04:42:12] [SERVER THREAD/INFO]: A driver was created at region id 1
[23/10/2018] [04:42:13] [SERVER THREAD/INFO]: A driver was created at region id 1
[23/10/2018] [04:42:14] [SERVER THREAD/INFO]: A driver was created at region id 1
[23/10/2018] [04:42:15] [SERVER THREAD/INFO]: A driver was created at region id 1
[23/10/2018] [04:42:16] [SERVER THREAD/INFO]: A driver was created at region id 1
[23/10/2018] [04:42:17] [SERVER THREAD/INFO]: A driver was created at region id 1
[23/10/2018] [04:42:18] [SERVER THREAD/INFO]: A driver was created at region id 1
[23/10/2018] [04:42:19] [SERVER THREAD/INFO]: A driver was created at region id 1
[23/10/2018] [04:42:20] [SERVER THREAD/INFO]: A driver was created at region id 1
[23/10/2018] [04:42:21] [SERVER THREAD/INFO]: A driver was created at region id 1
[23/10/2018] [04:42:22] [SERVER THREAD/INFO]: A driver was created at region id 1
[23/10/2018] [04:42:23] [SERVER THREAD/INFO]: A driver was created at region id 1
[23/10/2018] [04:42:24] [SERVER THREAD/INFO]: A driver was created at region id 1
[23/10/2018] [04:42:25] [SERVER THREAD/INFO]: A driver was created at region id 1
[23/10/2018] [04:42:26] [SERVER THREAD/INFO]: A driver was created at region id 1
[23/10/2018] [04:42:27] [SERVER THREAD/INFO]: A driver was created at region id 1
[23/10/2018] [04:42:28] [SERVER THREAD/INFO]: A driver was created at region id 1
[23/10/2018] [04:42:29] [SERVER THREAD/INFO]: A driver was created at region id 1
[23/10/2018] [04:42:30] [SERVER THREAD/INFO]: A driver was created at region id 1
[23/10/2018] [04:42:31] [SERVER THREAD/INFO]: A driver was created at region id 1
[23/10/2018] [04:42:32] [SERVER THREAD/INFO]: A driver was created at region id 1
[23/10/2018] [04:42:33] [SERVER THREAD/INFO]: A driver was created at region id 1
[23/10/2018] [04:42:34] [SERVER THREAD/INFO]: A driver was created at region id 1
[23/10/2018] [04:42:35] [SERVER THREAD/INFO]: A driver was created at region id 1
[23/10/2018] [04:42:36] [SERVER THREAD/INFO]: A driver was created at region id 1
[23/10/2018] [04:42:37] [SERVER THREAD/INFO]: A driver was created at region id 1
[23/10/2018] [04:42:38] [SERVER THREAD/INFO]: A driver was created at region id 1
[23/10/2018] [04:42:39] [SERVER THREAD/INFO]: A driver was created at region id 1
[23/10/2018] [04:42:40] [SERVER THREAD/INFO]: A driver was created at region id 1
[23/10/2018] [04:42:41] [SERVER THREAD/INFO]: A driver was created at region id 1
[23/10/2018] [04:42:42] [SERVER THREAD/INFO]: A driver was created at region id 1
[23/10/2018] [04:42:43] [SERVER THREAD/INFO]: A driver was created at region id 1
[23/10/2018] [04:42:44] [SERVER THREAD/INFO]: A driver was created at region id 1
[23/10/2018] [04:42:45] [SERVER THREAD/INFO]: A driver was created at region id 1
[23/10/2018] [04:42:46] [SERVER THREAD/INFO]: A driver was created at region id 1
[23/10/2018] [04:42:48] [SERVER THREAD/INFO]: Closing server
