[25/10/2018] [00:12:27] [SERVER THREAD/INFO]: Loading properties
[25/10/2018] [00:12:27] [SERVER THREAD/INFO]: Properties loaded
[25/10/2018] [00:12:27] [SERVER THREAD/INFO]: Starting UDP server
[25/10/2018] [00:12:27] [SERVER THREAD/INFO]: UDP server has initialized at 127.0.0.1:4065
[25/10/2018] [00:12:27] [SERVER THREAD/INFO]: Starting TCP server
[25/10/2018] [00:12:27] [SERVER THREAD/INFO]: TCP server has initialized at 127.0.0.1:4066
[25/10/2018] [00:12:27] [SERVER THREAD/INFO]: Starting multicast receiver
[25/10/2018] [00:12:27] [SERVER THREAD/INFO]: Multicasting initialized at 230.0.0.1:5000
[25/10/2018] [00:12:34] [SERVER THREAD/INFO]: A driver was created at region id A
[25/10/2018] [00:12:37] [SERVER THREAD/INFO]: Sending a help message with multicast
[25/10/2018] [00:12:38] [SERVER THREAD/INFO]: Sending a help message with multicast
[25/10/2018] [00:12:39] [SERVER THREAD/INFO]: Sending a help message with multicast
[25/10/2018] [00:12:40] [SERVER THREAD/INFO]: Sending a help message with multicast
[25/10/2018] [00:12:41] [SERVER THREAD/INFO]: Sending a help message with multicast
[25/10/2018] [00:12:42] [SERVER THREAD/INFO]: Sending a help message with multicast
[25/10/2018] [00:12:43] [SERVER THREAD/INFO]: Sending a help message with multicast
[25/10/2018] [00:12:44] [SERVER THREAD/INFO]: Sending a help message with multicast
[25/10/2018] [00:12:45] [SERVER THREAD/INFO]: Sending a help message with multicast
[25/10/2018] [00:12:46] [SERVER THREAD/INFO]: Sending a help message with multicast
[25/10/2018] [00:12:47] [SERVER THREAD/INFO]: Sending a help message with multicast
[25/10/2018] [00:12:48] [SERVER THREAD/INFO]: Sending a help message with multicast
[25/10/2018] [00:12:49] [SERVER THREAD/INFO]: Sending a help message with multicast
[25/10/2018] [00:12:50] [SERVER THREAD/INFO]: Sending a help message with multicast
[25/10/2018] [00:13:26] [SERVER THREAD/INFO]: Sending a help message with multicast
[25/10/2018] [00:13:30] [SERVER THREAD/INFO]: Closing server
