[24/10/2018] [23:24:36] [SERVER THREAD/INFO]: Loading properties
[24/10/2018] [23:24:36] [SERVER THREAD/INFO]: Properties loaded
[24/10/2018] [23:24:36] [SERVER THREAD/INFO]: Starting UDP server
[24/10/2018] [23:24:36] [SERVER THREAD/INFO]: UDP server has initialized at 127.0.0.1:4065
[24/10/2018] [23:24:36] [SERVER THREAD/INFO]: Starting TCP server
[24/10/2018] [23:24:36] [SERVER THREAD/INFO]: TCP server has initialized at 127.0.0.1:4066
[24/10/2018] [23:24:36] [SERVER THREAD/INFO]: Starting multicast receiver
[24/10/2018] [23:24:36] [SERVER THREAD/INFO]: Multicasting initialized at 230.0.0.1:5000
[24/10/2018] [23:25:00] [SERVER THREAD/INFO]: A driver was created at region id A
[24/10/2018] [23:25:11] [SERVER THREAD/INFO]: Sending a help message with multicast
[24/10/2018] [23:25:11] [SERVER THREAD/INFO]: A helper info was received from localhost:4076 - area id: b - trash cans quantity: 5
[24/10/2018] [23:25:11] [SERVER THREAD/INFO]: Helper selected: localhost:4076 - area id: b - trash cans quantity: 5
[24/10/2018] [23:25:11] [SERVER THREAD/INFO]: A helper info was received from localhost:4086 - area id: c - trash cans quantity: 5
[24/10/2018] [23:25:18] [SERVER THREAD/INFO]: Stopping helper
[24/10/2018] [23:25:21] [SERVER THREAD/INFO]: Sending a help message with multicast
[24/10/2018] [23:25:21] [SERVER THREAD/INFO]: A helper info was received from localhost:4076 - area id: b - trash cans quantity: 10
[24/10/2018] [23:25:21] [SERVER THREAD/INFO]: Helper selected: localhost:4076 - area id: b - trash cans quantity: 10
[24/10/2018] [23:25:21] [SERVER THREAD/INFO]: A helper info was received from localhost:4086 - area id: c - trash cans quantity: 5
[24/10/2018] [23:25:21] [SERVER THREAD/INFO]: Helper selected: localhost:4086 - area id: c - trash cans quantity: 5
[24/10/2018] [23:25:26] [SERVER THREAD/INFO]: Stopping helper
[24/10/2018] [23:25:31] [SERVER THREAD/INFO]: Sending a help message with multicast
[24/10/2018] [23:25:31] [SERVER THREAD/INFO]: A helper info was received from localhost:4076 - area id: b - trash cans quantity: 10
[24/10/2018] [23:25:31] [SERVER THREAD/INFO]: Helper selected: localhost:4076 - area id: b - trash cans quantity: 10
[24/10/2018] [23:25:31] [SERVER THREAD/INFO]: A helper info was received from localhost:4086 - area id: c - trash cans quantity: 5
[24/10/2018] [23:25:31] [SERVER THREAD/INFO]: Helper selected: localhost:4086 - area id: c - trash cans quantity: 5
[24/10/2018] [23:25:34] [SERVER THREAD/INFO]: Stopping helper
[24/10/2018] [23:25:39] [SERVER THREAD/INFO]: Sending a help message with multicast
[24/10/2018] [23:25:39] [SERVER THREAD/INFO]: A helper info was received from localhost:4076 - area id: b - trash cans quantity: 10
[24/10/2018] [23:25:39] [SERVER THREAD/INFO]: A helper info was received from localhost:4086 - area id: c - trash cans quantity: 5
[24/10/2018] [23:25:39] [SERVER THREAD/INFO]: A helper info was received from localhost:4086 - area id: c - trash cans quantity: 5
[24/10/2018] [23:25:39] [SERVER THREAD/INFO]: Helper selected: localhost:4086 - area id: c - trash cans quantity: 5
[24/10/2018] [23:25:41] [SERVER THREAD/INFO]: Stopping helper
[24/10/2018] [23:25:49] [SERVER THREAD/INFO]: Sending a help message with multicast
[24/10/2018] [23:25:49] [SERVER THREAD/INFO]: A helper info was received from localhost:4086 - area id: c - trash cans quantity: 5
[24/10/2018] [23:25:49] [SERVER THREAD/INFO]: Helper selected: localhost:4086 - area id: c - trash cans quantity: 5
[24/10/2018] [23:25:49] [SERVER THREAD/INFO]: A helper info was received from localhost:4076 - area id: b - trash cans quantity: 10
[24/10/2018] [23:26:05] [SERVER THREAD/INFO]: Stopping helper
[24/10/2018] [23:26:20] [SERVER THREAD/INFO]: Sending a help message with multicast
[24/10/2018] [23:26:20] [SERVER THREAD/INFO]: A helper info was received from localhost:4086 - area id: c - trash cans quantity: 10
[24/10/2018] [23:26:20] [SERVER THREAD/INFO]: Helper selected: localhost:4086 - area id: c - trash cans quantity: 10
[24/10/2018] [23:26:20] [SERVER THREAD/INFO]: A helper info was received from localhost:4076 - area id: b - trash cans quantity: 10
[24/10/2018] [23:26:25] [SERVER THREAD/INFO]: Stopping helper
[24/10/2018] [23:26:35] [SERVER THREAD/INFO]: Sending information to give help to localhost:4075
[24/10/2018] [23:26:35] [SERVER THREAD/INFO]: Initializing helping to localhost:4076 - area id: b - trash cans quantity: 5
[24/10/2018] [23:26:39] [SERVER THREAD/INFO]: Stopping helping to localhost:4076 - area id: b - trash cans quantity: 5
[24/10/2018] [23:26:40] [SERVER THREAD/INFO]: Sending information to give help to localhost:4075
[24/10/2018] [23:26:40] [SERVER THREAD/INFO]: Initializing helping to localhost:4076 - area id: b - trash cans quantity: 5
[24/10/2018] [23:26:40] [SERVER THREAD/INFO]: Initializing helping to localhost:4076 - area id: b - trash cans quantity: 5
[24/10/2018] [23:26:43] [SERVER THREAD/INFO]: Stopping helping to localhost:4076 - area id: b - trash cans quantity: 5
[24/10/2018] [23:26:45] [SERVER THREAD/INFO]: Sending information to give help to localhost:4075
[24/10/2018] [23:26:45] [SERVER THREAD/INFO]: Initializing helping to localhost:4076 - area id: b - trash cans quantity: 5
[24/10/2018] [23:26:45] [SERVER THREAD/INFO]: Initializing helping to localhost:4076 - area id: b - trash cans quantity: 5
[24/10/2018] [23:26:46] [SERVER THREAD/INFO]: Sending information to give help to localhost:4085
[24/10/2018] [23:26:46] [SERVER THREAD/INFO]: Initializing helping to localhost:4086 - area id: c - trash cans quantity: 5
[24/10/2018] [23:26:47] [SERVER THREAD/INFO]: Stopping helping mode
[24/10/2018] [23:26:47] [SERVER THREAD/INFO]: Sending a help message with multicast
[24/10/2018] [23:26:50] [SERVER THREAD/INFO]: Closing server
