[23/10/2018] [05:43:15] [SERVER THREAD/INFO]: Loading properties
[23/10/2018] [05:43:15] [SERVER THREAD/INFO]: Properties loaded
[23/10/2018] [05:43:15] [SERVER THREAD/INFO]: Starting UDP server
[23/10/2018] [05:43:15] [SERVER THREAD/INFO]: UDP server has initialized at 127.0.0.1:4075
[23/10/2018] [05:43:15] [SERVER THREAD/INFO]: Starting TCP server
[23/10/2018] [05:43:16] [SERVER THREAD/INFO]: TCP server has initialized at 127.0.0.1:4076
[23/10/2018] [05:43:16] [SERVER THREAD/INFO]: Starting multicast receiver
[23/10/2018] [05:43:16] [SERVER THREAD/INFO]: Multicasting initialized at 230.0.0.1:5000
[23/10/2018] [05:43:34] [SERVER THREAD/INFO]: A driver was created at region id B
[23/10/2018] [05:43:44] [SERVER THREAD/INFO]: A driver was created at region id B
[23/10/2018] [05:43:45] [SERVER THREAD/INFO]: A driver was created at region id B
[23/10/2018] [05:44:31] [SERVER THREAD/INFO]: A driver was created at region id B
[23/10/2018] [05:44:32] [SERVER THREAD/INFO]: A driver was created at region id B
[23/10/2018] [05:44:32] [SERVER THREAD/INFO]: A driver was created at region id B
[23/10/2018] [05:44:33] [SERVER THREAD/INFO]: A driver was created at region id B
[23/10/2018] [05:44:33] [SERVER THREAD/INFO]: A driver was created at region id B
[23/10/2018] [05:44:34] [SERVER THREAD/INFO]: A driver was created at region id B
[23/10/2018] [05:44:35] [SERVER THREAD/INFO]: A driver was created at region id B
[23/10/2018] [05:44:35] [SERVER THREAD/INFO]: A driver was created at region id B
[23/10/2018] [05:44:42] [SERVER THREAD/INFO]: Closing server
