[23/10/2018] [05:23:05] [SERVER THREAD/INFO]: Loading properties
[23/10/2018] [05:23:05] [SERVER THREAD/INFO]: Properties loaded
[23/10/2018] [05:23:05] [SERVER THREAD/INFO]: Starting UDP server
[23/10/2018] [05:23:05] [SERVER THREAD/INFO]: UDP server has initialized at 127.0.0.1:4075
[23/10/2018] [05:23:05] [SERVER THREAD/INFO]: Starting TCP server
[23/10/2018] [05:23:05] [SERVER THREAD/INFO]: TCP server has initialized at 127.0.0.1:4076
[23/10/2018] [05:23:05] [SERVER THREAD/INFO]: Starting multicast receiver
[23/10/2018] [05:23:05] [SERVER THREAD/INFO]: Multicasting initialized at 230.0.0.1:5000
[23/10/2018] [05:23:14] [SERVER THREAD/INFO]: A driver was created at region id A
[23/10/2018] [05:23:15] [SERVER THREAD/INFO]: A driver was created at region id A
[23/10/2018] [05:23:16] [SERVER THREAD/INFO]: A driver was created at region id A
[23/10/2018] [05:23:17] [SERVER THREAD/INFO]: A driver was created at region id A
[23/10/2018] [05:23:18] [SERVER THREAD/INFO]: A driver was created at region id A
[23/10/2018] [05:23:19] [SERVER THREAD/INFO]: A driver was created at region id A
[23/10/2018] [05:23:20] [SERVER THREAD/INFO]: A driver was created at region id A
[23/10/2018] [05:23:21] [SERVER THREAD/INFO]: A driver was created at region id A
[23/10/2018] [05:23:22] [SERVER THREAD/INFO]: A driver was created at region id A
[23/10/2018] [05:23:23] [SERVER THREAD/INFO]: A driver was created at region id A
[23/10/2018] [05:23:24] [SERVER THREAD/INFO]: A driver was created at region id A
[23/10/2018] [05:23:25] [SERVER THREAD/INFO]: A driver was created at region id A
[23/10/2018] [05:23:26] [SERVER THREAD/INFO]: A driver was created at region id A
[23/10/2018] [05:23:27] [SERVER THREAD/INFO]: A driver was created at region id A
[23/10/2018] [05:23:28] [SERVER THREAD/INFO]: A driver was created at region id A
[23/10/2018] [05:23:29] [SERVER THREAD/INFO]: A driver was created at region id A
[23/10/2018] [05:23:30] [SERVER THREAD/INFO]: A driver was created at region id A
[23/10/2018] [05:23:31] [SERVER THREAD/INFO]: A driver was created at region id A
[23/10/2018] [05:23:32] [SERVER THREAD/INFO]: A driver was created at region id A
[23/10/2018] [05:23:33] [SERVER THREAD/INFO]: A driver was created at region id A
[23/10/2018] [05:23:34] [SERVER THREAD/INFO]: A driver was created at region id A
[23/10/2018] [05:23:35] [SERVER THREAD/INFO]: A driver was created at region id A
[23/10/2018] [05:23:36] [SERVER THREAD/INFO]: A driver was created at region id A
[23/10/2018] [05:23:37] [SERVER THREAD/INFO]: A driver was created at region id A
[23/10/2018] [05:23:38] [SERVER THREAD/INFO]: A driver was created at region id A
[23/10/2018] [05:23:39] [SERVER THREAD/INFO]: A driver was created at region id A
[23/10/2018] [05:23:40] [SERVER THREAD/INFO]: A driver was created at region id A
[23/10/2018] [05:23:41] [SERVER THREAD/INFO]: A driver was created at region id A
[23/10/2018] [05:23:42] [SERVER THREAD/INFO]: A driver was created at region id A
[23/10/2018] [05:23:43] [SERVER THREAD/INFO]: A driver was created at region id A
[23/10/2018] [05:23:44] [SERVER THREAD/INFO]: A driver was created at region id A
[23/10/2018] [05:23:45] [SERVER THREAD/INFO]: A driver was created at region id A
[23/10/2018] [05:23:46] [SERVER THREAD/INFO]: A driver was created at region id A
[23/10/2018] [05:23:47] [SERVER THREAD/INFO]: Closing server
