[23/10/2018] [06:24:23] [SERVER THREAD/INFO]: Loading properties
[23/10/2018] [06:24:23] [SERVER THREAD/INFO]: Properties loaded
[23/10/2018] [06:24:23] [SERVER THREAD/INFO]: Starting UDP server
[23/10/2018] [06:24:23] [SERVER THREAD/INFO]: UDP server has initialized at 127.0.0.1:4065
[23/10/2018] [06:24:23] [SERVER THREAD/INFO]: Starting TCP server
[23/10/2018] [06:24:23] [SERVER THREAD/INFO]: TCP server has initialized at 127.0.0.1:4066
[23/10/2018] [06:24:23] [SERVER THREAD/INFO]: Starting multicast receiver
[23/10/2018] [06:24:23] [SERVER THREAD/INFO]: Multicasting initialized at 230.0.0.1:5000
[23/10/2018] [06:24:41] [SERVER THREAD/INFO]: A driver was created at region id A
[23/10/2018] [06:25:18] [SERVER THREAD/INFO]: A driver was created at region id A
[23/10/2018] [06:25:19] [SERVER THREAD/INFO]: A driver was created at region id A
[23/10/2018] [06:25:20] [SERVER THREAD/INFO]: A driver was created at region id A
[23/10/2018] [06:25:21] [SERVER THREAD/INFO]: A driver was created at region id A
[23/10/2018] [06:25:22] [SERVER THREAD/INFO]: A driver was created at region id A
[23/10/2018] [06:25:23] [SERVER THREAD/INFO]: A driver was created at region id A
[23/10/2018] [06:25:24] [SERVER THREAD/INFO]: A driver was created at region id A
[23/10/2018] [06:25:25] [SERVER THREAD/INFO]: A driver was created at region id A
[23/10/2018] [06:25:26] [SERVER THREAD/INFO]: A driver was created at region id A
[23/10/2018] [06:25:27] [SERVER THREAD/INFO]: A driver was created at region id A
[23/10/2018] [06:25:28] [SERVER THREAD/INFO]: A driver was created at region id A
[23/10/2018] [06:25:29] [SERVER THREAD/INFO]: A driver was created at region id A
[23/10/2018] [06:25:30] [SERVER THREAD/INFO]: A driver was created at region id A
[23/10/2018] [06:25:31] [SERVER THREAD/INFO]: A driver was created at region id A
[23/10/2018] [06:25:32] [SERVER THREAD/INFO]: A driver was created at region id A
[23/10/2018] [06:25:33] [SERVER THREAD/INFO]: A driver was created at region id A
[23/10/2018] [06:25:34] [SERVER THREAD/INFO]: A driver was created at region id A
[23/10/2018] [06:25:35] [SERVER THREAD/INFO]: A driver was created at region id A
[23/10/2018] [06:25:36] [SERVER THREAD/INFO]: A driver was created at region id A
[23/10/2018] [06:25:37] [SERVER THREAD/INFO]: A driver was created at region id A
[23/10/2018] [06:25:38] [SERVER THREAD/INFO]: A driver was created at region id A
[23/10/2018] [06:25:39] [SERVER THREAD/INFO]: A driver was created at region id A
[23/10/2018] [06:25:40] [SERVER THREAD/INFO]: A driver was created at region id A
[23/10/2018] [06:25:41] [SERVER THREAD/INFO]: Closing server
