[23/10/2018] [05:25:19] [SERVER THREAD/INFO]: Loading properties
[23/10/2018] [05:25:19] [SERVER THREAD/INFO]: Properties loaded
[23/10/2018] [05:25:19] [SERVER THREAD/INFO]: Starting UDP server
[23/10/2018] [05:25:19] [SERVER THREAD/INFO]: UDP server has initialized at 127.0.0.1:4065
[23/10/2018] [05:25:19] [SERVER THREAD/INFO]: Starting TCP server
[23/10/2018] [05:25:19] [SERVER THREAD/INFO]: TCP server has initialized at 127.0.0.1:4066
[23/10/2018] [05:25:19] [SERVER THREAD/INFO]: Starting multicast receiver
[23/10/2018] [05:25:19] [SERVER THREAD/INFO]: Multicasting initialized at 230.0.0.1:5000
[23/10/2018] [05:25:25] [SERVER THREAD/INFO]: A driver was created at region id A
[23/10/2018] [05:27:00] [SERVER THREAD/INFO]: A driver was created at region id A
[23/10/2018] [05:27:01] [SERVER THREAD/INFO]: A driver was created at region id A
[23/10/2018] [05:27:02] [SERVER THREAD/INFO]: A driver was created at region id A
[23/10/2018] [05:27:03] [SERVER THREAD/INFO]: A driver was created at region id A
[23/10/2018] [05:27:04] [SERVER THREAD/INFO]: A driver was created at region id A
[23/10/2018] [05:27:09] [SERVER THREAD/INFO]: A driver was created at region id A
[23/10/2018] [05:27:10] [SERVER THREAD/INFO]: A driver was created at region id A
[23/10/2018] [05:27:40] [SERVER THREAD/INFO]: A driver was created at region id A
[23/10/2018] [05:27:42] [SERVER THREAD/INFO]: A driver was created at region id A
[23/10/2018] [05:27:44] [SERVER THREAD/INFO]: A driver was created at region id A
[23/10/2018] [05:27:45] [SERVER THREAD/INFO]: A driver was created at region id A
[23/10/2018] [05:27:46] [SERVER THREAD/INFO]: A driver was created at region id A
[23/10/2018] [05:27:52] [SERVER THREAD/INFO]: Closing server
