[25/10/2018] [00:05:56] [SERVER THREAD/INFO]: Loading properties
[25/10/2018] [00:05:56] [SERVER THREAD/INFO]: Properties loaded
[25/10/2018] [00:05:56] [SERVER THREAD/INFO]: Starting UDP server
[25/10/2018] [00:05:56] [SERVER THREAD/INFO]: UDP server has initialized at 127.0.0.1:4065
[25/10/2018] [00:05:56] [SERVER THREAD/INFO]: Starting TCP server
[25/10/2018] [00:05:56] [SERVER THREAD/INFO]: TCP server has initialized at 127.0.0.1:4066
[25/10/2018] [00:05:56] [SERVER THREAD/INFO]: Starting multicast receiver
[25/10/2018] [00:05:56] [SERVER THREAD/INFO]: Multicasting initialized at 230.0.0.1:5000
[25/10/2018] [00:06:06] [SERVER THREAD/INFO]: A driver was created at region id A
[25/10/2018] [00:06:07] [SERVER THREAD/INFO]: Sending a help message with multicast
[25/10/2018] [00:06:08] [SERVER THREAD/INFO]: Sending a help message with multicast
[25/10/2018] [00:06:09] [SERVER THREAD/INFO]: Sending a help message with multicast
[25/10/2018] [00:06:10] [SERVER THREAD/INFO]: Sending a help message with multicast
[25/10/2018] [00:06:11] [SERVER THREAD/INFO]: Sending a help message with multicast
[25/10/2018] [00:06:12] [SERVER THREAD/INFO]: Sending a help message with multicast
[25/10/2018] [00:06:13] [SERVER THREAD/INFO]: Sending a help message with multicast
[25/10/2018] [00:06:17] [SERVER THREAD/INFO]: Sending a help message with multicast
[25/10/2018] [00:06:22] [SERVER THREAD/INFO]: Sending a help message with multicast
[25/10/2018] [00:06:23] [SERVER THREAD/INFO]: Sending a help message with multicast
[25/10/2018] [00:06:25] [SERVER THREAD/INFO]: Closing server
