[23/10/2018] [06:47:01] [SERVER THREAD/INFO]: Loading properties
[23/10/2018] [06:47:01] [SERVER THREAD/INFO]: Properties loaded
[23/10/2018] [06:47:01] [SERVER THREAD/INFO]: Starting UDP server
[23/10/2018] [06:47:01] [SERVER THREAD/INFO]: UDP server has initialized at 127.0.0.1:4075
[23/10/2018] [06:47:01] [SERVER THREAD/INFO]: Starting TCP server
[23/10/2018] [06:47:01] [SERVER THREAD/INFO]: TCP server has initialized at 127.0.0.1:4076
[23/10/2018] [06:47:01] [SERVER THREAD/INFO]: Starting multicast receiver
[23/10/2018] [06:47:01] [SERVER THREAD/INFO]: Multicasting initialized at 230.0.0.1:5000
[23/10/2018] [06:47:33] [SERVER THREAD/INFO]: A driver was created at region id B
[23/10/2018] [06:47:37] [SERVER THREAD/INFO]: A driver was created at region id B
[23/10/2018] [06:47:38] [SERVER THREAD/INFO]: A driver was created at region id B
[23/10/2018] [06:47:39] [SERVER THREAD/INFO]: A driver was created at region id B
[23/10/2018] [06:47:40] [SERVER THREAD/INFO]: A driver was created at region id B
[23/10/2018] [06:47:41] [SERVER THREAD/INFO]: A driver was created at region id B
[23/10/2018] [06:47:42] [SERVER THREAD/INFO]: A driver was created at region id B
[23/10/2018] [06:47:43] [SERVER THREAD/INFO]: A driver was created at region id B
[23/10/2018] [06:47:44] [SERVER THREAD/INFO]: A driver was created at region id B
[23/10/2018] [06:47:45] [SERVER THREAD/INFO]: A driver was created at region id B
[23/10/2018] [06:47:46] [SERVER THREAD/INFO]: A driver was created at region id B
[23/10/2018] [06:47:47] [SERVER THREAD/INFO]: A driver was created at region id B
[23/10/2018] [06:49:09] [SERVER THREAD/INFO]: A driver was created at region id B
[23/10/2018] [06:49:10] [SERVER THREAD/INFO]: A driver was created at region id B
[23/10/2018] [06:49:11] [SERVER THREAD/INFO]: A driver was created at region id B
[23/10/2018] [06:49:12] [SERVER THREAD/INFO]: A driver was created at region id B
[23/10/2018] [06:49:13] [SERVER THREAD/INFO]: A driver was created at region id B
[23/10/2018] [06:49:14] [SERVER THREAD/INFO]: A driver was created at region id B
[23/10/2018] [06:49:14] [SERVER THREAD/INFO]: A driver was created at region id B
[23/10/2018] [06:49:15] [SERVER THREAD/INFO]: A driver was created at region id B
[23/10/2018] [06:49:15] [SERVER THREAD/INFO]: A driver was created at region id B
[23/10/2018] [06:49:16] [SERVER THREAD/INFO]: A driver was created at region id B
[23/10/2018] [06:49:16] [SERVER THREAD/INFO]: A driver was created at region id B
[23/10/2018] [06:49:17] [SERVER THREAD/INFO]: A driver was created at region id B
[23/10/2018] [06:49:17] [SERVER THREAD/INFO]: A driver was created at region id B
[23/10/2018] [06:49:18] [SERVER THREAD/INFO]: A driver was created at region id B
[23/10/2018] [06:49:18] [SERVER THREAD/INFO]: A driver was created at region id B
[23/10/2018] [06:49:19] [SERVER THREAD/INFO]: A driver was created at region id B
[23/10/2018] [06:49:19] [SERVER THREAD/INFO]: A driver was created at region id B
[23/10/2018] [06:49:20] [SERVER THREAD/INFO]: A driver was created at region id B
[23/10/2018] [06:49:20] [SERVER THREAD/INFO]: A driver was created at region id B
[23/10/2018] [06:49:21] [SERVER THREAD/INFO]: A driver was created at region id B
[23/10/2018] [06:49:21] [SERVER THREAD/INFO]: A driver was created at region id B
[23/10/2018] [06:49:22] [SERVER THREAD/INFO]: A driver was created at region id B
[23/10/2018] [06:49:22] [SERVER THREAD/INFO]: A driver was created at region id B
[23/10/2018] [06:49:23] [SERVER THREAD/INFO]: A driver was created at region id B
[23/10/2018] [06:49:24] [SERVER THREAD/INFO]: A driver was created at region id B
[23/10/2018] [06:49:25] [SERVER THREAD/INFO]: A driver was created at region id B
[23/10/2018] [06:49:25] [SERVER THREAD/INFO]: A driver was created at region id B
[23/10/2018] [06:49:26] [SERVER THREAD/INFO]: A driver was created at region id B
[23/10/2018] [06:49:27] [SERVER THREAD/INFO]: A driver was created at region id B
[23/10/2018] [06:49:27] [SERVER THREAD/INFO]: A driver was created at region id B
[23/10/2018] [06:49:28] [SERVER THREAD/INFO]: A driver was created at region id B
[23/10/2018] [06:49:28] [SERVER THREAD/INFO]: A driver was created at region id B
[23/10/2018] [06:49:29] [SERVER THREAD/INFO]: A driver was created at region id B
[23/10/2018] [06:49:29] [SERVER THREAD/INFO]: A driver was created at region id B
[23/10/2018] [06:49:30] [SERVER THREAD/INFO]: A driver was created at region id B
[23/10/2018] [06:49:30] [SERVER THREAD/INFO]: A driver was created at region id B
[23/10/2018] [06:49:31] [SERVER THREAD/INFO]: A driver was created at region id B
[23/10/2018] [06:49:31] [SERVER THREAD/INFO]: A driver was created at region id B
[23/10/2018] [06:49:32] [SERVER THREAD/INFO]: A driver was created at region id B
[23/10/2018] [06:49:32] [SERVER THREAD/INFO]: A driver was created at region id B
[23/10/2018] [06:49:33] [SERVER THREAD/INFO]: A driver was created at region id B
[23/10/2018] [06:49:33] [SERVER THREAD/INFO]: A driver was created at region id B
[23/10/2018] [06:49:34] [SERVER THREAD/INFO]: A driver was created at region id B
[23/10/2018] [06:49:34] [SERVER THREAD/INFO]: A driver was created at region id B
[23/10/2018] [06:49:35] [SERVER THREAD/INFO]: A driver was created at region id B
[23/10/2018] [06:49:35] [SERVER THREAD/INFO]: A driver was created at region id B
[23/10/2018] [06:49:36] [SERVER THREAD/INFO]: A driver was created at region id B
[23/10/2018] [06:49:36] [SERVER THREAD/INFO]: A driver was created at region id B
[23/10/2018] [06:49:37] [SERVER THREAD/INFO]: A driver was created at region id B
[23/10/2018] [06:49:37] [SERVER THREAD/INFO]: A driver was created at region id B
[23/10/2018] [06:49:38] [SERVER THREAD/INFO]: A driver was created at region id B
[23/10/2018] [06:49:38] [SERVER THREAD/INFO]: A driver was created at region id B
[23/10/2018] [06:49:39] [SERVER THREAD/INFO]: A driver was created at region id B
[23/10/2018] [06:49:39] [SERVER THREAD/INFO]: A driver was created at region id B
[23/10/2018] [06:49:40] [SERVER THREAD/INFO]: A driver was created at region id B
[23/10/2018] [06:49:40] [SERVER THREAD/INFO]: A driver was created at region id B
[23/10/2018] [06:49:41] [SERVER THREAD/INFO]: A driver was created at region id B
[23/10/2018] [06:49:41] [SERVER THREAD/INFO]: A driver was created at region id B
[23/10/2018] [06:49:42] [SERVER THREAD/INFO]: A driver was created at region id B
[23/10/2018] [06:49:43] [SERVER THREAD/INFO]: A driver was created at region id B
[23/10/2018] [06:49:44] [SERVER THREAD/INFO]: A driver was created at region id B
[23/10/2018] [06:49:44] [SERVER THREAD/INFO]: A driver was created at region id B
[23/10/2018] [06:49:45] [SERVER THREAD/INFO]: A driver was created at region id B
[23/10/2018] [06:49:45] [SERVER THREAD/INFO]: A driver was created at region id B
[23/10/2018] [06:49:46] [SERVER THREAD/INFO]: A driver was created at region id B
[23/10/2018] [06:49:46] [SERVER THREAD/INFO]: A driver was created at region id B
[23/10/2018] [06:49:47] [SERVER THREAD/INFO]: A driver was created at region id B
[23/10/2018] [06:49:47] [SERVER THREAD/INFO]: A driver was created at region id B
[23/10/2018] [06:49:48] [SERVER THREAD/INFO]: A driver was created at region id B
[23/10/2018] [06:49:48] [SERVER THREAD/INFO]: A driver was created at region id B
[23/10/2018] [06:49:49] [SERVER THREAD/INFO]: A driver was created at region id B
[23/10/2018] [06:49:50] [SERVER THREAD/INFO]: A driver was created at region id B
[23/10/2018] [06:49:51] [SERVER THREAD/INFO]: A driver was created at region id B
[23/10/2018] [06:49:52] [SERVER THREAD/INFO]: A driver was created at region id B
[23/10/2018] [06:49:53] [SERVER THREAD/INFO]: A driver was created at region id B
[23/10/2018] [06:49:54] [SERVER THREAD/INFO]: A driver was created at region id B
[23/10/2018] [06:49:55] [SERVER THREAD/INFO]: A driver was created at region id B
[23/10/2018] [06:49:56] [SERVER THREAD/INFO]: A driver was created at region id B
[23/10/2018] [06:49:56] [SERVER THREAD/INFO]: A driver was created at region id B
[23/10/2018] [06:49:57] [SERVER THREAD/INFO]: A driver was created at region id B
[23/10/2018] [06:49:57] [SERVER THREAD/INFO]: A driver was created at region id B
[23/10/2018] [06:49:58] [SERVER THREAD/INFO]: A driver was created at region id B
[23/10/2018] [06:49:58] [SERVER THREAD/INFO]: A driver was created at region id B
[23/10/2018] [06:49:59] [SERVER THREAD/INFO]: A driver was created at region id B
[23/10/2018] [06:49:59] [SERVER THREAD/INFO]: A driver was created at region id B
[23/10/2018] [06:50:00] [SERVER THREAD/INFO]: A driver was created at region id B
[23/10/2018] [06:50:00] [SERVER THREAD/INFO]: A driver was created at region id B
[23/10/2018] [06:50:01] [SERVER THREAD/INFO]: A driver was created at region id B
[23/10/2018] [06:50:02] [SERVER THREAD/INFO]: A driver was created at region id B
[23/10/2018] [06:50:03] [SERVER THREAD/INFO]: A driver was created at region id B
[23/10/2018] [06:50:03] [SERVER THREAD/INFO]: A driver was created at region id B
[23/10/2018] [06:50:04] [SERVER THREAD/INFO]: A driver was created at region id B
[23/10/2018] [06:50:04] [SERVER THREAD/INFO]: A driver was created at region id B
[23/10/2018] [06:50:05] [SERVER THREAD/INFO]: A driver was created at region id B
[23/10/2018] [06:50:05] [SERVER THREAD/INFO]: A driver was created at region id B
[23/10/2018] [06:50:06] [SERVER THREAD/INFO]: A driver was created at region id B
[23/10/2018] [06:50:06] [SERVER THREAD/INFO]: A driver was created at region id B
[23/10/2018] [06:50:07] [SERVER THREAD/INFO]: A driver was created at region id B
[23/10/2018] [06:50:07] [SERVER THREAD/INFO]: A driver was created at region id B
[23/10/2018] [06:50:08] [SERVER THREAD/INFO]: A driver was created at region id B
[23/10/2018] [06:50:08] [SERVER THREAD/INFO]: A driver was created at region id B
[23/10/2018] [06:50:09] [SERVER THREAD/INFO]: A driver was created at region id B
[23/10/2018] [06:50:09] [SERVER THREAD/INFO]: A driver was created at region id B
[23/10/2018] [06:50:10] [SERVER THREAD/INFO]: A driver was created at region id B
[23/10/2018] [06:50:10] [SERVER THREAD/INFO]: A driver was created at region id B
[23/10/2018] [06:50:11] [SERVER THREAD/INFO]: A driver was created at region id B
[23/10/2018] [06:50:11] [SERVER THREAD/INFO]: A driver was created at region id B
[23/10/2018] [06:50:12] [SERVER THREAD/INFO]: A driver was created at region id B
[23/10/2018] [06:50:12] [SERVER THREAD/INFO]: A driver was created at region id B
[23/10/2018] [06:50:13] [SERVER THREAD/INFO]: A driver was created at region id B
[23/10/2018] [06:50:13] [SERVER THREAD/INFO]: A driver was created at region id B
[23/10/2018] [06:50:14] [SERVER THREAD/INFO]: A driver was created at region id B
[23/10/2018] [06:50:14] [SERVER THREAD/INFO]: A driver was created at region id B
[23/10/2018] [06:50:15] [SERVER THREAD/INFO]: A driver was created at region id B
[23/10/2018] [06:50:15] [SERVER THREAD/INFO]: A driver was created at region id B
[23/10/2018] [06:50:16] [SERVER THREAD/INFO]: A driver was created at region id B
[23/10/2018] [06:50:16] [SERVER THREAD/INFO]: A driver was created at region id B
[23/10/2018] [06:50:17] [SERVER THREAD/INFO]: A driver was created at region id B
[23/10/2018] [06:50:17] [SERVER THREAD/INFO]: A driver was created at region id B
[23/10/2018] [06:50:18] [SERVER THREAD/INFO]: A driver was created at region id B
[23/10/2018] [06:50:18] [SERVER THREAD/INFO]: A driver was created at region id B
[23/10/2018] [06:50:19] [SERVER THREAD/INFO]: A driver was created at region id B
[23/10/2018] [06:50:19] [SERVER THREAD/INFO]: A driver was created at region id B
[23/10/2018] [06:50:20] [SERVER THREAD/INFO]: A driver was created at region id B
[23/10/2018] [06:50:20] [SERVER THREAD/INFO]: A driver was created at region id B
[23/10/2018] [06:50:21] [SERVER THREAD/INFO]: A driver was created at region id B
[23/10/2018] [06:50:21] [SERVER THREAD/INFO]: A driver was created at region id B
[23/10/2018] [06:50:22] [SERVER THREAD/INFO]: A driver was created at region id B
[23/10/2018] [06:50:22] [SERVER THREAD/INFO]: A driver was created at region id B
[23/10/2018] [06:50:23] [SERVER THREAD/INFO]: A driver was created at region id B
[23/10/2018] [06:50:23] [SERVER THREAD/INFO]: A driver was created at region id B
[23/10/2018] [06:50:24] [SERVER THREAD/INFO]: A driver was created at region id B
[23/10/2018] [06:50:24] [SERVER THREAD/INFO]: A driver was created at region id B
[23/10/2018] [06:50:25] [SERVER THREAD/INFO]: A driver was created at region id B
[23/10/2018] [06:50:25] [SERVER THREAD/INFO]: A driver was created at region id B
[23/10/2018] [06:50:26] [SERVER THREAD/INFO]: A driver was created at region id B
[23/10/2018] [06:50:26] [SERVER THREAD/INFO]: A driver was created at region id B
[23/10/2018] [06:50:27] [SERVER THREAD/INFO]: A driver was created at region id B
[23/10/2018] [06:50:27] [SERVER THREAD/INFO]: A driver was created at region id B
[23/10/2018] [06:50:28] [SERVER THREAD/INFO]: A driver was created at region id B
[23/10/2018] [06:50:28] [SERVER THREAD/INFO]: A driver was created at region id B
[23/10/2018] [06:50:29] [SERVER THREAD/INFO]: A driver was created at region id B
[23/10/2018] [06:50:29] [SERVER THREAD/INFO]: A driver was created at region id B
[23/10/2018] [06:50:30] [SERVER THREAD/INFO]: A driver was created at region id B
[23/10/2018] [06:50:30] [SERVER THREAD/INFO]: A driver was created at region id B
[23/10/2018] [06:50:31] [SERVER THREAD/INFO]: A driver was created at region id B
[23/10/2018] [06:50:31] [SERVER THREAD/INFO]: A driver was created at region id B
[23/10/2018] [06:50:32] [SERVER THREAD/INFO]: A driver was created at region id B
[23/10/2018] [06:50:32] [SERVER THREAD/INFO]: A driver was created at region id B
[23/10/2018] [06:50:33] [SERVER THREAD/INFO]: A driver was created at region id B
[23/10/2018] [06:50:33] [SERVER THREAD/INFO]: A driver was created at region id B
[23/10/2018] [06:50:58] [SERVER THREAD/INFO]: Closing server
