[23/10/2018] [03:01:49] [SERVER THREAD/INFO]: Loading properties
[23/10/2018] [03:01:49] [SERVER THREAD/INFO]: Properties loaded
[23/10/2018] [03:01:49] [SERVER THREAD/INFO]: Starting UDP server
[23/10/2018] [03:01:49] [SERVER THREAD/INFO]: UDP server has initialized at 127.0.0.1:4067
[23/10/2018] [03:01:49] [SERVER THREAD/INFO]: Starting TCP server
[23/10/2018] [03:01:49] [SERVER THREAD/INFO]: TCP server has initialized at 127.0.0.1:4068
[23/10/2018] [03:01:49] [SERVER THREAD/INFO]: Starting multicast receiver
[23/10/2018] [03:01:49] [SERVER THREAD/INFO]: Multicasting initialized at 230.0.0.1:5000
[23/10/2018] [03:01:59] [SERVER THREAD/INFO]: A driver was created at region id 1
[23/10/2018] [03:02:27] [SERVER THREAD/INFO]: A driver was created at region id 1
[23/10/2018] [03:02:28] [SERVER THREAD/INFO]: A driver was created at region id 1
[23/10/2018] [03:02:29] [SERVER THREAD/INFO]: A driver was created at region id 1
[23/10/2018] [03:02:30] [SERVER THREAD/INFO]: A driver was created at region id 1
[23/10/2018] [03:02:31] [SERVER THREAD/INFO]: A driver was created at region id 1
[23/10/2018] [03:02:32] [SERVER THREAD/INFO]: A driver was created at region id 1
[23/10/2018] [03:02:33] [SERVER THREAD/INFO]: A driver was created at region id 1
[23/10/2018] [03:02:34] [SERVER THREAD/INFO]: A driver was created at region id 1
[23/10/2018] [03:02:35] [SERVER THREAD/INFO]: A driver was created at region id 1
[23/10/2018] [03:02:36] [SERVER THREAD/INFO]: A driver was created at region id 1
[23/10/2018] [03:02:37] [SERVER THREAD/INFO]: A driver was created at region id 1
[23/10/2018] [03:02:38] [SERVER THREAD/INFO]: A driver was created at region id 1
[23/10/2018] [03:02:39] [SERVER THREAD/INFO]: A driver was created at region id 1
[23/10/2018] [03:02:40] [SERVER THREAD/INFO]: A driver was created at region id 1
[23/10/2018] [03:02:41] [SERVER THREAD/INFO]: A driver was created at region id 1
[23/10/2018] [03:02:42] [SERVER THREAD/INFO]: A driver was created at region id 1
[23/10/2018] [03:02:43] [SERVER THREAD/INFO]: A driver was created at region id 1
[23/10/2018] [03:02:44] [SERVER THREAD/INFO]: A driver was created at region id 1
[23/10/2018] [03:02:45] [SERVER THREAD/INFO]: A driver was created at region id 1
[23/10/2018] [03:02:46] [SERVER THREAD/INFO]: A driver was created at region id 1
[23/10/2018] [03:02:47] [SERVER THREAD/INFO]: A driver was created at region id 1
[23/10/2018] [03:02:48] [SERVER THREAD/INFO]: A driver was created at region id 1
[23/10/2018] [03:02:49] [SERVER THREAD/INFO]: Closing server
