[23/10/2018] [03:58:37] [SERVER THREAD/INFO]: Loading properties
[23/10/2018] [03:58:37] [SERVER THREAD/INFO]: Properties loaded
[23/10/2018] [03:58:37] [SERVER THREAD/INFO]: Starting UDP server
[23/10/2018] [03:58:37] [SERVER THREAD/INFO]: UDP server has initialized at 127.0.0.1:4075
[23/10/2018] [03:58:37] [SERVER THREAD/INFO]: Starting TCP server
[23/10/2018] [03:58:37] [SERVER THREAD/INFO]: TCP server has initialized at 127.0.0.1:4076
[23/10/2018] [03:58:37] [SERVER THREAD/INFO]: Starting multicast receiver
[23/10/2018] [03:58:37] [SERVER THREAD/INFO]: Multicasting initialized at 230.0.0.1:5000
[23/10/2018] [03:58:46] [SERVER THREAD/INFO]: A driver was created at region id 1
[23/10/2018] [03:58:47] [SERVER THREAD/INFO]: A driver was created at region id 1
[23/10/2018] [03:58:48] [SERVER THREAD/INFO]: A driver was created at region id 1
[23/10/2018] [03:58:49] [SERVER THREAD/INFO]: A driver was created at region id 1
[23/10/2018] [03:58:50] [SERVER THREAD/INFO]: A driver was created at region id 1
[23/10/2018] [03:58:51] [SERVER THREAD/INFO]: A driver was created at region id 1
[23/10/2018] [03:58:52] [SERVER THREAD/INFO]: A driver was created at region id 1
[23/10/2018] [03:58:53] [SERVER THREAD/INFO]: A driver was created at region id 1
[23/10/2018] [03:58:54] [SERVER THREAD/INFO]: A driver was created at region id 1
[23/10/2018] [03:58:55] [SERVER THREAD/INFO]: A driver was created at region id 1
[23/10/2018] [03:58:56] [SERVER THREAD/INFO]: A driver was created at region id 1
[23/10/2018] [03:59:45] [SERVER THREAD/INFO]: A driver was created at region id 1
[23/10/2018] [03:59:46] [SERVER THREAD/INFO]: A driver was created at region id 1
[23/10/2018] [03:59:47] [SERVER THREAD/INFO]: A driver was created at region id 1
[23/10/2018] [03:59:48] [SERVER THREAD/INFO]: A driver was created at region id 1
[23/10/2018] [03:59:49] [SERVER THREAD/INFO]: A driver was created at region id 1
[23/10/2018] [03:59:50] [SERVER THREAD/INFO]: A driver was created at region id 1
[23/10/2018] [03:59:51] [SERVER THREAD/INFO]: A driver was created at region id 1
[23/10/2018] [03:59:52] [SERVER THREAD/INFO]: A driver was created at region id 1
[23/10/2018] [03:59:58] [SERVER THREAD/INFO]: A driver was created at region id 1b
[23/10/2018] [04:01:41] [SERVER THREAD/INFO]: A driver was created at region id 1b
[23/10/2018] [04:01:42] [SERVER THREAD/INFO]: A driver was created at region id 1b
[23/10/2018] [04:01:43] [SERVER THREAD/INFO]: A driver was created at region id 1b
[23/10/2018] [04:01:44] [SERVER THREAD/INFO]: A driver was created at region id 1b
[23/10/2018] [04:01:45] [SERVER THREAD/INFO]: A driver was created at region id 1b
[23/10/2018] [04:01:46] [SERVER THREAD/INFO]: A driver was created at region id 1b
[23/10/2018] [04:01:50] [SERVER THREAD/INFO]: A driver was created at region id 1b
[23/10/2018] [04:01:51] [SERVER THREAD/INFO]: A driver was created at region id 1b
[23/10/2018] [04:01:52] [SERVER THREAD/INFO]: A driver was created at region id 1b
[23/10/2018] [04:01:53] [SERVER THREAD/INFO]: A driver was created at region id 1b
[23/10/2018] [04:01:54] [SERVER THREAD/INFO]: A driver was created at region id 1b
[23/10/2018] [04:02:10] [SERVER THREAD/INFO]: A driver was created at region id 1b
[23/10/2018] [04:02:11] [SERVER THREAD/INFO]: A driver was created at region id 1b
[23/10/2018] [04:04:39] [SERVER THREAD/INFO]: A driver was created at region id 1b
[23/10/2018] [04:04:40] [SERVER THREAD/INFO]: A driver was created at region id 1b
[23/10/2018] [04:04:41] [SERVER THREAD/INFO]: A driver was created at region id 1b
[23/10/2018] [04:04:42] [SERVER THREAD/INFO]: A driver was created at region id 1b
[23/10/2018] [04:04:43] [SERVER THREAD/INFO]: A driver was created at region id 1b
[23/10/2018] [04:04:44] [SERVER THREAD/INFO]: A driver was created at region id 1b
[23/10/2018] [04:04:45] [SERVER THREAD/INFO]: A driver was created at region id 1b
[23/10/2018] [04:05:17] [SERVER THREAD/INFO]: Closing server
