[25/10/2018] [00:04:19] [SERVER THREAD/INFO]: Loading properties
[25/10/2018] [00:04:19] [SERVER THREAD/INFO]: Properties loaded
[25/10/2018] [00:04:19] [SERVER THREAD/INFO]: Starting UDP server
[25/10/2018] [00:04:19] [SERVER THREAD/INFO]: UDP server has initialized at 127.0.0.1:4065
[25/10/2018] [00:04:19] [SERVER THREAD/INFO]: Starting TCP server
[25/10/2018] [00:04:19] [SERVER THREAD/INFO]: TCP server has initialized at 127.0.0.1:4066
[25/10/2018] [00:04:19] [SERVER THREAD/INFO]: Starting multicast receiver
[25/10/2018] [00:04:19] [SERVER THREAD/INFO]: Multicasting initialized at 230.0.0.1:5000
[25/10/2018] [00:04:28] [SERVER THREAD/INFO]: A driver was created at region id A
[25/10/2018] [00:04:33] [SERVER THREAD/INFO]: Sending a help message with multicast
[25/10/2018] [00:04:34] [SERVER THREAD/INFO]: Sending a help message with multicast
[25/10/2018] [00:04:35] [SERVER THREAD/INFO]: Sending a help message with multicast
[25/10/2018] [00:04:36] [SERVER THREAD/INFO]: Sending a help message with multicast
[25/10/2018] [00:04:37] [SERVER THREAD/INFO]: Sending a help message with multicast
[25/10/2018] [00:04:38] [SERVER THREAD/INFO]: Sending a help message with multicast
[25/10/2018] [00:04:39] [SERVER THREAD/INFO]: Sending a help message with multicast
[25/10/2018] [00:04:40] [SERVER THREAD/INFO]: Sending a help message with multicast
[25/10/2018] [00:04:41] [SERVER THREAD/INFO]: Sending a help message with multicast
[25/10/2018] [00:04:42] [SERVER THREAD/INFO]: Sending a help message with multicast
[25/10/2018] [00:04:43] [SERVER THREAD/INFO]: Sending a help message with multicast
[25/10/2018] [00:04:47] [SERVER THREAD/INFO]: Sending a help message with multicast
[25/10/2018] [00:04:52] [SERVER THREAD/INFO]: Sending a help message with multicast
[25/10/2018] [00:05:03] [SERVER THREAD/INFO]: Sending a help message with multicast
[25/10/2018] [00:05:05] [SERVER THREAD/INFO]: Sending a help message with multicast
[25/10/2018] [00:05:05] [SERVER THREAD/INFO]: Sending a help message with multicast
[25/10/2018] [00:05:07] [SERVER THREAD/INFO]: Sending a help message with multicast
[25/10/2018] [00:05:10] [SERVER THREAD/INFO]: Sending a help message with multicast
[25/10/2018] [00:05:28] [SERVER THREAD/INFO]: Sending a help message with multicast
[25/10/2018] [00:05:32] [SERVER THREAD/INFO]: Closing server
