[23/10/2018] [03:51:01] [SERVER THREAD/INFO]: Loading properties
[23/10/2018] [03:51:01] [SERVER THREAD/INFO]: Properties loaded
[23/10/2018] [03:51:01] [SERVER THREAD/INFO]: Starting UDP server
[23/10/2018] [03:51:02] [SERVER THREAD/INFO]: UDP server has initialized at 127.0.0.1:4075
[23/10/2018] [03:51:02] [SERVER THREAD/INFO]: Starting TCP server
[23/10/2018] [03:51:02] [SERVER THREAD/INFO]: TCP server has initialized at 127.0.0.1:4076
[23/10/2018] [03:51:02] [SERVER THREAD/INFO]: Starting multicast receiver
[23/10/2018] [03:51:02] [SERVER THREAD/INFO]: Multicasting initialized at 230.0.0.1:5000
[23/10/2018] [03:51:27] [SERVER THREAD/INFO]: A driver was created at region id 1
[23/10/2018] [03:51:41] [SERVER THREAD/INFO]: A driver was created at region id 1
[23/10/2018] [03:51:44] [SERVER THREAD/INFO]: A driver was created at region id 1
[23/10/2018] [03:51:45] [SERVER THREAD/INFO]: A driver was created at region id 1
[23/10/2018] [03:51:49] [SERVER THREAD/INFO]: A driver was created at region id 1
[23/10/2018] [03:51:51] [SERVER THREAD/INFO]: A driver was created at region id 1b
[23/10/2018] [03:51:54] [SERVER THREAD/INFO]: A driver was created at region id 1b
[23/10/2018] [03:51:55] [SERVER THREAD/INFO]: A driver was created at region id 1b
[23/10/2018] [03:51:56] [SERVER THREAD/INFO]: A driver was created at region id 1b
[23/10/2018] [03:51:57] [SERVER THREAD/INFO]: A driver was created at region id 1b
[23/10/2018] [03:51:58] [SERVER THREAD/INFO]: A driver was created at region id 1b
[23/10/2018] [03:52:49] [SERVER THREAD/INFO]: Closing server
