[23/10/2018] [03:17:31] [SERVER THREAD/INFO]: Loading properties
[23/10/2018] [03:17:31] [SERVER THREAD/INFO]: Properties loaded
[23/10/2018] [03:17:31] [SERVER THREAD/INFO]: Starting UDP server
[23/10/2018] [03:17:31] [SERVER THREAD/INFO]: UDP server has initialized at 127.0.0.1:4065
[23/10/2018] [03:17:31] [SERVER THREAD/INFO]: Starting TCP server
[23/10/2018] [03:17:31] [SERVER THREAD/INFO]: TCP server has initialized at 127.0.0.1:4066
[23/10/2018] [03:17:31] [SERVER THREAD/INFO]: Starting multicast receiver
[23/10/2018] [03:17:31] [SERVER THREAD/INFO]: Multicasting initialized at 230.0.0.1:5000
[23/10/2018] [03:17:35] [SERVER THREAD/INFO]: A driver was created at region id 1
[23/10/2018] [03:18:06] [SERVER THREAD/INFO]: A driver was created at region id 1
[23/10/2018] [03:18:07] [SERVER THREAD/INFO]: A driver was created at region id 1
[23/10/2018] [03:18:08] [SERVER THREAD/INFO]: A driver was created at region id 1
[23/10/2018] [03:18:09] [SERVER THREAD/INFO]: A driver was created at region id 1
[23/10/2018] [03:18:10] [SERVER THREAD/INFO]: A driver was created at region id 1
[23/10/2018] [03:18:11] [SERVER THREAD/INFO]: A driver was created at region id 1
[23/10/2018] [03:18:20] [SERVER THREAD/INFO]: A driver was created at region id 1
[23/10/2018] [03:18:21] [SERVER THREAD/INFO]: A driver was created at region id 1
[23/10/2018] [03:18:25] [SERVER THREAD/INFO]: A driver was created at region id 1B
[23/10/2018] [03:18:42] [SERVER THREAD/INFO]: A driver was created at region id 1B
[23/10/2018] [03:18:43] [SERVER THREAD/INFO]: A driver was created at region id 1B
[23/10/2018] [03:18:44] [SERVER THREAD/INFO]: A driver was created at region id 1B
[23/10/2018] [03:18:45] [SERVER THREAD/INFO]: A driver was created at region id 1B
[23/10/2018] [03:18:46] [SERVER THREAD/INFO]: A driver was created at region id 1B
[23/10/2018] [03:18:47] [SERVER THREAD/INFO]: A driver was created at region id 1B
[23/10/2018] [03:18:48] [SERVER THREAD/INFO]: A driver was created at region id 1B
[23/10/2018] [03:19:01] [SERVER THREAD/INFO]: A driver was created at region id 1B
[23/10/2018] [03:19:02] [SERVER THREAD/INFO]: A driver was created at region id 1B
[23/10/2018] [03:19:03] [SERVER THREAD/INFO]: A driver was created at region id 1B
[23/10/2018] [03:19:04] [SERVER THREAD/INFO]: A driver was created at region id 1B
[23/10/2018] [03:19:05] [SERVER THREAD/INFO]: A driver was created at region id 1B
[23/10/2018] [03:19:48] [SERVER THREAD/INFO]: A driver was created at region id 1B
[23/10/2018] [03:19:49] [SERVER THREAD/INFO]: A driver was created at region id 1B
[23/10/2018] [03:19:50] [SERVER THREAD/INFO]: A driver was created at region id 1B
[23/10/2018] [03:19:54] [SERVER THREAD/INFO]: A driver was created at region id 1B
[23/10/2018] [03:19:55] [SERVER THREAD/INFO]: A driver was created at region id 1B
[23/10/2018] [03:19:56] [SERVER THREAD/INFO]: A driver was created at region id 1B
[23/10/2018] [03:19:57] [SERVER THREAD/INFO]: A driver was created at region id 1B
[23/10/2018] [03:19:58] [SERVER THREAD/INFO]: A driver was created at region id 1B
[23/10/2018] [03:19:59] [SERVER THREAD/INFO]: A driver was created at region id 1B
[23/10/2018] [03:20:00] [SERVER THREAD/INFO]: A driver was created at region id 1B
[23/10/2018] [03:20:14] [SERVER THREAD/INFO]: Closing server
