[23/10/2018] [03:07:09] [SERVER THREAD/INFO]: Loading properties
[23/10/2018] [03:07:09] [SERVER THREAD/INFO]: Properties loaded
[23/10/2018] [03:07:09] [SERVER THREAD/INFO]: Starting UDP server
[23/10/2018] [03:07:09] [SERVER THREAD/INFO]: UDP server has initialized at 127.0.0.1:4065
[23/10/2018] [03:07:09] [SERVER THREAD/INFO]: Starting TCP server
[23/10/2018] [03:07:09] [SERVER THREAD/INFO]: TCP server has initialized at 127.0.0.1:4066
[23/10/2018] [03:07:09] [SERVER THREAD/INFO]: Starting multicast receiver
[23/10/2018] [03:07:09] [SERVER THREAD/INFO]: Multicasting initialized at 230.0.0.1:5000
[23/10/2018] [03:07:22] [SERVER THREAD/INFO]: A driver was created at region id 1
[23/10/2018] [03:07:30] [SERVER THREAD/INFO]: A driver was created at region id 1
[23/10/2018] [03:07:31] [SERVER THREAD/INFO]: A driver was created at region id 1
[23/10/2018] [03:07:32] [SERVER THREAD/INFO]: A driver was created at region id 1
[23/10/2018] [03:07:33] [SERVER THREAD/INFO]: A driver was created at region id 1
[23/10/2018] [03:07:34] [SERVER THREAD/INFO]: A driver was created at region id 1
[23/10/2018] [03:07:35] [SERVER THREAD/INFO]: A driver was created at region id 1
[23/10/2018] [03:07:36] [SERVER THREAD/INFO]: A driver was created at region id 1
[23/10/2018] [03:07:37] [SERVER THREAD/INFO]: A driver was created at region id 1
[23/10/2018] [03:07:38] [SERVER THREAD/INFO]: A driver was created at region id 1
[23/10/2018] [03:07:39] [SERVER THREAD/INFO]: A driver was created at region id 1
[23/10/2018] [03:07:40] [SERVER THREAD/INFO]: A driver was created at region id 1
[23/10/2018] [03:07:41] [SERVER THREAD/INFO]: A driver was created at region id 1
[23/10/2018] [03:07:42] [SERVER THREAD/INFO]: A driver was created at region id 1
[23/10/2018] [03:07:43] [SERVER THREAD/INFO]: A driver was created at region id 1
[23/10/2018] [03:07:44] [SERVER THREAD/INFO]: A driver was created at region id 1
[23/10/2018] [03:07:45] [SERVER THREAD/INFO]: A driver was created at region id 1
[23/10/2018] [03:07:46] [SERVER THREAD/INFO]: A driver was created at region id 1
[23/10/2018] [03:07:47] [SERVER THREAD/INFO]: A driver was created at region id 1
[23/10/2018] [03:07:48] [SERVER THREAD/INFO]: A driver was created at region id 1
[23/10/2018] [03:07:49] [SERVER THREAD/INFO]: A driver was created at region id 1
[23/10/2018] [03:07:50] [SERVER THREAD/INFO]: A driver was created at region id 1
[23/10/2018] [03:07:51] [SERVER THREAD/INFO]: A driver was created at region id 1
[23/10/2018] [03:07:52] [SERVER THREAD/INFO]: A driver was created at region id 1
[23/10/2018] [03:07:53] [SERVER THREAD/INFO]: A driver was created at region id 1
[23/10/2018] [03:07:54] [SERVER THREAD/INFO]: A driver was created at region id 1
[23/10/2018] [03:07:55] [SERVER THREAD/INFO]: A driver was created at region id 1
[23/10/2018] [03:07:56] [SERVER THREAD/INFO]: A driver was created at region id 1
[23/10/2018] [03:07:57] [SERVER THREAD/INFO]: A driver was created at region id 1
[23/10/2018] [03:07:58] [SERVER THREAD/INFO]: A driver was created at region id 1
[23/10/2018] [03:07:59] [SERVER THREAD/INFO]: A driver was created at region id 1
[23/10/2018] [03:08:00] [SERVER THREAD/INFO]: A driver was created at region id 1
[23/10/2018] [03:08:01] [SERVER THREAD/INFO]: A driver was created at region id 1
[23/10/2018] [03:08:02] [SERVER THREAD/INFO]: A driver was created at region id 1
[23/10/2018] [03:08:03] [SERVER THREAD/INFO]: A driver was created at region id 1
[23/10/2018] [03:08:04] [SERVER THREAD/INFO]: A driver was created at region id 1
[23/10/2018] [03:08:05] [SERVER THREAD/INFO]: A driver was created at region id 1
[23/10/2018] [03:08:06] [SERVER THREAD/INFO]: A driver was created at region id 1
[23/10/2018] [03:08:07] [SERVER THREAD/INFO]: A driver was created at region id 1
[23/10/2018] [03:08:08] [SERVER THREAD/INFO]: A driver was created at region id 1
[23/10/2018] [03:08:09] [SERVER THREAD/INFO]: A driver was created at region id 1
[23/10/2018] [03:08:10] [SERVER THREAD/INFO]: A driver was created at region id 1
[23/10/2018] [03:08:11] [SERVER THREAD/INFO]: A driver was created at region id 1
[23/10/2018] [03:08:12] [SERVER THREAD/INFO]: A driver was created at region id 1
[23/10/2018] [03:08:13] [SERVER THREAD/INFO]: A driver was created at region id 1
[23/10/2018] [03:08:14] [SERVER THREAD/INFO]: A driver was created at region id 1
[23/10/2018] [03:08:15] [SERVER THREAD/INFO]: A driver was created at region id 1
[23/10/2018] [03:08:16] [SERVER THREAD/INFO]: A driver was created at region id 1
[23/10/2018] [03:08:17] [SERVER THREAD/INFO]: A driver was created at region id 1
[23/10/2018] [03:08:18] [SERVER THREAD/INFO]: A driver was created at region id 1
[23/10/2018] [03:08:21] [SERVER THREAD/INFO]: Closing server
