[24/10/2018] [21:46:34] [SERVER THREAD/INFO]: Loading properties
[24/10/2018] [21:46:34] [SERVER THREAD/INFO]: Properties loaded
[24/10/2018] [21:46:34] [SERVER THREAD/INFO]: Starting UDP server
[24/10/2018] [21:46:34] [SERVER THREAD/INFO]: UDP server has initialized at 127.0.0.1:4075
[24/10/2018] [21:46:34] [SERVER THREAD/INFO]: Starting TCP server
[24/10/2018] [21:46:34] [SERVER THREAD/INFO]: TCP server has initialized at 127.0.0.1:4076
[24/10/2018] [21:46:34] [SERVER THREAD/INFO]: Starting multicast receiver
[24/10/2018] [21:46:34] [SERVER THREAD/INFO]: Multicasting initialized at 230.0.0.1:5000
[24/10/2018] [21:46:52] [SERVER THREAD/INFO]: A driver was created at region id B
[24/10/2018] [21:46:56] [SERVER THREAD/INFO]: Sending a help message with multicast
[24/10/2018] [21:46:56] [SERVER THREAD/INFO]: A helper info was received from localhost:4066 - area id: A - trash cans quantity: 4
[24/10/2018] [21:46:56] [SERVER THREAD/INFO]: Helper selected: localhost:4066 - area id: A - trash cans quantity: 4
[24/10/2018] [21:46:58] [SERVER THREAD/INFO]: Stopping helper
[24/10/2018] [21:47:01] [SERVER THREAD/INFO]: Sending a help message with multicast
[24/10/2018] [21:47:01] [SERVER THREAD/INFO]: A helper info was received from localhost:4066 - area id: A - trash cans quantity: 4
[24/10/2018] [21:47:01] [SERVER THREAD/INFO]: Helper selected: localhost:4066 - area id: A - trash cans quantity: 4
[24/10/2018] [21:47:52] [SERVER THREAD/INFO]: The helper was incapacitated
[24/10/2018] [21:47:52] [SERVER THREAD/INFO]: Sending a help message with multicast
[24/10/2018] [21:47:52] [SERVER THREAD/INFO]: Sending a help message with multicast
[24/10/2018] [21:47:53] [SERVER THREAD/INFO]: Sending a help message with multicast
[24/10/2018] [21:47:54] [SERVER THREAD/INFO]: Sending a help message with multicast
[24/10/2018] [21:47:55] [SERVER THREAD/INFO]: Sending a help message with multicast
[24/10/2018] [21:47:55] [SERVER THREAD/INFO]: A helper info was received from localhost:4066 - area id: A - trash cans quantity: 4
[24/10/2018] [21:47:55] [SERVER THREAD/INFO]: Helper selected: localhost:4066 - area id: A - trash cans quantity: 4
[24/10/2018] [21:47:57] [SERVER THREAD/INFO]: The helper was incapacitated
[24/10/2018] [21:47:57] [SERVER THREAD/INFO]: Sending a help message with multicast
[24/10/2018] [21:47:57] [SERVER THREAD/INFO]: Sending a help message with multicast
[24/10/2018] [21:47:58] [SERVER THREAD/INFO]: Sending a help message with multicast
[24/10/2018] [21:47:59] [SERVER THREAD/INFO]: Sending a help message with multicast
[24/10/2018] [21:48:00] [SERVER THREAD/INFO]: Sending a help message with multicast
[24/10/2018] [21:48:01] [SERVER THREAD/INFO]: Sending a help message with multicast
[24/10/2018] [21:48:01] [SERVER THREAD/INFO]: A helper info was received from localhost:4066 - area id: A - trash cans quantity: 4
[24/10/2018] [21:48:01] [SERVER THREAD/INFO]: Helper selected: localhost:4066 - area id: A - trash cans quantity: 4
[24/10/2018] [21:48:02] [SERVER THREAD/INFO]: Stopping helper
[24/10/2018] [21:48:11] [SERVER THREAD/INFO]: Sending information to give help to localhost:4065
[24/10/2018] [21:48:11] [SERVER THREAD/INFO]: Initializing helping to localhost:4066 - area id: A - trash cans quantity: 4
[24/10/2018] [21:48:40] [SERVER THREAD/INFO]: Stopping helping mode
[24/10/2018] [21:48:40] [SERVER THREAD/INFO]: Sending a help message with multicast
[24/10/2018] [21:48:40] [SERVER THREAD/INFO]: A helper info was received from localhost:4086 - area id: C - trash cans quantity: 4
[24/10/2018] [21:48:40] [SERVER THREAD/INFO]: Helper selected: localhost:4086 - area id: C - trash cans quantity: 4
[24/10/2018] [21:49:00] [SERVER THREAD/INFO]: Stopping helper
[24/10/2018] [21:49:04] [SERVER THREAD/INFO]: Sending information to give help to localhost:4065
[24/10/2018] [21:49:04] [SERVER THREAD/INFO]: Initializing helping to localhost:4066 - area id: A - trash cans quantity: 4
[24/10/2018] [21:49:04] [SERVER THREAD/INFO]: Initializing helping to localhost:4066 - area id: A - trash cans quantity: 4
[24/10/2018] [21:49:06] [SERVER THREAD/INFO]: Stopping helping mode
[24/10/2018] [21:49:07] [SERVER THREAD/INFO]: Sending a help message with multicast
[24/10/2018] [21:49:08] [SERVER THREAD/INFO]: Sending a help message with multicast
[24/10/2018] [21:49:08] [SERVER THREAD/INFO]: A helper info was received from localhost:4086 - area id: C - trash cans quantity: 8
[24/10/2018] [21:49:08] [SERVER THREAD/INFO]: Helper selected: localhost:4086 - area id: C - trash cans quantity: 8
[24/10/2018] [21:49:32] [SERVER THREAD/INFO]: The helper was incapacitated
[24/10/2018] [21:49:32] [SERVER THREAD/INFO]: Sending a help message with multicast
[24/10/2018] [21:49:33] [SERVER THREAD/INFO]: Sending a help message with multicast
[24/10/2018] [21:49:34] [SERVER THREAD/INFO]: Sending a help message with multicast
[24/10/2018] [21:49:35] [SERVER THREAD/INFO]: Sending a help message with multicast
[24/10/2018] [21:49:36] [SERVER THREAD/INFO]: Sending a help message with multicast
[24/10/2018] [21:49:37] [SERVER THREAD/INFO]: Sending a help message with multicast
[24/10/2018] [21:49:38] [SERVER THREAD/INFO]: Sending a help message with multicast
[24/10/2018] [21:49:39] [SERVER THREAD/INFO]: Sending a help message with multicast
[24/10/2018] [21:49:40] [SERVER THREAD/INFO]: Sending a help message with multicast
[24/10/2018] [21:49:41] [SERVER THREAD/INFO]: Sending a help message with multicast
[24/10/2018] [21:49:42] [SERVER THREAD/INFO]: Sending a help message with multicast
[24/10/2018] [21:49:43] [SERVER THREAD/INFO]: Sending a help message with multicast
[24/10/2018] [21:49:43] [SERVER THREAD/INFO]: A helper info was received from localhost:4086 - area id: C - trash cans quantity: 4
[24/10/2018] [21:49:43] [SERVER THREAD/INFO]: Helper selected: localhost:4086 - area id: C - trash cans quantity: 4
[24/10/2018] [21:50:08] [SERVER THREAD/INFO]: The helper was incapacitated
[24/10/2018] [21:50:08] [SERVER THREAD/INFO]: Sending a help message with multicast
[24/10/2018] [21:50:08] [SERVER THREAD/INFO]: Sending a help message with multicast
[24/10/2018] [21:50:09] [SERVER THREAD/INFO]: Sending a help message with multicast
[24/10/2018] [21:50:10] [SERVER THREAD/INFO]: Sending a help message with multicast
[24/10/2018] [21:50:11] [SERVER THREAD/INFO]: Sending a help message with multicast
[24/10/2018] [21:50:12] [SERVER THREAD/INFO]: Sending a help message with multicast
[24/10/2018] [21:50:13] [SERVER THREAD/INFO]: Sending a help message with multicast
[24/10/2018] [21:50:14] [SERVER THREAD/INFO]: Sending a help message with multicast
[24/10/2018] [21:50:15] [SERVER THREAD/INFO]: Sending a help message with multicast
[24/10/2018] [21:50:16] [SERVER THREAD/INFO]: Sending a help message with multicast
[24/10/2018] [21:50:16] [SERVER THREAD/INFO]: Sending a help message with multicast
[24/10/2018] [21:50:25] [SERVER THREAD/INFO]: Closing server
