[24/10/2018] [21:07:47] [SERVER THREAD/INFO]: Loading properties
[24/10/2018] [21:07:47] [SERVER THREAD/INFO]: Properties loaded
[24/10/2018] [21:07:47] [SERVER THREAD/INFO]: Starting UDP server
[24/10/2018] [21:07:47] [SERVER THREAD/INFO]: UDP server has initialized at 127.0.0.1:4075
[24/10/2018] [21:07:47] [SERVER THREAD/INFO]: Starting TCP server
[24/10/2018] [21:07:47] [SERVER THREAD/INFO]: TCP server has initialized at 127.0.0.1:4076
[24/10/2018] [21:07:47] [SERVER THREAD/INFO]: Starting multicast receiver
[24/10/2018] [21:07:47] [SERVER THREAD/INFO]: Multicasting initialized at 230.0.0.1:5000
[24/10/2018] [21:08:05] [SERVER THREAD/INFO]: A driver was created at region id B
[24/10/2018] [21:08:08] [SERVER THREAD/INFO]: Sending information to give help to localhost:4065
[24/10/2018] [21:08:08] [SERVER THREAD/INFO]: Initializing helping to localhost:4066 - area id: A - trash cans quantity: 4
[24/10/2018] [21:08:17] [SERVER THREAD/INFO]: Stopping helping mode
[24/10/2018] [21:08:17] [SERVER THREAD/INFO]: Sending a help message with multicast
[24/10/2018] [21:08:18] [SERVER THREAD/INFO]: Sending a help message with multicast
[24/10/2018] [21:08:19] [SERVER THREAD/INFO]: Sending a help message with multicast
[24/10/2018] [21:08:20] [SERVER THREAD/INFO]: Sending a help message with multicast
[24/10/2018] [21:08:21] [SERVER THREAD/INFO]: Sending a help message with multicast
[24/10/2018] [21:08:22] [SERVER THREAD/INFO]: Sending a help message with multicast
[24/10/2018] [21:08:24] [SERVER THREAD/INFO]: Sending information to give help to localhost:4065
[24/10/2018] [21:08:24] [SERVER THREAD/INFO]: Initializing helping to localhost:4066 - area id: A - trash cans quantity: 4
[24/10/2018] [21:08:26] [SERVER THREAD/INFO]: Stopping helping to localhost:4066 - area id: A - trash cans quantity: 4
[24/10/2018] [21:08:33] [SERVER THREAD/INFO]: Sending information to give help to localhost:4065
[24/10/2018] [21:08:33] [SERVER THREAD/INFO]: Initializing helping to localhost:4066 - area id: A - trash cans quantity: 4
[24/10/2018] [21:08:34] [SERVER THREAD/INFO]: Stopping helping mode
[24/10/2018] [21:08:34] [SERVER THREAD/INFO]: Sending a help message with multicast
[24/10/2018] [21:08:52] [SERVER THREAD/INFO]: Closing server
