[23/10/2018] [04:40:14] [SERVER THREAD/INFO]: Loading properties
[23/10/2018] [04:40:14] [SERVER THREAD/INFO]: Properties loaded
[23/10/2018] [04:40:14] [SERVER THREAD/INFO]: Starting UDP server
[23/10/2018] [04:40:14] [SERVER THREAD/INFO]: UDP server has initialized at 127.0.0.1:4075
[23/10/2018] [04:40:14] [SERVER THREAD/INFO]: Starting TCP server
[23/10/2018] [04:40:14] [SERVER THREAD/INFO]: TCP server has initialized at 127.0.0.1:4076
[23/10/2018] [04:40:14] [SERVER THREAD/INFO]: Starting multicast receiver
[23/10/2018] [04:40:14] [SERVER THREAD/INFO]: Multicasting initialized at 230.0.0.1:5000
[23/10/2018] [04:40:51] [SERVER THREAD/INFO]: A driver was created at region id 1
[23/10/2018] [04:40:52] [SERVER THREAD/INFO]: A driver was created at region id 1
[23/10/2018] [04:40:53] [SERVER THREAD/INFO]: A driver was created at region id 1
[23/10/2018] [04:40:54] [SERVER THREAD/INFO]: A driver was created at region id 1
[23/10/2018] [04:40:55] [SERVER THREAD/INFO]: A driver was created at region id 1
[23/10/2018] [04:40:56] [SERVER THREAD/INFO]: A driver was created at region id 1
[23/10/2018] [04:40:57] [SERVER THREAD/INFO]: A driver was created at region id 1
[23/10/2018] [04:40:58] [SERVER THREAD/INFO]: A driver was created at region id 1
[23/10/2018] [04:40:59] [SERVER THREAD/INFO]: A driver was created at region id 1
[23/10/2018] [04:41:00] [SERVER THREAD/INFO]: A driver was created at region id 1
[23/10/2018] [04:41:01] [SERVER THREAD/INFO]: A driver was created at region id 1
[23/10/2018] [04:41:02] [SERVER THREAD/INFO]: A driver was created at region id 1
[23/10/2018] [04:41:03] [SERVER THREAD/INFO]: A driver was created at region id 1
[23/10/2018] [04:41:04] [SERVER THREAD/INFO]: A driver was created at region id 1
[23/10/2018] [04:41:05] [SERVER THREAD/INFO]: A driver was created at region id 1
[23/10/2018] [04:41:06] [SERVER THREAD/INFO]: A driver was created at region id 1
[23/10/2018] [04:41:07] [SERVER THREAD/INFO]: A driver was created at region id 1
[23/10/2018] [04:41:08] [SERVER THREAD/INFO]: A driver was created at region id 1
[23/10/2018] [04:41:09] [SERVER THREAD/INFO]: A driver was created at region id 1
[23/10/2018] [04:41:10] [SERVER THREAD/INFO]: A driver was created at region id 1
[23/10/2018] [04:41:11] [SERVER THREAD/INFO]: A driver was created at region id 1
[23/10/2018] [04:41:11] [SERVER THREAD/INFO]: Closing server
