[23/10/2018] [02:49:47] [SERVER THREAD/INFO]: Loading properties
[23/10/2018] [02:49:47] [SERVER THREAD/INFO]: Properties loaded
[23/10/2018] [02:49:47] [SERVER THREAD/INFO]: Starting UDP server
[23/10/2018] [02:49:47] [SERVER THREAD/INFO]: UDP server has initialized at 127.0.0.1:4067
[23/10/2018] [02:49:47] [SERVER THREAD/INFO]: Starting TCP server
[23/10/2018] [02:49:47] [SERVER THREAD/INFO]: TCP server has initialized at 127.0.0.1:4068
[23/10/2018] [02:49:47] [SERVER THREAD/INFO]: Starting multicast receiver
[23/10/2018] [02:49:47] [SERVER THREAD/INFO]: Multicasting initialized at 230.0.0.1:5000
[23/10/2018] [02:49:57] [SERVER THREAD/INFO]: A driver was created at region id 1
[23/10/2018] [02:50:06] [SERVER THREAD/INFO]: A driver was created at region id 1
[23/10/2018] [02:50:07] [SERVER THREAD/INFO]: A driver was created at region id 1
[23/10/2018] [02:50:08] [SERVER THREAD/INFO]: A driver was created at region id 1
[23/10/2018] [02:50:09] [SERVER THREAD/INFO]: A driver was created at region id 1
[23/10/2018] [02:50:10] [SERVER THREAD/INFO]: A driver was created at region id 1
[23/10/2018] [02:50:11] [SERVER THREAD/INFO]: A driver was created at region id 1
[23/10/2018] [02:50:12] [SERVER THREAD/INFO]: A driver was created at region id 1
[23/10/2018] [02:50:13] [SERVER THREAD/INFO]: A driver was created at region id 1
[23/10/2018] [02:50:14] [SERVER THREAD/INFO]: A driver was created at region id 1
[23/10/2018] [02:50:15] [SERVER THREAD/INFO]: A driver was created at region id 1
[23/10/2018] [02:50:16] [SERVER THREAD/INFO]: A driver was created at region id 1
[23/10/2018] [02:50:17] [SERVER THREAD/INFO]: A driver was created at region id 1
[23/10/2018] [02:50:18] [SERVER THREAD/INFO]: A driver was created at region id 1
[23/10/2018] [02:50:19] [SERVER THREAD/INFO]: A driver was created at region id 1
[23/10/2018] [02:50:20] [SERVER THREAD/INFO]: A driver was created at region id 1
[23/10/2018] [02:50:21] [SERVER THREAD/INFO]: A driver was created at region id 1
[23/10/2018] [02:50:22] [SERVER THREAD/INFO]: A driver was created at region id 1
[23/10/2018] [02:50:23] [SERVER THREAD/INFO]: A driver was created at region id 1
[23/10/2018] [02:50:24] [SERVER THREAD/INFO]: A driver was created at region id 1
[23/10/2018] [02:50:25] [SERVER THREAD/INFO]: A driver was created at region id 1
[23/10/2018] [02:50:26] [SERVER THREAD/INFO]: A driver was created at region id 1
[23/10/2018] [02:50:27] [SERVER THREAD/INFO]: A driver was created at region id 1
[23/10/2018] [02:50:28] [SERVER THREAD/INFO]: A driver was created at region id 1
[23/10/2018] [02:50:29] [SERVER THREAD/INFO]: A driver was created at region id 1
[23/10/2018] [02:50:30] [SERVER THREAD/INFO]: A driver was created at region id 1
[23/10/2018] [02:50:31] [SERVER THREAD/INFO]: A driver was created at region id 1
[23/10/2018] [02:50:32] [SERVER THREAD/INFO]: A driver was created at region id 1
[23/10/2018] [02:50:33] [SERVER THREAD/INFO]: A driver was created at region id 1
[23/10/2018] [02:50:34] [SERVER THREAD/INFO]: A driver was created at region id 1
[23/10/2018] [02:50:35] [SERVER THREAD/INFO]: A driver was created at region id 1
[23/10/2018] [02:50:36] [SERVER THREAD/INFO]: A driver was created at region id 1
[23/10/2018] [02:50:37] [SERVER THREAD/INFO]: A driver was created at region id 1
[23/10/2018] [02:50:38] [SERVER THREAD/INFO]: A driver was created at region id 1
[23/10/2018] [02:50:39] [SERVER THREAD/INFO]: A driver was created at region id 1
[23/10/2018] [02:50:40] [SERVER THREAD/INFO]: A driver was created at region id 1
[23/10/2018] [02:50:41] [SERVER THREAD/INFO]: A driver was created at region id 1
[23/10/2018] [02:50:42] [SERVER THREAD/INFO]: A driver was created at region id 1
[23/10/2018] [02:50:43] [SERVER THREAD/INFO]: A driver was created at region id 1
[23/10/2018] [02:50:44] [SERVER THREAD/INFO]: A driver was created at region id 1
[23/10/2018] [02:50:45] [SERVER THREAD/INFO]: A driver was created at region id 1
[23/10/2018] [02:50:46] [SERVER THREAD/INFO]: A driver was created at region id 1
[23/10/2018] [02:50:47] [SERVER THREAD/INFO]: A driver was created at region id 1
[23/10/2018] [02:50:48] [SERVER THREAD/INFO]: A driver was created at region id 1
[23/10/2018] [02:50:49] [SERVER THREAD/INFO]: A driver was created at region id 1
[23/10/2018] [02:50:50] [SERVER THREAD/INFO]: A driver was created at region id 1
[23/10/2018] [02:50:51] [SERVER THREAD/INFO]: A driver was created at region id 1
[23/10/2018] [02:50:52] [SERVER THREAD/INFO]: A driver was created at region id 1
[23/10/2018] [02:50:53] [SERVER THREAD/INFO]: A driver was created at region id 1
[23/10/2018] [02:50:54] [SERVER THREAD/INFO]: A driver was created at region id 1
[23/10/2018] [02:50:55] [SERVER THREAD/INFO]: A driver was created at region id 1
[23/10/2018] [02:50:56] [SERVER THREAD/INFO]: A driver was created at region id 1
[23/10/2018] [02:50:57] [SERVER THREAD/INFO]: A driver was created at region id 1
[23/10/2018] [02:50:58] [SERVER THREAD/INFO]: A driver was created at region id 1
[23/10/2018] [02:50:59] [SERVER THREAD/INFO]: A driver was created at region id 1
[23/10/2018] [02:51:00] [SERVER THREAD/INFO]: A driver was created at region id 1
[23/10/2018] [02:51:01] [SERVER THREAD/INFO]: A driver was created at region id 1
[23/10/2018] [02:51:02] [SERVER THREAD/INFO]: A driver was created at region id 1
[23/10/2018] [02:51:03] [SERVER THREAD/INFO]: A driver was created at region id 1
[23/10/2018] [02:51:04] [SERVER THREAD/INFO]: A driver was created at region id 1
[23/10/2018] [02:51:05] [SERVER THREAD/INFO]: A driver was created at region id 1
[23/10/2018] [02:51:06] [SERVER THREAD/INFO]: A driver was created at region id 1
[23/10/2018] [02:51:07] [SERVER THREAD/INFO]: A driver was created at region id 1
[23/10/2018] [02:51:08] [SERVER THREAD/INFO]: A driver was created at region id 1
[23/10/2018] [02:51:09] [SERVER THREAD/INFO]: A driver was created at region id 1
[23/10/2018] [02:51:10] [SERVER THREAD/INFO]: A driver was created at region id 1
[23/10/2018] [02:51:11] [SERVER THREAD/INFO]: A driver was created at region id 1
[23/10/2018] [02:51:12] [SERVER THREAD/INFO]: A driver was created at region id 1
[23/10/2018] [02:51:18] [SERVER THREAD/INFO]: Closing server
