[24/10/2018] [23:29:25] [SERVER THREAD/INFO]: Loading properties
[24/10/2018] [23:29:25] [SERVER THREAD/INFO]: Properties loaded
[24/10/2018] [23:29:25] [SERVER THREAD/INFO]: Starting UDP server
[24/10/2018] [23:29:25] [SERVER THREAD/INFO]: UDP server has initialized at 127.0.0.1:4065
[24/10/2018] [23:29:25] [SERVER THREAD/INFO]: Starting TCP server
[24/10/2018] [23:29:25] [SERVER THREAD/INFO]: TCP server has initialized at 127.0.0.1:4066
[24/10/2018] [23:29:25] [SERVER THREAD/INFO]: Starting multicast receiver
[24/10/2018] [23:29:25] [SERVER THREAD/INFO]: Multicasting initialized at 230.0.0.1:5000
[24/10/2018] [23:30:11] [SERVER THREAD/INFO]: A driver was created at region id a
[24/10/2018] [23:30:16] [SERVER THREAD/INFO]: Sending a help message with multicast
[24/10/2018] [23:30:16] [SERVER THREAD/INFO]: A helper info was received from localhost:4076 - area id: b - trash cans quantity: 5
[24/10/2018] [23:30:16] [SERVER THREAD/INFO]: Helper selected: localhost:4076 - area id: b - trash cans quantity: 5
[24/10/2018] [23:30:16] [SERVER THREAD/INFO]: A helper info was received from localhost:4086 - area id: c - trash cans quantity: 5
[24/10/2018] [23:30:16] [SERVER THREAD/INFO]: Helper selected: localhost:4086 - area id: c - trash cans quantity: 5
[24/10/2018] [23:30:21] [SERVER THREAD/INFO]: Stopping helper
[24/10/2018] [23:30:22] [SERVER THREAD/INFO]: Sending a help message with multicast
[24/10/2018] [23:30:22] [SERVER THREAD/INFO]: A helper info was received from localhost:4086 - area id: c - trash cans quantity: 5
[24/10/2018] [23:30:22] [SERVER THREAD/INFO]: Helper selected: localhost:4086 - area id: c - trash cans quantity: 5
[24/10/2018] [23:30:22] [SERVER THREAD/INFO]: A helper info was received from localhost:4076 - area id: b - trash cans quantity: 5
[24/10/2018] [23:30:22] [SERVER THREAD/INFO]: Helper selected: localhost:4076 - area id: b - trash cans quantity: 5
[24/10/2018] [23:30:24] [SERVER THREAD/INFO]: Stopping helper
[24/10/2018] [23:30:26] [SERVER THREAD/INFO]: Sending a help message with multicast
[24/10/2018] [23:30:26] [SERVER THREAD/INFO]: A helper info was received from localhost:4086 - area id: c - trash cans quantity: 5
[24/10/2018] [23:30:26] [SERVER THREAD/INFO]: Helper selected: localhost:4086 - area id: c - trash cans quantity: 5
[24/10/2018] [23:30:26] [SERVER THREAD/INFO]: A helper info was received from localhost:4076 - area id: b - trash cans quantity: 5
[24/10/2018] [23:30:26] [SERVER THREAD/INFO]: Helper selected: localhost:4076 - area id: b - trash cans quantity: 5
[24/10/2018] [23:30:27] [SERVER THREAD/INFO]: Stopping helper
[24/10/2018] [23:30:29] [SERVER THREAD/INFO]: Sending a help message with multicast
[24/10/2018] [23:30:29] [SERVER THREAD/INFO]: A helper info was received from localhost:4086 - area id: c - trash cans quantity: 5
[24/10/2018] [23:30:29] [SERVER THREAD/INFO]: Helper selected: localhost:4086 - area id: c - trash cans quantity: 5
[24/10/2018] [23:30:29] [SERVER THREAD/INFO]: A helper info was received from localhost:4076 - area id: b - trash cans quantity: 5
[24/10/2018] [23:30:29] [SERVER THREAD/INFO]: Helper selected: localhost:4076 - area id: b - trash cans quantity: 5
[24/10/2018] [23:30:31] [SERVER THREAD/INFO]: Stopping helper
[24/10/2018] [23:30:32] [SERVER THREAD/INFO]: Sending a help message with multicast
[24/10/2018] [23:30:32] [SERVER THREAD/INFO]: A helper info was received from localhost:4086 - area id: c - trash cans quantity: 5
[24/10/2018] [23:30:32] [SERVER THREAD/INFO]: Helper selected: localhost:4086 - area id: c - trash cans quantity: 5
[24/10/2018] [23:30:32] [SERVER THREAD/INFO]: A helper info was received from localhost:4076 - area id: b - trash cans quantity: 5
[24/10/2018] [23:30:32] [SERVER THREAD/INFO]: Helper selected: localhost:4076 - area id: b - trash cans quantity: 5
[24/10/2018] [23:30:33] [SERVER THREAD/INFO]: The helper was incapacitated
[24/10/2018] [23:30:34] [SERVER THREAD/INFO]: A helper info was received from localhost:4086 - area id: c - trash cans quantity: 5
[24/10/2018] [23:30:34] [SERVER THREAD/INFO]: A helper info was received from localhost:4086 - area id: c - trash cans quantity: 5
[24/10/2018] [23:30:34] [SERVER THREAD/INFO]: Helper selected: localhost:4086 - area id: c - trash cans quantity: 5
[24/10/2018] [23:30:39] [SERVER THREAD/INFO]: The helper was incapacitated
[24/10/2018] [23:30:39] [SERVER THREAD/INFO]: Sending a help message with multicast
[24/10/2018] [23:30:40] [SERVER THREAD/INFO]: Sending a help message with multicast
[24/10/2018] [23:30:41] [SERVER THREAD/INFO]: Sending a help message with multicast
[24/10/2018] [23:30:42] [SERVER THREAD/INFO]: A helper info was received from localhost:4086 - area id: c - trash cans quantity: 10
[24/10/2018] [23:30:42] [SERVER THREAD/INFO]: A helper info was received from localhost:4086 - area id: c - trash cans quantity: 10
[24/10/2018] [23:30:42] [SERVER THREAD/INFO]: Helper selected: localhost:4086 - area id: c - trash cans quantity: 10
[24/10/2018] [23:30:49] [SERVER THREAD/INFO]: The helper was incapacitated
[24/10/2018] [23:30:49] [SERVER THREAD/INFO]: Sending a help message with multicast
[24/10/2018] [23:30:49] [SERVER THREAD/INFO]: A helper info was received from localhost:4076 - area id: b - trash cans quantity: 5
[24/10/2018] [23:30:49] [SERVER THREAD/INFO]: Helper selected: localhost:4076 - area id: b - trash cans quantity: 5
[24/10/2018] [23:30:54] [SERVER THREAD/INFO]: Stopping helper
[24/10/2018] [23:31:03] [SERVER THREAD/INFO]: Sending information to give help to localhost:4075
[24/10/2018] [23:31:03] [SERVER THREAD/INFO]: Initializing helping to localhost:4076 - area id: b - trash cans quantity: 5
[24/10/2018] [23:31:05] [SERVER THREAD/INFO]: Sending information to give help to localhost:4085
[24/10/2018] [23:31:05] [SERVER THREAD/INFO]: Initializing helping to localhost:4086 - area id: c - trash cans quantity: 5
[24/10/2018] [23:31:15] [SERVER THREAD/INFO]: Stopping helping mode
[24/10/2018] [23:31:15] [SERVER THREAD/INFO]: Sending a help message with multicast
[24/10/2018] [23:31:47] [SERVER THREAD/INFO]: Closing server
