[23/10/2018] [02:56:16] [SERVER THREAD/INFO]: Loading properties
[23/10/2018] [02:56:16] [SERVER THREAD/INFO]: Properties loaded
[23/10/2018] [02:56:16] [SERVER THREAD/INFO]: Starting UDP server
[23/10/2018] [02:56:16] [SERVER THREAD/INFO]: UDP server has initialized at 127.0.0.1:4065
[23/10/2018] [02:56:16] [SERVER THREAD/INFO]: Starting TCP server
[23/10/2018] [02:56:16] [SERVER THREAD/INFO]: TCP server has initialized at 127.0.0.1:4066
[23/10/2018] [02:56:16] [SERVER THREAD/INFO]: Starting multicast receiver
[23/10/2018] [02:56:16] [SERVER THREAD/INFO]: Multicasting initialized at 230.0.0.1:5000
[23/10/2018] [02:56:33] [SERVER THREAD/INFO]: A driver was created at region id 1
[23/10/2018] [02:56:49] [SERVER THREAD/INFO]: A driver was created at region id 1
[23/10/2018] [02:56:50] [SERVER THREAD/INFO]: A driver was created at region id 1
[23/10/2018] [02:56:51] [SERVER THREAD/INFO]: A driver was created at region id 1
[23/10/2018] [02:56:52] [SERVER THREAD/INFO]: A driver was created at region id 1
[23/10/2018] [02:56:53] [SERVER THREAD/INFO]: A driver was created at region id 1
[23/10/2018] [02:56:54] [SERVER THREAD/INFO]: A driver was created at region id 1
[23/10/2018] [02:56:55] [SERVER THREAD/INFO]: A driver was created at region id 1
[23/10/2018] [02:56:56] [SERVER THREAD/INFO]: A driver was created at region id 1
[23/10/2018] [02:56:57] [SERVER THREAD/INFO]: A driver was created at region id 1
[23/10/2018] [02:56:58] [SERVER THREAD/INFO]: A driver was created at region id 1
[23/10/2018] [02:56:59] [SERVER THREAD/INFO]: A driver was created at region id 1
[23/10/2018] [02:57:00] [SERVER THREAD/INFO]: A driver was created at region id 1
[23/10/2018] [02:57:01] [SERVER THREAD/INFO]: A driver was created at region id 1
[23/10/2018] [02:57:02] [SERVER THREAD/INFO]: A driver was created at region id 1
[23/10/2018] [02:57:03] [SERVER THREAD/INFO]: A driver was created at region id 1
[23/10/2018] [02:57:04] [SERVER THREAD/INFO]: A driver was created at region id 1
[23/10/2018] [02:57:05] [SERVER THREAD/INFO]: A driver was created at region id 1
[23/10/2018] [02:57:06] [SERVER THREAD/INFO]: A driver was created at region id 1
[23/10/2018] [02:57:07] [SERVER THREAD/INFO]: A driver was created at region id 1
[23/10/2018] [02:57:08] [SERVER THREAD/INFO]: A driver was created at region id 1
[23/10/2018] [02:57:09] [SERVER THREAD/INFO]: A driver was created at region id 1
[23/10/2018] [02:57:10] [SERVER THREAD/INFO]: A driver was created at region id 1
[23/10/2018] [02:57:11] [SERVER THREAD/INFO]: A driver was created at region id 1
[23/10/2018] [02:57:12] [SERVER THREAD/INFO]: A driver was created at region id 1
[23/10/2018] [02:57:13] [SERVER THREAD/INFO]: A driver was created at region id 1
[23/10/2018] [02:57:14] [SERVER THREAD/INFO]: A driver was created at region id 1
[23/10/2018] [02:57:15] [SERVER THREAD/INFO]: A driver was created at region id 1
[23/10/2018] [02:57:16] [SERVER THREAD/INFO]: A driver was created at region id 1
[23/10/2018] [02:57:18] [SERVER THREAD/INFO]: Closing server
