[24/10/2018] [22:56:53] [SERVER THREAD/INFO]: Loading properties
[24/10/2018] [22:56:53] [SERVER THREAD/INFO]: Properties loaded
[24/10/2018] [22:56:53] [SERVER THREAD/INFO]: Starting UDP server
[24/10/2018] [22:56:53] [SERVER THREAD/INFO]: UDP server has initialized at 127.0.0.1:4065
[24/10/2018] [22:56:53] [SERVER THREAD/INFO]: Starting TCP server
[24/10/2018] [22:56:53] [SERVER THREAD/INFO]: TCP server has initialized at 127.0.0.1:4066
[24/10/2018] [22:56:53] [SERVER THREAD/INFO]: Starting multicast receiver
[24/10/2018] [22:56:53] [SERVER THREAD/INFO]: Multicasting initialized at 230.0.0.1:5000
[24/10/2018] [22:57:34] [SERVER THREAD/INFO]: A driver was created at region id A
[24/10/2018] [22:57:41] [SERVER THREAD/INFO]: Sending information to give help to localhost:4085
[24/10/2018] [22:57:47] [SERVER THREAD/INFO]: Sending a help message with multicast
[24/10/2018] [22:57:47] [SERVER THREAD/INFO]: A helper info was received from localhost:4076 - area id: B - trash cans quantity: 12
[24/10/2018] [22:57:47] [SERVER THREAD/INFO]: Helper selected: localhost:4076 - area id: B - trash cans quantity: 12
[24/10/2018] [22:57:52] [SERVER THREAD/INFO]: Stopping helper
[24/10/2018] [22:57:53] [SERVER THREAD/INFO]: Sending a help message with multicast
[24/10/2018] [22:57:53] [SERVER THREAD/INFO]: A helper info was received from localhost:4076 - area id: B - trash cans quantity: 12
[24/10/2018] [22:57:54] [SERVER THREAD/INFO]: Helper selected: localhost:4076 - area id: B - trash cans quantity: 12
[24/10/2018] [22:59:40] [SERVER THREAD/INFO]: The helper was incapacitated
[24/10/2018] [22:59:40] [SERVER THREAD/INFO]: Sending a help message with multicast
[24/10/2018] [22:59:40] [SERVER THREAD/INFO]: A helper info was received from localhost:4096 - area id: D - trash cans quantity: 4
[24/10/2018] [22:59:40] [SERVER THREAD/INFO]: Helper selected: localhost:4096 - area id: D - trash cans quantity: 4
[24/10/2018] [22:59:48] [SERVER THREAD/INFO]: Stopping helper
[24/10/2018] [22:59:55] [SERVER THREAD/INFO]: Sending a help message with multicast
[24/10/2018] [22:59:55] [SERVER THREAD/INFO]: A helper info was received from localhost:4076 - area id: B - trash cans quantity: 4
[24/10/2018] [22:59:55] [SERVER THREAD/INFO]: Helper selected: localhost:4076 - area id: B - trash cans quantity: 4
[24/10/2018] [22:59:55] [SERVER THREAD/INFO]: A helper info was received from localhost:4086 - area id: C - trash cans quantity: 4
[24/10/2018] [22:59:55] [SERVER THREAD/INFO]: A helper info was received from localhost:4096 - area id: D - trash cans quantity: 4
[24/10/2018] [23:00:19] [SERVER THREAD/INFO]: Stopping helper
[24/10/2018] [23:00:44] [SERVER THREAD/INFO]: A Can was created with ID 10
[24/10/2018] [23:00:53] [SERVER THREAD/INFO]: Sending information to give help to localhost:4095
[24/10/2018] [23:00:59] [SERVER THREAD/INFO]: Sending information to give help to localhost:4075
[24/10/2018] [23:00:59] [SERVER THREAD/INFO]: Initializing helping to localhost:4076 - area id: B - trash cans quantity: 4
[24/10/2018] [23:00:59] [SERVER THREAD/INFO]: Initializing helping to localhost:4076 - area id: B - trash cans quantity: 4
[24/10/2018] [23:01:02] [SERVER THREAD/INFO]: Stopping helping to localhost:4076 - area id: B - trash cans quantity: 4
[24/10/2018] [23:01:10] [SERVER THREAD/INFO]: Sending information to give help to localhost:4095
[24/10/2018] [23:01:15] [SERVER THREAD/INFO]: Sending information to give help to localhost:4075
[24/10/2018] [23:01:15] [SERVER THREAD/INFO]: Sending information to give help to localhost:4095
[24/10/2018] [23:01:15] [SERVER THREAD/INFO]: Initializing helping to localhost:4096 - area id: D - trash cans quantity: 4
[24/10/2018] [23:01:16] [SERVER THREAD/INFO]: Sending information to give help to localhost:4075
[24/10/2018] [23:01:29] [SERVER THREAD/INFO]: Sending information to give help to localhost:4075
[24/10/2018] [23:01:29] [SERVER THREAD/INFO]: Initializing helping to localhost:4076 - area id: B - trash cans quantity: 4
[24/10/2018] [23:01:29] [SERVER THREAD/INFO]: Initializing helping to localhost:4076 - area id: B - trash cans quantity: 4
[24/10/2018] [23:01:34] [SERVER THREAD/INFO]: Stopping helping to localhost:4076 - area id: B - trash cans quantity: 4
[24/10/2018] [23:01:36] [SERVER THREAD/INFO]: Sending information to give help to localhost:4075
[24/10/2018] [23:01:43] [SERVER THREAD/INFO]: Sending information to give help to localhost:4075
[24/10/2018] [23:01:43] [SERVER THREAD/INFO]: Initializing helping to localhost:4076 - area id: B - trash cans quantity: 4
[24/10/2018] [23:01:45] [SERVER THREAD/INFO]: Stopping helping to localhost:4076 - area id: B - trash cans quantity: 4
[24/10/2018] [23:02:14] [SERVER THREAD/INFO]: Stopping helping mode
[24/10/2018] [23:02:14] [SERVER THREAD/INFO]: Sending a help message with multicast
[24/10/2018] [23:02:15] [SERVER THREAD/INFO]: Sending a help message with multicast
[24/10/2018] [23:02:15] [SERVER THREAD/INFO]: A helper info was received from localhost:4086 - area id: C - trash cans quantity: 20
[24/10/2018] [23:02:15] [SERVER THREAD/INFO]: Helper selected: localhost:4086 - area id: C - trash cans quantity: 20
[24/10/2018] [23:02:15] [SERVER THREAD/INFO]: A helper info was received from localhost:4076 - area id: B - trash cans quantity: 12
[24/10/2018] [23:02:15] [SERVER THREAD/INFO]: Helper selected: localhost:4076 - area id: B - trash cans quantity: 12
[24/10/2018] [23:02:16] [SERVER THREAD/INFO]: Stopping helper
[24/10/2018] [23:02:58] [SERVER THREAD/INFO]: Sending information to give help to localhost:4085
[24/10/2018] [23:02:58] [SERVER THREAD/INFO]: Initializing helping to localhost:4086 - area id: C - trash cans quantity: 4
[24/10/2018] [23:03:01] [SERVER THREAD/INFO]: Stopping helping to localhost:4086 - area id: C - trash cans quantity: 4
[24/10/2018] [23:03:03] [SERVER THREAD/INFO]: Sending information to give help to localhost:4075
[24/10/2018] [23:03:03] [SERVER THREAD/INFO]: Sending information to give help to localhost:4095
[24/10/2018] [23:03:03] [SERVER THREAD/INFO]: Initializing helping to localhost:4096 - area id: D - trash cans quantity: 4
[24/10/2018] [23:03:03] [SERVER THREAD/INFO]: Stopping helping to localhost:4096 - area id: D - trash cans quantity: 4
[24/10/2018] [23:03:08] [SERVER THREAD/INFO]: Sending information to give help to localhost:4075
[24/10/2018] [23:03:08] [SERVER THREAD/INFO]: Initializing helping to localhost:4076 - area id: B - trash cans quantity: 4
[24/10/2018] [23:03:15] [SERVER THREAD/INFO]: Stopping helping to localhost:4076 - area id: B - trash cans quantity: 4
[24/10/2018] [23:03:19] [SERVER THREAD/INFO]: Sending information to give help to localhost:4085
[24/10/2018] [23:03:20] [SERVER THREAD/INFO]: Sending information to give help to localhost:4075
[24/10/2018] [23:03:20] [SERVER THREAD/INFO]: Sending information to give help to localhost:4085
[24/10/2018] [23:03:20] [SERVER THREAD/INFO]: Sending information to give help to localhost:4085
[24/10/2018] [23:03:20] [SERVER THREAD/INFO]: Initializing helping to localhost:4086 - area id: C - trash cans quantity: 4
[24/10/2018] [23:03:20] [SERVER THREAD/INFO]: Stopping helping to localhost:4086 - area id: C - trash cans quantity: 4
[24/10/2018] [23:03:21] [SERVER THREAD/INFO]: Sending information to give help to localhost:4075
[24/10/2018] [23:03:21] [SERVER THREAD/INFO]: Initializing helping to localhost:4076 - area id: B - trash cans quantity: 4
[24/10/2018] [23:03:21] [SERVER THREAD/INFO]: Initializing helping to localhost:4076 - area id: B - trash cans quantity: 4
[24/10/2018] [23:03:22] [SERVER THREAD/INFO]: Stopping helping to localhost:4076 - area id: B - trash cans quantity: 4
[24/10/2018] [23:03:25] [SERVER THREAD/INFO]: Sending information to give help to localhost:4085
[24/10/2018] [23:03:31] [SERVER THREAD/INFO]: Sending information to give help to localhost:4085
[24/10/2018] [23:03:31] [SERVER THREAD/INFO]: Initializing helping to localhost:4086 - area id: C - trash cans quantity: 4
[24/10/2018] [23:03:35] [SERVER THREAD/INFO]: Stopping helping to localhost:4086 - area id: C - trash cans quantity: 4
[24/10/2018] [23:03:51] [SERVER THREAD/INFO]: Sending information to give help to localhost:4075
[24/10/2018] [23:03:51] [SERVER THREAD/INFO]: Initializing helping to localhost:4076 - area id: B - trash cans quantity: 4
[24/10/2018] [23:03:51] [SERVER THREAD/INFO]: Stopping helping to localhost:4076 - area id: B - trash cans quantity: 4
[24/10/2018] [23:03:55] [SERVER THREAD/INFO]: Sending a help message with multicast
[24/10/2018] [23:03:55] [SERVER THREAD/INFO]: A helper info was received from localhost:4086 - area id: C - trash cans quantity: 8
[24/10/2018] [23:03:55] [SERVER THREAD/INFO]: Helper selected: localhost:4086 - area id: C - trash cans quantity: 8
[24/10/2018] [23:03:55] [SERVER THREAD/INFO]: A helper info was received from localhost:4076 - area id: B - trash cans quantity: 4
[24/10/2018] [23:03:55] [SERVER THREAD/INFO]: Helper selected: localhost:4076 - area id: B - trash cans quantity: 4
[24/10/2018] [23:03:55] [SERVER THREAD/INFO]: A helper info was received from localhost:4096 - area id: D - trash cans quantity: 12
[24/10/2018] [23:03:57] [SERVER THREAD/INFO]: Stopping helper
[24/10/2018] [23:04:03] [SERVER THREAD/INFO]: Sending information to give help to localhost:4095
[24/10/2018] [23:04:03] [SERVER THREAD/INFO]: Initializing helping to localhost:4096 - area id: D - trash cans quantity: 4
[24/10/2018] [23:04:06] [SERVER THREAD/INFO]: Stopping helping to localhost:4096 - area id: D - trash cans quantity: 4
[24/10/2018] [23:04:08] [SERVER THREAD/INFO]: Sending information to give help to localhost:4085
[24/10/2018] [23:04:08] [SERVER THREAD/INFO]: Initializing helping to localhost:4086 - area id: C - trash cans quantity: 4
[24/10/2018] [23:04:08] [SERVER THREAD/INFO]: Stopping helping to localhost:4086 - area id: C - trash cans quantity: 4
[24/10/2018] [23:04:10] [SERVER THREAD/INFO]: Sending information to give help to localhost:4075
[24/10/2018] [23:04:12] [SERVER THREAD/INFO]: Sending information to give help to localhost:4095
[24/10/2018] [23:04:12] [SERVER THREAD/INFO]: Initializing helping to localhost:4096 - area id: D - trash cans quantity: 4
[24/10/2018] [23:04:13] [SERVER THREAD/INFO]: Sending information to give help to localhost:4085
[24/10/2018] [23:04:13] [SERVER THREAD/INFO]: Sending information to give help to localhost:4075
[24/10/2018] [23:04:13] [SERVER THREAD/INFO]: Initializing helping to localhost:4076 - area id: B - trash cans quantity: 4
[24/10/2018] [23:04:15] [SERVER THREAD/INFO]: Stopping helping mode
[24/10/2018] [23:04:15] [SERVER THREAD/INFO]: Sending a help message with multicast
[24/10/2018] [23:04:26] [SERVER THREAD/INFO]: Closing server
