[24/10/2018] [23:18:29] [SERVER THREAD/INFO]: Loading properties
[24/10/2018] [23:18:29] [SERVER THREAD/INFO]: Properties loaded
[24/10/2018] [23:18:29] [SERVER THREAD/INFO]: Starting UDP server
[24/10/2018] [23:18:29] [SERVER THREAD/INFO]: UDP server has initialized at 127.0.0.1:4075
[24/10/2018] [23:18:29] [SERVER THREAD/INFO]: Starting TCP server
[24/10/2018] [23:18:29] [SERVER THREAD/INFO]: TCP server has initialized at 127.0.0.1:4076
[24/10/2018] [23:18:29] [SERVER THREAD/INFO]: Starting multicast receiver
[24/10/2018] [23:18:29] [SERVER THREAD/INFO]: Multicasting initialized at 230.0.0.1:5000
[24/10/2018] [23:19:07] [SERVER THREAD/INFO]: A driver was created at region id B
[24/10/2018] [23:19:09] [SERVER THREAD/INFO]: Sending a help message with multicast
[24/10/2018] [23:19:09] [SERVER THREAD/INFO]: A helper info was received from localhost:4086 - area id: C - trash cans quantity: 5
[24/10/2018] [23:19:09] [SERVER THREAD/INFO]: Helper selected: localhost:4086 - area id: C - trash cans quantity: 5
[24/10/2018] [23:19:09] [SERVER THREAD/INFO]: A helper info was received from localhost:4066 - area id: A - trash cans quantity: 5
[24/10/2018] [23:19:14] [SERVER THREAD/INFO]: Stopping helper
[24/10/2018] [23:19:17] [SERVER THREAD/INFO]: Sending a help message with multicast
[24/10/2018] [23:19:17] [SERVER THREAD/INFO]: A helper info was received from localhost:4066 - area id: A - trash cans quantity: 5
[24/10/2018] [23:19:17] [SERVER THREAD/INFO]: Helper selected: localhost:4066 - area id: A - trash cans quantity: 5
[24/10/2018] [23:19:17] [SERVER THREAD/INFO]: A helper info was received from localhost:4086 - area id: C - trash cans quantity: 10
[24/10/2018] [23:19:28] [SERVER THREAD/INFO]: Stopping helper
[24/10/2018] [23:19:31] [SERVER THREAD/INFO]: Sending a help message with multicast
[24/10/2018] [23:19:31] [SERVER THREAD/INFO]: A helper info was received from localhost:4086 - area id: C - trash cans quantity: 10
[24/10/2018] [23:19:32] [SERVER THREAD/INFO]: A helper info was received from localhost:4066 - area id: A - trash cans quantity: 10
[24/10/2018] [23:19:32] [SERVER THREAD/INFO]: A helper info was received from localhost:4066 - area id: A - trash cans quantity: 10
[24/10/2018] [23:19:35] [SERVER THREAD/INFO]: Stopping helper
[24/10/2018] [23:19:37] [SERVER THREAD/INFO]: Sending a help message with multicast
[24/10/2018] [23:19:37] [SERVER THREAD/INFO]: A helper info was received from localhost:4086 - area id: C - trash cans quantity: 15
[24/10/2018] [23:19:37] [SERVER THREAD/INFO]: Helper selected: localhost:4086 - area id: C - trash cans quantity: 15
[24/10/2018] [23:19:37] [SERVER THREAD/INFO]: A helper info was received from localhost:4066 - area id: A - trash cans quantity: 10
[24/10/2018] [23:19:38] [SERVER THREAD/INFO]: Helper selected: localhost:4066 - area id: A - trash cans quantity: 10
[24/10/2018] [23:19:39] [SERVER THREAD/INFO]: Stopping helper
[24/10/2018] [23:19:40] [SERVER THREAD/INFO]: Sending a help message with multicast
[24/10/2018] [23:19:40] [SERVER THREAD/INFO]: A helper info was received from localhost:4086 - area id: C - trash cans quantity: 15
[24/10/2018] [23:19:40] [SERVER THREAD/INFO]: Helper selected: localhost:4086 - area id: C - trash cans quantity: 15
[24/10/2018] [23:19:40] [SERVER THREAD/INFO]: A helper info was received from localhost:4066 - area id: A - trash cans quantity: 10
[24/10/2018] [23:19:41] [SERVER THREAD/INFO]: Helper selected: localhost:4066 - area id: A - trash cans quantity: 10
[24/10/2018] [23:19:41] [SERVER THREAD/INFO]: Stopping helper
[24/10/2018] [23:19:47] [SERVER THREAD/INFO]: Sending a help message with multicast
[24/10/2018] [23:19:47] [SERVER THREAD/INFO]: A helper info was received from localhost:4086 - area id: C - trash cans quantity: 15
[24/10/2018] [23:19:47] [SERVER THREAD/INFO]: Helper selected: localhost:4086 - area id: C - trash cans quantity: 15
[24/10/2018] [23:19:47] [SERVER THREAD/INFO]: A helper info was received from localhost:4066 - area id: A - trash cans quantity: 10
[24/10/2018] [23:19:48] [SERVER THREAD/INFO]: Helper selected: localhost:4066 - area id: A - trash cans quantity: 10
[24/10/2018] [23:19:51] [SERVER THREAD/INFO]: Stopping helper
[24/10/2018] [23:19:53] [SERVER THREAD/INFO]: Sending information to give help to localhost:4065
[24/10/2018] [23:19:53] [SERVER THREAD/INFO]: Initializing helping to localhost:4066 - area id: A - trash cans quantity: 5
[24/10/2018] [23:19:54] [SERVER THREAD/INFO]: Stopping helping mode
[24/10/2018] [23:19:54] [SERVER THREAD/INFO]: Sending a help message with multicast
[24/10/2018] [23:19:58] [SERVER THREAD/INFO]: Closing server
