[23/10/2018] [03:36:54] [SERVER THREAD/INFO]: Loading properties
[23/10/2018] [03:36:54] [SERVER THREAD/INFO]: Properties loaded
[23/10/2018] [03:36:54] [SERVER THREAD/INFO]: Starting UDP server
[23/10/2018] [03:36:54] [SERVER THREAD/INFO]: UDP server has initialized at 127.0.0.1:4070
[23/10/2018] [03:36:54] [SERVER THREAD/INFO]: Starting TCP server
[23/10/2018] [03:36:54] [SERVER THREAD/INFO]: TCP server has initialized at 127.0.0.1:4069
[23/10/2018] [03:36:54] [SERVER THREAD/INFO]: Starting multicast receiver
[23/10/2018] [03:36:54] [SERVER THREAD/INFO]: Multicasting initialized at 230.0.0.1:5000
[23/10/2018] [03:37:21] [SERVER THREAD/INFO]: A driver was created at region id 1
[23/10/2018] [03:37:22] [SERVER THREAD/INFO]: A driver was created at region id 1
[23/10/2018] [03:37:23] [SERVER THREAD/INFO]: A driver was created at region id 1
[23/10/2018] [03:37:23] [SERVER THREAD/INFO]: A driver was created at region id 1
[23/10/2018] [03:37:24] [SERVER THREAD/INFO]: A driver was created at region id 1
[23/10/2018] [03:37:24] [SERVER THREAD/INFO]: A driver was created at region id 1
[23/10/2018] [03:37:25] [SERVER THREAD/INFO]: A driver was created at region id 1
[23/10/2018] [03:37:26] [SERVER THREAD/INFO]: A driver was created at region id 1
[23/10/2018] [03:37:26] [SERVER THREAD/INFO]: A driver was created at region id 1
[23/10/2018] [03:37:27] [SERVER THREAD/INFO]: A driver was created at region id 1
[23/10/2018] [03:37:28] [SERVER THREAD/INFO]: A driver was created at region id 1
[23/10/2018] [03:37:29] [SERVER THREAD/INFO]: A driver was created at region id 1
[23/10/2018] [03:37:30] [SERVER THREAD/INFO]: A driver was created at region id 1
[23/10/2018] [03:37:30] [SERVER THREAD/INFO]: A driver was created at region id 1
[23/10/2018] [03:37:31] [SERVER THREAD/INFO]: A driver was created at region id 1
[23/10/2018] [03:37:31] [SERVER THREAD/INFO]: A driver was created at region id 1
[23/10/2018] [03:37:32] [SERVER THREAD/INFO]: A driver was created at region id 1
[23/10/2018] [03:37:33] [SERVER THREAD/INFO]: A driver was created at region id 1
[23/10/2018] [03:37:33] [SERVER THREAD/INFO]: A driver was created at region id 1
[23/10/2018] [03:37:34] [SERVER THREAD/INFO]: A driver was created at region id 1
[23/10/2018] [03:37:35] [SERVER THREAD/INFO]: A driver was created at region id 1
[23/10/2018] [03:37:36] [SERVER THREAD/INFO]: A driver was created at region id 1
[23/10/2018] [03:37:37] [SERVER THREAD/INFO]: A driver was created at region id 1
[23/10/2018] [03:37:38] [SERVER THREAD/INFO]: A driver was created at region id 1
[23/10/2018] [03:37:38] [SERVER THREAD/INFO]: A driver was created at region id 1
[23/10/2018] [03:37:40] [SERVER THREAD/INFO]: A driver was created at region id 1
[23/10/2018] [03:37:41] [SERVER THREAD/INFO]: A driver was created at region id 1
[23/10/2018] [03:37:42] [SERVER THREAD/INFO]: A driver was created at region id 1
[23/10/2018] [03:37:44] [SERVER THREAD/INFO]: A driver was created at region id 1
[23/10/2018] [03:37:45] [SERVER THREAD/INFO]: A driver was created at region id 1
[23/10/2018] [03:37:46] [SERVER THREAD/INFO]: A driver was created at region id 1
[23/10/2018] [03:37:47] [SERVER THREAD/INFO]: A driver was created at region id 1
[23/10/2018] [03:37:49] [SERVER THREAD/INFO]: A driver was created at region id 1
[23/10/2018] [03:37:50] [SERVER THREAD/INFO]: A driver was created at region id 1
[23/10/2018] [03:37:51] [SERVER THREAD/INFO]: A driver was created at region id 1
[23/10/2018] [03:37:52] [SERVER THREAD/INFO]: A driver was created at region id 1
[23/10/2018] [03:37:53] [SERVER THREAD/INFO]: A driver was created at region id 1
[23/10/2018] [03:37:53] [SERVER THREAD/INFO]: A driver was created at region id 1
[23/10/2018] [03:37:54] [SERVER THREAD/INFO]: A driver was created at region id 1
[23/10/2018] [03:37:55] [SERVER THREAD/INFO]: A driver was created at region id 1
[23/10/2018] [03:37:55] [SERVER THREAD/INFO]: A driver was created at region id 1
[23/10/2018] [03:37:56] [SERVER THREAD/INFO]: A driver was created at region id 1
[23/10/2018] [03:37:58] [SERVER THREAD/INFO]: A driver was created at region id 1
[23/10/2018] [03:37:59] [SERVER THREAD/INFO]: A driver was created at region id 1
[23/10/2018] [03:38:10] [SERVER THREAD/INFO]: A driver was created at region id 1C
[23/10/2018] [03:38:13] [SERVER THREAD/INFO]: A driver was created at region id 1BC
[23/10/2018] [03:41:04] [SERVER THREAD/INFO]: Closing server
