[23/10/2018] [03:33:57] [SERVER THREAD/INFO]: Loading properties
[23/10/2018] [03:33:57] [SERVER THREAD/INFO]: Properties loaded
[23/10/2018] [03:33:57] [SERVER THREAD/INFO]: Starting UDP server
[23/10/2018] [03:33:57] [SERVER THREAD/INFO]: UDP server has initialized at 127.0.0.1:4065
[23/10/2018] [03:33:57] [SERVER THREAD/INFO]: Starting TCP server
[23/10/2018] [03:33:57] [SERVER THREAD/INFO]: TCP server has initialized at 127.0.0.1:4066
[23/10/2018] [03:33:57] [SERVER THREAD/INFO]: Starting multicast receiver
[23/10/2018] [03:33:57] [SERVER THREAD/INFO]: Multicasting initialized at 230.0.0.1:5000
[23/10/2018] [03:34:11] [SERVER THREAD/INFO]: A driver was created at region id 1
[23/10/2018] [03:34:18] [SERVER THREAD/INFO]: A driver was created at region id 1
[23/10/2018] [03:34:19] [SERVER THREAD/INFO]: A driver was created at region id 1
[23/10/2018] [03:34:20] [SERVER THREAD/INFO]: A driver was created at region id 1
[23/10/2018] [03:34:21] [SERVER THREAD/INFO]: A driver was created at region id 1
[23/10/2018] [03:34:22] [SERVER THREAD/INFO]: A driver was created at region id 1
[23/10/2018] [03:34:23] [SERVER THREAD/INFO]: A driver was created at region id 1
[23/10/2018] [03:34:24] [SERVER THREAD/INFO]: A driver was created at region id 1
[23/10/2018] [03:34:25] [SERVER THREAD/INFO]: A driver was created at region id 1
[23/10/2018] [03:34:26] [SERVER THREAD/INFO]: A driver was created at region id 1
[23/10/2018] [03:34:27] [SERVER THREAD/INFO]: A driver was created at region id 1
[23/10/2018] [03:34:28] [SERVER THREAD/INFO]: A driver was created at region id 1
[23/10/2018] [03:34:29] [SERVER THREAD/INFO]: A driver was created at region id 1
[23/10/2018] [03:34:30] [SERVER THREAD/INFO]: A driver was created at region id 1
[23/10/2018] [03:34:31] [SERVER THREAD/INFO]: A driver was created at region id 1
[23/10/2018] [03:34:32] [SERVER THREAD/INFO]: A driver was created at region id 1
[23/10/2018] [03:34:33] [SERVER THREAD/INFO]: A driver was created at region id 1
[23/10/2018] [03:34:37] [SERVER THREAD/INFO]: A driver was created at region id 1B
[23/10/2018] [03:35:03] [SERVER THREAD/INFO]: Closing server
