[24/10/2018] [23:20:55] [SERVER THREAD/INFO]: Loading properties
[24/10/2018] [23:20:55] [SERVER THREAD/INFO]: Properties loaded
[24/10/2018] [23:20:55] [SERVER THREAD/INFO]: Starting UDP server
[24/10/2018] [23:20:55] [SERVER THREAD/INFO]: UDP server has initialized at 127.0.0.1:4075
[24/10/2018] [23:20:55] [SERVER THREAD/INFO]: Starting TCP server
[24/10/2018] [23:20:55] [SERVER THREAD/INFO]: TCP server has initialized at 127.0.0.1:4076
[24/10/2018] [23:20:55] [SERVER THREAD/INFO]: Starting multicast receiver
[24/10/2018] [23:20:55] [SERVER THREAD/INFO]: Multicasting initialized at 230.0.0.1:5000
[24/10/2018] [23:21:26] [SERVER THREAD/INFO]: A driver was created at region id B
[24/10/2018] [23:21:29] [SERVER THREAD/INFO]: Sending a help message with multicast
[24/10/2018] [23:21:29] [SERVER THREAD/INFO]: A helper info was received from localhost:4086 - area id: C - trash cans quantity: 5
[24/10/2018] [23:21:29] [SERVER THREAD/INFO]: Helper selected: localhost:4086 - area id: C - trash cans quantity: 5
[24/10/2018] [23:21:29] [SERVER THREAD/INFO]: A helper info was received from localhost:4066 - area id: A - trash cans quantity: 5
[24/10/2018] [23:21:32] [SERVER THREAD/INFO]: Stopping helper
[24/10/2018] [23:21:50] [SERVER THREAD/INFO]: Sending a help message with multicast
[24/10/2018] [23:21:50] [SERVER THREAD/INFO]: A helper info was received from localhost:4086 - area id: C - trash cans quantity: 10
[24/10/2018] [23:21:50] [SERVER THREAD/INFO]: Helper selected: localhost:4086 - area id: C - trash cans quantity: 10
[24/10/2018] [23:21:50] [SERVER THREAD/INFO]: A helper info was received from localhost:4066 - area id: A - trash cans quantity: 5
[24/10/2018] [23:21:50] [SERVER THREAD/INFO]: Helper selected: localhost:4066 - area id: A - trash cans quantity: 5
[24/10/2018] [23:21:55] [SERVER THREAD/INFO]: Stopping helper
[24/10/2018] [23:21:58] [SERVER THREAD/INFO]: Sending a help message with multicast
[24/10/2018] [23:21:58] [SERVER THREAD/INFO]: A helper info was received from localhost:4086 - area id: C - trash cans quantity: 10
[24/10/2018] [23:21:58] [SERVER THREAD/INFO]: Helper selected: localhost:4086 - area id: C - trash cans quantity: 10
[24/10/2018] [23:21:58] [SERVER THREAD/INFO]: A helper info was received from localhost:4066 - area id: A - trash cans quantity: 5
[24/10/2018] [23:21:58] [SERVER THREAD/INFO]: Helper selected: localhost:4066 - area id: A - trash cans quantity: 5
[24/10/2018] [23:21:59] [SERVER THREAD/INFO]: Stopping helper
[24/10/2018] [23:22:00] [SERVER THREAD/INFO]: Sending a help message with multicast
[24/10/2018] [23:22:00] [SERVER THREAD/INFO]: A helper info was received from localhost:4086 - area id: C - trash cans quantity: 10
[24/10/2018] [23:22:00] [SERVER THREAD/INFO]: Helper selected: localhost:4086 - area id: C - trash cans quantity: 10
[24/10/2018] [23:22:00] [SERVER THREAD/INFO]: A helper info was received from localhost:4066 - area id: A - trash cans quantity: 5
[24/10/2018] [23:22:00] [SERVER THREAD/INFO]: Helper selected: localhost:4066 - area id: A - trash cans quantity: 5
[24/10/2018] [23:22:01] [SERVER THREAD/INFO]: Stopping helper
[24/10/2018] [23:22:02] [SERVER THREAD/INFO]: Sending a help message with multicast
[24/10/2018] [23:22:02] [SERVER THREAD/INFO]: A helper info was received from localhost:4066 - area id: A - trash cans quantity: 5
[24/10/2018] [23:22:02] [SERVER THREAD/INFO]: Helper selected: localhost:4066 - area id: A - trash cans quantity: 5
[24/10/2018] [23:22:02] [SERVER THREAD/INFO]: A helper info was received from localhost:4086 - area id: C - trash cans quantity: 10
[24/10/2018] [23:22:36] [SERVER THREAD/INFO]: Stopping helper
[24/10/2018] [23:22:47] [SERVER THREAD/INFO]: Sending a help message with multicast
[24/10/2018] [23:22:47] [SERVER THREAD/INFO]: A helper info was received from localhost:4066 - area id: A - trash cans quantity: 10
[24/10/2018] [23:22:47] [SERVER THREAD/INFO]: Helper selected: localhost:4066 - area id: A - trash cans quantity: 10
[24/10/2018] [23:22:47] [SERVER THREAD/INFO]: A helper info was received from localhost:4086 - area id: C - trash cans quantity: 10
[24/10/2018] [23:22:48] [SERVER THREAD/INFO]: The helper was incapacitated
[24/10/2018] [23:22:48] [SERVER THREAD/INFO]: Sending a help message with multicast
[24/10/2018] [23:22:48] [SERVER THREAD/INFO]: A helper info was received from localhost:4086 - area id: C - trash cans quantity: 10
[24/10/2018] [23:22:48] [SERVER THREAD/INFO]: Helper selected: localhost:4086 - area id: C - trash cans quantity: 10
[24/10/2018] [23:22:53] [SERVER THREAD/INFO]: Closing server
