[23/10/2018] [03:43:12] [SERVER THREAD/INFO]: Loading properties
[23/10/2018] [03:43:12] [SERVER THREAD/INFO]: Properties loaded
[23/10/2018] [03:43:12] [SERVER THREAD/INFO]: Starting UDP server
[23/10/2018] [03:43:12] [SERVER THREAD/INFO]: UDP server has initialized at 127.0.0.1:4070
[23/10/2018] [03:43:12] [SERVER THREAD/INFO]: Starting TCP server
[23/10/2018] [03:43:12] [SERVER THREAD/INFO]: TCP server has initialized at 127.0.0.1:4069
[23/10/2018] [03:43:12] [SERVER THREAD/INFO]: Starting multicast receiver
[23/10/2018] [03:43:12] [SERVER THREAD/INFO]: Multicasting initialized at 230.0.0.1:5000
[23/10/2018] [03:43:15] [SERVER THREAD/INFO]: A driver was created at region id 1
[23/10/2018] [03:43:47] [SERVER THREAD/INFO]: A driver was created at region id 1
[23/10/2018] [03:43:48] [SERVER THREAD/INFO]: A driver was created at region id 1
[23/10/2018] [03:43:49] [SERVER THREAD/INFO]: A driver was created at region id 1
[23/10/2018] [03:44:00] [SERVER THREAD/INFO]: A driver was created at region id 1
[23/10/2018] [03:44:01] [SERVER THREAD/INFO]: A driver was created at region id 1
[23/10/2018] [03:44:02] [SERVER THREAD/INFO]: A driver was created at region id 1
[23/10/2018] [03:44:04] [SERVER THREAD/INFO]: A driver was created at region id 1C
[23/10/2018] [03:44:27] [SERVER THREAD/INFO]: A driver was created at region id 1C
[23/10/2018] [03:44:28] [SERVER THREAD/INFO]: A driver was created at region id 1C
[23/10/2018] [03:44:29] [SERVER THREAD/INFO]: A driver was created at region id 1C
[23/10/2018] [03:44:30] [SERVER THREAD/INFO]: A driver was created at region id 1C
[23/10/2018] [03:44:31] [SERVER THREAD/INFO]: A driver was created at region id 1C
[23/10/2018] [03:44:32] [SERVER THREAD/INFO]: A driver was created at region id 1C
[23/10/2018] [03:44:33] [SERVER THREAD/INFO]: A driver was created at region id 1C
[23/10/2018] [03:44:34] [SERVER THREAD/INFO]: A driver was created at region id 1C
[23/10/2018] [03:44:42] [SERVER THREAD/INFO]: Closing server
