[23/10/2018] [04:45:39] [SERVER THREAD/INFO]: Loading properties
[23/10/2018] [04:45:39] [SERVER THREAD/INFO]: Properties loaded
[23/10/2018] [04:45:39] [SERVER THREAD/INFO]: Starting UDP server
[23/10/2018] [04:45:39] [SERVER THREAD/INFO]: UDP server has initialized at 127.0.0.1:4065
[23/10/2018] [04:45:39] [SERVER THREAD/INFO]: Starting TCP server
[23/10/2018] [04:45:39] [SERVER THREAD/INFO]: TCP server has initialized at 127.0.0.1:4066
[23/10/2018] [04:45:39] [SERVER THREAD/INFO]: Starting multicast receiver
[23/10/2018] [04:45:39] [SERVER THREAD/INFO]: Multicasting initialized at 230.0.0.1:5000
[23/10/2018] [04:45:58] [SERVER THREAD/INFO]: A driver was created at region id 2
[23/10/2018] [04:46:07] [SERVER THREAD/INFO]: A driver was created at region id 2
[23/10/2018] [04:46:08] [SERVER THREAD/INFO]: A driver was created at region id 2
[23/10/2018] [04:46:09] [SERVER THREAD/INFO]: A driver was created at region id 2
[23/10/2018] [04:46:22] [SERVER THREAD/INFO]: A driver was created at region id 2
[23/10/2018] [04:46:23] [SERVER THREAD/INFO]: A driver was created at region id 2
[23/10/2018] [04:46:24] [SERVER THREAD/INFO]: A driver was created at region id 2
[23/10/2018] [04:46:25] [SERVER THREAD/INFO]: A driver was created at region id 2
[23/10/2018] [04:46:26] [SERVER THREAD/INFO]: A driver was created at region id 2
[23/10/2018] [04:46:27] [SERVER THREAD/INFO]: A driver was created at region id 2
[23/10/2018] [04:46:28] [SERVER THREAD/INFO]: A driver was created at region id 2
[23/10/2018] [04:46:29] [SERVER THREAD/INFO]: A driver was created at region id 2
[23/10/2018] [04:46:30] [SERVER THREAD/INFO]: A driver was created at region id 2
[23/10/2018] [04:46:31] [SERVER THREAD/INFO]: A driver was created at region id 2
[23/10/2018] [04:46:32] [SERVER THREAD/INFO]: A driver was created at region id 2
[23/10/2018] [04:46:33] [SERVER THREAD/INFO]: A driver was created at region id 2
[23/10/2018] [04:46:34] [SERVER THREAD/INFO]: A driver was created at region id 2
[23/10/2018] [04:46:35] [SERVER THREAD/INFO]: A driver was created at region id 2
[23/10/2018] [04:46:36] [SERVER THREAD/INFO]: A driver was created at region id 2
[23/10/2018] [04:46:37] [SERVER THREAD/INFO]: A driver was created at region id 2
[23/10/2018] [04:46:38] [SERVER THREAD/INFO]: A driver was created at region id 2
[23/10/2018] [04:46:39] [SERVER THREAD/INFO]: A driver was created at region id 2
[23/10/2018] [04:46:40] [SERVER THREAD/INFO]: A driver was created at region id 2
[23/10/2018] [04:46:54] [SERVER THREAD/INFO]: Closing server
