[24/10/2018] [21:23:05] [SERVER THREAD/INFO]: Loading properties
[24/10/2018] [21:23:05] [SERVER THREAD/INFO]: Properties loaded
[24/10/2018] [21:23:05] [SERVER THREAD/INFO]: Starting UDP server
[24/10/2018] [21:23:05] [SERVER THREAD/INFO]: UDP server has initialized at 127.0.0.1:4065
[24/10/2018] [21:23:05] [SERVER THREAD/INFO]: Starting TCP server
[24/10/2018] [21:23:05] [SERVER THREAD/INFO]: TCP server has initialized at 127.0.0.1:4066
[24/10/2018] [21:23:05] [SERVER THREAD/INFO]: Starting multicast receiver
[24/10/2018] [21:23:05] [SERVER THREAD/INFO]: Multicasting initialized at 230.0.0.1:5000
[24/10/2018] [21:23:20] [SERVER THREAD/INFO]: A driver was created at region id A
[24/10/2018] [21:23:23] [SERVER THREAD/INFO]: Sending a help message with multicast
[24/10/2018] [21:23:23] [SERVER THREAD/INFO]: A helper info was received from localhost:4076 - area id: B - trash cans quantity: 4
[24/10/2018] [21:23:23] [SERVER THREAD/INFO]: Helper selected: localhost:4076 - area id: B - trash cans quantity: 4
[24/10/2018] [21:23:25] [SERVER THREAD/INFO]: Stopping helper
[24/10/2018] [21:23:28] [SERVER THREAD/INFO]: Sending a help message with multicast
[24/10/2018] [21:23:28] [SERVER THREAD/INFO]: A helper info was received from localhost:4076 - area id: B - trash cans quantity: 4
[24/10/2018] [21:23:28] [SERVER THREAD/INFO]: Helper selected: localhost:4076 - area id: B - trash cans quantity: 4
[24/10/2018] [21:23:31] [SERVER THREAD/INFO]: The helper was incapacitated
[24/10/2018] [21:23:31] [SERVER THREAD/INFO]: Sending a help message with multicast
[24/10/2018] [21:23:31] [SERVER THREAD/INFO]: Sending a help message with multicast
[24/10/2018] [21:23:32] [SERVER THREAD/INFO]: Sending a help message with multicast
[24/10/2018] [21:23:33] [SERVER THREAD/INFO]: Sending a help message with multicast
[24/10/2018] [21:23:34] [SERVER THREAD/INFO]: Sending a help message with multicast
[24/10/2018] [21:23:35] [SERVER THREAD/INFO]: Sending a help message with multicast
[24/10/2018] [21:23:35] [SERVER THREAD/INFO]: A helper info was received from localhost:4076 - area id: B - trash cans quantity: 4
[24/10/2018] [21:23:35] [SERVER THREAD/INFO]: Helper selected: localhost:4076 - area id: B - trash cans quantity: 4
[24/10/2018] [21:23:41] [SERVER THREAD/INFO]: Stopping helper
[24/10/2018] [21:23:45] [SERVER THREAD/INFO]: Sending information to give help to localhost:4075
[24/10/2018] [21:23:45] [SERVER THREAD/INFO]: Initializing helping to localhost:4076 - area id: B - trash cans quantity: 4
[24/10/2018] [21:23:48] [SERVER THREAD/INFO]: Stopping helping to localhost:4076 - area id: B - trash cans quantity: 4
[24/10/2018] [21:23:49] [SERVER THREAD/INFO]: Sending information to give help to localhost:4075
[24/10/2018] [21:23:49] [SERVER THREAD/INFO]: Initializing helping to localhost:4076 - area id: B - trash cans quantity: 4
[24/10/2018] [21:23:50] [SERVER THREAD/INFO]: Stopping helping mode
[24/10/2018] [21:23:50] [SERVER THREAD/INFO]: Sending a help message with multicast
[24/10/2018] [21:23:51] [SERVER THREAD/INFO]: Sending a help message with multicast
[24/10/2018] [21:23:52] [SERVER THREAD/INFO]: Sending a help message with multicast
[24/10/2018] [21:23:53] [SERVER THREAD/INFO]: Sending a help message with multicast
[24/10/2018] [21:24:14] [SERVER THREAD/INFO]: Sending information to give help to localhost:4075
[24/10/2018] [21:24:14] [SERVER THREAD/INFO]: Initializing helping to localhost:4076 - area id: B - trash cans quantity: 4
[24/10/2018] [21:24:16] [SERVER THREAD/INFO]: Stopping helping mode
[24/10/2018] [21:24:16] [SERVER THREAD/INFO]: Sending a help message with multicast
[24/10/2018] [21:24:38] [SERVER THREAD/INFO]: Closing server
