[24/10/2018] [23:21:01] [SERVER THREAD/INFO]: Loading properties
[24/10/2018] [23:21:01] [SERVER THREAD/INFO]: Properties loaded
[24/10/2018] [23:21:01] [SERVER THREAD/INFO]: Starting UDP server
[24/10/2018] [23:21:01] [SERVER THREAD/INFO]: UDP server has initialized at 127.0.0.1:4065
[24/10/2018] [23:21:01] [SERVER THREAD/INFO]: Starting TCP server
[24/10/2018] [23:21:01] [SERVER THREAD/INFO]: TCP server has initialized at 127.0.0.1:4066
[24/10/2018] [23:21:01] [SERVER THREAD/INFO]: Starting multicast receiver
[24/10/2018] [23:21:01] [SERVER THREAD/INFO]: Multicasting initialized at 230.0.0.1:5000
[24/10/2018] [23:21:20] [SERVER THREAD/INFO]: A driver was created at region id A
[24/10/2018] [23:21:29] [SERVER THREAD/INFO]: Sending information to give help to localhost:4075
[24/10/2018] [23:21:50] [SERVER THREAD/INFO]: Sending information to give help to localhost:4075
[24/10/2018] [23:21:50] [SERVER THREAD/INFO]: Initializing helping to localhost:4076 - area id: B - trash cans quantity: 5
[24/10/2018] [23:21:55] [SERVER THREAD/INFO]: Stopping helping to localhost:4076 - area id: B - trash cans quantity: 5
[24/10/2018] [23:21:58] [SERVER THREAD/INFO]: Sending information to give help to localhost:4075
[24/10/2018] [23:21:58] [SERVER THREAD/INFO]: Initializing helping to localhost:4076 - area id: B - trash cans quantity: 5
[24/10/2018] [23:21:59] [SERVER THREAD/INFO]: Stopping helping to localhost:4076 - area id: B - trash cans quantity: 5
[24/10/2018] [23:22:00] [SERVER THREAD/INFO]: Sending information to give help to localhost:4075
[24/10/2018] [23:22:00] [SERVER THREAD/INFO]: Initializing helping to localhost:4076 - area id: B - trash cans quantity: 5
[24/10/2018] [23:22:01] [SERVER THREAD/INFO]: Stopping helping to localhost:4076 - area id: B - trash cans quantity: 5
[24/10/2018] [23:22:02] [SERVER THREAD/INFO]: Sending information to give help to localhost:4075
[24/10/2018] [23:22:02] [SERVER THREAD/INFO]: Initializing helping to localhost:4076 - area id: B - trash cans quantity: 5
[24/10/2018] [23:22:02] [SERVER THREAD/INFO]: Initializing helping to localhost:4076 - area id: B - trash cans quantity: 5
[24/10/2018] [23:22:36] [SERVER THREAD/INFO]: Stopping helping to localhost:4076 - area id: B - trash cans quantity: 5
[24/10/2018] [23:22:47] [SERVER THREAD/INFO]: Sending information to give help to localhost:4075
[24/10/2018] [23:22:47] [SERVER THREAD/INFO]: Initializing helping to localhost:4076 - area id: B - trash cans quantity: 5
[24/10/2018] [23:22:47] [SERVER THREAD/INFO]: Initializing helping to localhost:4076 - area id: B - trash cans quantity: 5
[24/10/2018] [23:22:48] [SERVER THREAD/INFO]: Stopping helping mode
[24/10/2018] [23:22:48] [SERVER THREAD/INFO]: Sending a help message with multicast
[24/10/2018] [23:22:54] [SERVER THREAD/INFO]: Closing server
