[24/10/2018] [20:04:27] [SERVER THREAD/INFO]: Loading properties
[24/10/2018] [20:04:27] [SERVER THREAD/INFO]: Properties loaded
[24/10/2018] [20:04:27] [SERVER THREAD/INFO]: Starting UDP server
[24/10/2018] [20:04:27] [SERVER THREAD/INFO]: UDP server has initialized at 127.0.0.1:4075
[24/10/2018] [20:04:27] [SERVER THREAD/INFO]: Starting TCP server
[24/10/2018] [20:04:27] [SERVER THREAD/INFO]: TCP server has initialized at 127.0.0.1:4076
[24/10/2018] [20:04:27] [SERVER THREAD/INFO]: Starting multicast receiver
[24/10/2018] [20:04:27] [SERVER THREAD/INFO]: Multicasting initialized at 230.0.0.1:5000
[24/10/2018] [20:05:46] [SERVER THREAD/INFO]: A driver was created at region id B
[24/10/2018] [20:06:22] [SERVER THREAD/INFO]: Sending information to give help to localhost:4065
[24/10/2018] [20:06:22] [SERVER THREAD/INFO]: Initializing helping to localhost:4066 - area id: A
[24/10/2018] [20:06:27] [SERVER THREAD/INFO]: Stopping helping to localhost:4066 - area id: A
[24/10/2018] [20:06:31] [SERVER THREAD/INFO]: Sending information to give help to localhost:4065
[24/10/2018] [20:06:31] [SERVER THREAD/INFO]: Initializing helping to localhost:4066 - area id: A
[24/10/2018] [20:06:34] [SERVER THREAD/INFO]: Stopping helping mode
[24/10/2018] [20:06:34] [SERVER THREAD/INFO]: Sending a help message with multicast
[24/10/2018] [20:06:35] [SERVER THREAD/INFO]: Sending a help message with multicast
[24/10/2018] [20:06:36] [SERVER THREAD/INFO]: Sending a help message with multicast
[24/10/2018] [20:06:37] [SERVER THREAD/INFO]: Sending a help message with multicast
[24/10/2018] [20:06:38] [SERVER THREAD/INFO]: Sending information to give help to localhost:4065
[24/10/2018] [20:06:38] [SERVER THREAD/INFO]: Initializing helping to localhost:4066 - area id: A
[24/10/2018] [20:06:39] [SERVER THREAD/INFO]: Stopping helping to localhost:4066 - area id: A
[24/10/2018] [20:10:17] [SERVER THREAD/INFO]: Closing server
