[23/10/2018] [05:44:04] [SERVER THREAD/INFO]: Loading properties
[23/10/2018] [05:44:04] [SERVER THREAD/INFO]: Properties loaded
[23/10/2018] [05:44:04] [SERVER THREAD/INFO]: Starting UDP server
[23/10/2018] [05:44:04] [SERVER THREAD/INFO]: UDP server has initialized at 127.0.0.1:4085
[23/10/2018] [05:44:04] [SERVER THREAD/INFO]: Starting TCP server
[23/10/2018] [05:44:04] [SERVER THREAD/INFO]: TCP server has initialized at 127.0.0.1:4086
[23/10/2018] [05:44:04] [SERVER THREAD/INFO]: Starting multicast receiver
[23/10/2018] [05:44:04] [SERVER THREAD/INFO]: Multicasting initialized at 230.0.0.1:5000
[23/10/2018] [05:44:18] [SERVER THREAD/INFO]: A driver was created at region id C
[23/10/2018] [05:44:23] [SERVER THREAD/INFO]: A driver was created at region id C
[23/10/2018] [05:44:24] [SERVER THREAD/INFO]: A driver was created at region id C
[23/10/2018] [05:44:25] [SERVER THREAD/INFO]: A driver was created at region id C
[23/10/2018] [05:44:27] [SERVER THREAD/INFO]: A driver was created at region id C
[23/10/2018] [05:44:28] [SERVER THREAD/INFO]: A driver was created at region id C
[23/10/2018] [05:44:29] [SERVER THREAD/INFO]: A driver was created at region id C
[23/10/2018] [05:44:30] [SERVER THREAD/INFO]: A driver was created at region id C
[23/10/2018] [05:44:30] [SERVER THREAD/INFO]: A driver was created at region id C
[23/10/2018] [05:44:32] [SERVER THREAD/INFO]: A driver was created at region id C
[23/10/2018] [05:44:33] [SERVER THREAD/INFO]: A driver was created at region id C
[23/10/2018] [05:44:35] [SERVER THREAD/INFO]: A driver was created at region id C
[23/10/2018] [05:44:39] [SERVER THREAD/INFO]: Closing server
