[24/10/2018] [23:29:21] [SERVER THREAD/INFO]: Loading properties
[24/10/2018] [23:29:21] [SERVER THREAD/INFO]: Properties loaded
[24/10/2018] [23:29:21] [SERVER THREAD/INFO]: Starting UDP server
[24/10/2018] [23:29:21] [SERVER THREAD/INFO]: UDP server has initialized at 127.0.0.1:4085
[24/10/2018] [23:29:21] [SERVER THREAD/INFO]: Starting TCP server
[24/10/2018] [23:29:21] [SERVER THREAD/INFO]: TCP server has initialized at 127.0.0.1:4086
[24/10/2018] [23:29:21] [SERVER THREAD/INFO]: Starting multicast receiver
[24/10/2018] [23:29:21] [SERVER THREAD/INFO]: Multicasting initialized at 230.0.0.1:5000
[24/10/2018] [23:30:14] [SERVER THREAD/INFO]: A driver was created at region id c
[24/10/2018] [23:30:16] [SERVER THREAD/INFO]: Sending information to give help to localhost:4065
[24/10/2018] [23:30:16] [SERVER THREAD/INFO]: Initializing helping to localhost:4066 - area id: a - trash cans quantity: 5
[24/10/2018] [23:30:21] [SERVER THREAD/INFO]: Stopping helping to localhost:4066 - area id: a - trash cans quantity: 5
[24/10/2018] [23:30:22] [SERVER THREAD/INFO]: Sending information to give help to localhost:4065
[24/10/2018] [23:30:22] [SERVER THREAD/INFO]: Initializing helping to localhost:4066 - area id: a - trash cans quantity: 5
[24/10/2018] [23:30:22] [SERVER THREAD/INFO]: Stopping helping to localhost:4066 - area id: a - trash cans quantity: 5
[24/10/2018] [23:30:26] [SERVER THREAD/INFO]: Sending information to give help to localhost:4065
[24/10/2018] [23:30:26] [SERVER THREAD/INFO]: Initializing helping to localhost:4066 - area id: a - trash cans quantity: 5
[24/10/2018] [23:30:26] [SERVER THREAD/INFO]: Stopping helping to localhost:4066 - area id: a - trash cans quantity: 5
[24/10/2018] [23:30:29] [SERVER THREAD/INFO]: Sending information to give help to localhost:4065
[24/10/2018] [23:30:29] [SERVER THREAD/INFO]: Initializing helping to localhost:4066 - area id: a - trash cans quantity: 5
[24/10/2018] [23:30:29] [SERVER THREAD/INFO]: Stopping helping to localhost:4066 - area id: a - trash cans quantity: 5
[24/10/2018] [23:30:32] [SERVER THREAD/INFO]: Sending information to give help to localhost:4065
[24/10/2018] [23:30:32] [SERVER THREAD/INFO]: Initializing helping to localhost:4066 - area id: a - trash cans quantity: 5
[24/10/2018] [23:30:32] [SERVER THREAD/INFO]: Stopping helping to localhost:4066 - area id: a - trash cans quantity: 5
[24/10/2018] [23:30:33] [SERVER THREAD/INFO]: Sending information to give help to localhost:4075
[24/10/2018] [23:30:34] [SERVER THREAD/INFO]: Sending information to give help to localhost:4065
[24/10/2018] [23:30:34] [SERVER THREAD/INFO]: Initializing helping to localhost:4066 - area id: a - trash cans quantity: 5
[24/10/2018] [23:30:34] [SERVER THREAD/INFO]: Sending information to give help to localhost:4075
[24/10/2018] [23:30:35] [SERVER THREAD/INFO]: Initializing helping to localhost:4076 - area id: b - trash cans quantity: 5
[24/10/2018] [23:30:39] [SERVER THREAD/INFO]: Stopping helping mode
[24/10/2018] [23:30:39] [SERVER THREAD/INFO]: Sending a help message with multicast
[24/10/2018] [23:30:40] [SERVER THREAD/INFO]: Sending a help message with multicast
[24/10/2018] [23:30:41] [SERVER THREAD/INFO]: Sending information to give help to localhost:4075
[24/10/2018] [23:30:42] [SERVER THREAD/INFO]: Initializing helping to localhost:4076 - area id: b - trash cans quantity: 5
[24/10/2018] [23:30:42] [SERVER THREAD/INFO]: Sending information to give help to localhost:4065
[24/10/2018] [23:30:42] [SERVER THREAD/INFO]: Initializing helping to localhost:4066 - area id: a - trash cans quantity: 5
[24/10/2018] [23:30:43] [SERVER THREAD/INFO]: Stopping helping to localhost:4076 - area id: b - trash cans quantity: 5
[24/10/2018] [23:30:49] [SERVER THREAD/INFO]: Stopping helping mode
[24/10/2018] [23:30:49] [SERVER THREAD/INFO]: Sending a help message with multicast
[24/10/2018] [23:30:50] [SERVER THREAD/INFO]: Sending a help message with multicast
[24/10/2018] [23:30:50] [SERVER THREAD/INFO]: A helper info was received from localhost:4076 - area id: b - trash cans quantity: 10
[24/10/2018] [23:30:50] [SERVER THREAD/INFO]: Helper selected: localhost:4076 - area id: b - trash cans quantity: 10
[24/10/2018] [23:30:55] [SERVER THREAD/INFO]: Stopping helper
[24/10/2018] [23:31:03] [SERVER THREAD/INFO]: Sending information to give help to localhost:4075
[24/10/2018] [23:31:03] [SERVER THREAD/INFO]: Initializing helping to localhost:4076 - area id: b - trash cans quantity: 5
[24/10/2018] [23:31:03] [SERVER THREAD/INFO]: Stopping helping to localhost:4076 - area id: b - trash cans quantity: 5
[24/10/2018] [23:31:05] [SERVER THREAD/INFO]: Sending a help message with multicast
[24/10/2018] [23:31:05] [SERVER THREAD/INFO]: A helper info was received from localhost:4066 - area id: a - trash cans quantity: 10
[24/10/2018] [23:31:05] [SERVER THREAD/INFO]: Helper selected: localhost:4066 - area id: a - trash cans quantity: 10
[24/10/2018] [23:31:15] [SERVER THREAD/INFO]: The helper was incapacitated
[24/10/2018] [23:31:15] [SERVER THREAD/INFO]: Sending a help message with multicast
[24/10/2018] [23:31:46] [SERVER THREAD/INFO]: Closing server
