[24/10/2018] [21:19:23] [SERVER THREAD/INFO]: Loading properties
[24/10/2018] [21:19:23] [SERVER THREAD/INFO]: Properties loaded
[24/10/2018] [21:19:23] [SERVER THREAD/INFO]: Starting UDP server
[24/10/2018] [21:19:23] [SERVER THREAD/INFO]: UDP server has initialized at 127.0.0.1:4065
[24/10/2018] [21:19:23] [SERVER THREAD/INFO]: Starting TCP server
[24/10/2018] [21:19:23] [SERVER THREAD/INFO]: TCP server has initialized at 127.0.0.1:4066
[24/10/2018] [21:19:23] [SERVER THREAD/INFO]: Starting multicast receiver
[24/10/2018] [21:19:23] [SERVER THREAD/INFO]: Multicasting initialized at 230.0.0.1:5000
[24/10/2018] [21:19:45] [SERVER THREAD/INFO]: A driver was created at region id A
[24/10/2018] [21:19:50] [SERVER THREAD/INFO]: Sending information to give help to localhost:4075
[24/10/2018] [21:19:50] [SERVER THREAD/INFO]: Initializing helping to localhost:4076 - area id: B - trash cans quantity: 4
[24/10/2018] [21:19:54] [SERVER THREAD/INFO]: Stopping helping to localhost:4076 - area id: B - trash cans quantity: 4
[24/10/2018] [21:19:55] [SERVER THREAD/INFO]: Sending information to give help to localhost:4075
[24/10/2018] [21:19:55] [SERVER THREAD/INFO]: Initializing helping to localhost:4076 - area id: B - trash cans quantity: 4
[24/10/2018] [21:19:57] [SERVER THREAD/INFO]: Stopping helping to localhost:4076 - area id: B - trash cans quantity: 4
[24/10/2018] [21:19:58] [SERVER THREAD/INFO]: Sending information to give help to localhost:4075
[24/10/2018] [21:19:58] [SERVER THREAD/INFO]: Initializing helping to localhost:4076 - area id: B - trash cans quantity: 4
[24/10/2018] [21:20:00] [SERVER THREAD/INFO]: Stopping helping mode
[24/10/2018] [21:20:00] [SERVER THREAD/INFO]: Sending a help message with multicast
[24/10/2018] [21:20:01] [SERVER THREAD/INFO]: Sending a help message with multicast
[24/10/2018] [21:20:02] [SERVER THREAD/INFO]: Sending a help message with multicast
[24/10/2018] [21:20:03] [SERVER THREAD/INFO]: Sending a help message with multicast
[24/10/2018] [21:20:04] [SERVER THREAD/INFO]: Sending a help message with multicast
[24/10/2018] [21:20:05] [SERVER THREAD/INFO]: Sending information to give help to localhost:4075
[24/10/2018] [21:20:05] [SERVER THREAD/INFO]: Initializing helping to localhost:4076 - area id: B - trash cans quantity: 4
[24/10/2018] [21:20:07] [SERVER THREAD/INFO]: Stopping helping to localhost:4076 - area id: B - trash cans quantity: 4
[24/10/2018] [21:22:49] [SERVER THREAD/INFO]: Sending information to give help to localhost:4075
[24/10/2018] [21:22:49] [SERVER THREAD/INFO]: Initializing helping to localhost:4076 - area id: B - trash cans quantity: 4
[24/10/2018] [21:22:51] [SERVER THREAD/INFO]: Stopping helping mode
[24/10/2018] [21:22:51] [SERVER THREAD/INFO]: Sending a help message with multicast
[24/10/2018] [21:22:54] [SERVER THREAD/INFO]: Closing server
