[24/10/2018] [23:10:41] [SERVER THREAD/INFO]: Loading properties
[24/10/2018] [23:10:41] [SERVER THREAD/INFO]: Properties loaded
[24/10/2018] [23:10:41] [SERVER THREAD/INFO]: Starting UDP server
[24/10/2018] [23:10:41] [SERVER THREAD/INFO]: UDP server has initialized at 127.0.0.1:4065
[24/10/2018] [23:10:41] [SERVER THREAD/INFO]: Starting TCP server
[24/10/2018] [23:10:41] [SERVER THREAD/INFO]: TCP server has initialized at 127.0.0.1:4066
[24/10/2018] [23:10:41] [SERVER THREAD/INFO]: Starting multicast receiver
[24/10/2018] [23:10:41] [SERVER THREAD/INFO]: Multicasting initialized at 230.0.0.1:5000
[24/10/2018] [23:11:07] [SERVER THREAD/INFO]: A driver was created at region id A
[24/10/2018] [23:11:22] [SERVER THREAD/INFO]: Sending a help message with multicast
[24/10/2018] [23:11:22] [SERVER THREAD/INFO]: A helper info was received from localhost:4086 - area id: C - trash cans quantity: 5
[24/10/2018] [23:11:22] [SERVER THREAD/INFO]: Helper selected: localhost:4086 - area id: C - trash cans quantity: 5
[24/10/2018] [23:11:22] [SERVER THREAD/INFO]: A helper info was received from localhost:4076 - area id: B - trash cans quantity: 5
[24/10/2018] [23:11:41] [SERVER THREAD/INFO]: Stopping helper
[24/10/2018] [23:11:48] [SERVER THREAD/INFO]: Sending a help message with multicast
[24/10/2018] [23:11:48] [SERVER THREAD/INFO]: A helper info was received from localhost:4076 - area id: B - trash cans quantity: 5
[24/10/2018] [23:11:48] [SERVER THREAD/INFO]: Helper selected: localhost:4076 - area id: B - trash cans quantity: 5
[24/10/2018] [23:11:48] [SERVER THREAD/INFO]: A helper info was received from localhost:4086 - area id: C - trash cans quantity: 10
[24/10/2018] [23:11:53] [SERVER THREAD/INFO]: Stopping helper
[24/10/2018] [23:11:55] [SERVER THREAD/INFO]: Sending a help message with multicast
[24/10/2018] [23:11:55] [SERVER THREAD/INFO]: A helper info was received from localhost:4076 - area id: B - trash cans quantity: 10
[24/10/2018] [23:11:55] [SERVER THREAD/INFO]: Helper selected: localhost:4076 - area id: B - trash cans quantity: 10
[24/10/2018] [23:11:55] [SERVER THREAD/INFO]: A helper info was received from localhost:4086 - area id: C - trash cans quantity: 10
[24/10/2018] [23:11:56] [SERVER THREAD/INFO]: Stopping helper
[24/10/2018] [23:11:58] [SERVER THREAD/INFO]: Sending a help message with multicast
[24/10/2018] [23:11:58] [SERVER THREAD/INFO]: A helper info was received from localhost:4076 - area id: B - trash cans quantity: 15
[24/10/2018] [23:11:58] [SERVER THREAD/INFO]: Helper selected: localhost:4076 - area id: B - trash cans quantity: 15
[24/10/2018] [23:11:58] [SERVER THREAD/INFO]: A helper info was received from localhost:4086 - area id: C - trash cans quantity: 10
[24/10/2018] [23:11:58] [SERVER THREAD/INFO]: Helper selected: localhost:4086 - area id: C - trash cans quantity: 10
[24/10/2018] [23:12:00] [SERVER THREAD/INFO]: Stopping helper
[24/10/2018] [23:12:02] [SERVER THREAD/INFO]: Sending a help message with multicast
[24/10/2018] [23:12:02] [SERVER THREAD/INFO]: A helper info was received from localhost:4076 - area id: B - trash cans quantity: 15
[24/10/2018] [23:12:02] [SERVER THREAD/INFO]: Helper selected: localhost:4076 - area id: B - trash cans quantity: 15
[24/10/2018] [23:12:02] [SERVER THREAD/INFO]: A helper info was received from localhost:4086 - area id: C - trash cans quantity: 10
[24/10/2018] [23:12:02] [SERVER THREAD/INFO]: Helper selected: localhost:4086 - area id: C - trash cans quantity: 10
[24/10/2018] [23:12:03] [SERVER THREAD/INFO]: Stopping helper
[24/10/2018] [23:12:07] [SERVER THREAD/INFO]: Sending a help message with multicast
[24/10/2018] [23:12:07] [SERVER THREAD/INFO]: A helper info was received from localhost:4076 - area id: B - trash cans quantity: 15
[24/10/2018] [23:12:07] [SERVER THREAD/INFO]: Helper selected: localhost:4076 - area id: B - trash cans quantity: 15
[24/10/2018] [23:12:07] [SERVER THREAD/INFO]: A helper info was received from localhost:4086 - area id: C - trash cans quantity: 10
[24/10/2018] [23:12:07] [SERVER THREAD/INFO]: Helper selected: localhost:4086 - area id: C - trash cans quantity: 10
[24/10/2018] [23:12:08] [SERVER THREAD/INFO]: Stopping helper
[24/10/2018] [23:12:11] [SERVER THREAD/INFO]: Sending information to give help to localhost:4075
[24/10/2018] [23:12:11] [SERVER THREAD/INFO]: Initializing helping to localhost:4076 - area id: B - trash cans quantity: 5
[24/10/2018] [23:12:11] [SERVER THREAD/INFO]: Initializing helping to localhost:4076 - area id: B - trash cans quantity: 5
[24/10/2018] [23:12:13] [SERVER THREAD/INFO]: Stopping helping to localhost:4076 - area id: B - trash cans quantity: 5
[24/10/2018] [23:12:16] [SERVER THREAD/INFO]: Sending information to give help to localhost:4085
[24/10/2018] [23:12:21] [SERVER THREAD/INFO]: Sending a help message with multicast
[24/10/2018] [23:12:21] [SERVER THREAD/INFO]: A helper info was received from localhost:4076 - area id: B - trash cans quantity: 10
[24/10/2018] [23:12:21] [SERVER THREAD/INFO]: Helper selected: localhost:4076 - area id: B - trash cans quantity: 10
[24/10/2018] [23:12:21] [SERVER THREAD/INFO]: A helper info was received from localhost:4086 - area id: C - trash cans quantity: 5
[24/10/2018] [23:12:21] [SERVER THREAD/INFO]: Helper selected: localhost:4086 - area id: C - trash cans quantity: 5
[24/10/2018] [23:12:24] [SERVER THREAD/INFO]: Stopping helper
[24/10/2018] [23:13:20] [SERVER THREAD/INFO]: Sending information to give help to localhost:4085
[24/10/2018] [23:13:20] [SERVER THREAD/INFO]: Initializing helping to localhost:4086 - area id: C - trash cans quantity: 5
[24/10/2018] [23:13:20] [SERVER THREAD/INFO]: Initializing helping to localhost:4086 - area id: C - trash cans quantity: 5
[24/10/2018] [23:13:22] [SERVER THREAD/INFO]: Stopping helping to localhost:4086 - area id: C - trash cans quantity: 5
[24/10/2018] [23:13:30] [SERVER THREAD/INFO]: Sending information to give help to localhost:4085
[24/10/2018] [23:13:30] [SERVER THREAD/INFO]: Initializing helping to localhost:4086 - area id: C - trash cans quantity: 5
[24/10/2018] [23:13:30] [SERVER THREAD/INFO]: Initializing helping to localhost:4086 - area id: C - trash cans quantity: 5
[24/10/2018] [23:13:33] [SERVER THREAD/INFO]: Stopping helping to localhost:4086 - area id: C - trash cans quantity: 5
[24/10/2018] [23:13:34] [SERVER THREAD/INFO]: Sending information to give help to localhost:4085
[24/10/2018] [23:13:34] [SERVER THREAD/INFO]: Initializing helping to localhost:4086 - area id: C - trash cans quantity: 5
[24/10/2018] [23:13:34] [SERVER THREAD/INFO]: Stopping helping to localhost:4086 - area id: C - trash cans quantity: 5
[24/10/2018] [23:13:37] [SERVER THREAD/INFO]: Sending information to give help to localhost:4085
[24/10/2018] [23:13:37] [SERVER THREAD/INFO]: Initializing helping to localhost:4086 - area id: C - trash cans quantity: 5
[24/10/2018] [23:13:37] [SERVER THREAD/INFO]: Stopping helping to localhost:4086 - area id: C - trash cans quantity: 5
[24/10/2018] [23:13:39] [SERVER THREAD/INFO]: Sending information to give help to localhost:4085
[24/10/2018] [23:13:39] [SERVER THREAD/INFO]: Initializing helping to localhost:4086 - area id: C - trash cans quantity: 5
[24/10/2018] [23:13:39] [SERVER THREAD/INFO]: Stopping helping to localhost:4086 - area id: C - trash cans quantity: 5
[24/10/2018] [23:13:43] [SERVER THREAD/INFO]: Sending information to give help to localhost:4085
[24/10/2018] [23:13:43] [SERVER THREAD/INFO]: Initializing helping to localhost:4086 - area id: C - trash cans quantity: 5
[24/10/2018] [23:13:44] [SERVER THREAD/INFO]: Stopping helping to localhost:4086 - area id: C - trash cans quantity: 5
[24/10/2018] [23:13:55] [SERVER THREAD/INFO]: Sending information to give help to localhost:4075
[24/10/2018] [23:13:55] [SERVER THREAD/INFO]: Initializing helping to localhost:4076 - area id: B - trash cans quantity: 5
[24/10/2018] [23:13:55] [SERVER THREAD/INFO]: Stopping helping to localhost:4076 - area id: B - trash cans quantity: 5
[24/10/2018] [23:13:56] [SERVER THREAD/INFO]: Sending information to give help to localhost:4085
[24/10/2018] [23:13:57] [SERVER THREAD/INFO]: Sending information to give help to localhost:4075
[24/10/2018] [23:13:57] [SERVER THREAD/INFO]: Initializing helping to localhost:4076 - area id: B - trash cans quantity: 5
[24/10/2018] [23:13:57] [SERVER THREAD/INFO]: Sending information to give help to localhost:4085
[24/10/2018] [23:13:58] [SERVER THREAD/INFO]: Initializing helping to localhost:4086 - area id: C - trash cans quantity: 5
[24/10/2018] [23:14:00] [SERVER THREAD/INFO]: Stopping helping to localhost:4076 - area id: B - trash cans quantity: 5
[24/10/2018] [23:14:03] [SERVER THREAD/INFO]: Stopping helping to localhost:4086 - area id: C - trash cans quantity: 5
[24/10/2018] [23:18:02] [SERVER THREAD/INFO]: Closing server
