[23/10/2018] [06:48:28] [SERVER THREAD/INFO]: Loading properties
[23/10/2018] [06:48:28] [SERVER THREAD/INFO]: Properties loaded
[23/10/2018] [06:48:28] [SERVER THREAD/INFO]: Starting UDP server
[23/10/2018] [06:48:28] [SERVER THREAD/INFO]: UDP server has initialized at 127.0.0.1:4085
[23/10/2018] [06:48:28] [SERVER THREAD/INFO]: Starting TCP server
[23/10/2018] [06:48:28] [SERVER THREAD/INFO]: TCP server has initialized at 127.0.0.1:4086
[23/10/2018] [06:48:28] [SERVER THREAD/INFO]: Starting multicast receiver
[23/10/2018] [06:48:28] [SERVER THREAD/INFO]: Multicasting initialized at 230.0.0.1:5000
[23/10/2018] [06:48:42] [SERVER THREAD/INFO]: A driver was created at region id C
[23/10/2018] [06:49:14] [SERVER THREAD/INFO]: A driver was created at region id C
[23/10/2018] [06:49:15] [SERVER THREAD/INFO]: A driver was created at region id C
[23/10/2018] [06:49:16] [SERVER THREAD/INFO]: A driver was created at region id C
[23/10/2018] [06:49:17] [SERVER THREAD/INFO]: A driver was created at region id C
[23/10/2018] [06:49:18] [SERVER THREAD/INFO]: A driver was created at region id C
[23/10/2018] [06:49:19] [SERVER THREAD/INFO]: A driver was created at region id C
[23/10/2018] [06:49:20] [SERVER THREAD/INFO]: A driver was created at region id C
[23/10/2018] [06:49:21] [SERVER THREAD/INFO]: A driver was created at region id C
[23/10/2018] [06:49:22] [SERVER THREAD/INFO]: A driver was created at region id C
[23/10/2018] [06:49:25] [SERVER THREAD/INFO]: A driver was created at region id C
[23/10/2018] [06:49:26] [SERVER THREAD/INFO]: A driver was created at region id C
[23/10/2018] [06:49:27] [SERVER THREAD/INFO]: A driver was created at region id C
[23/10/2018] [06:49:28] [SERVER THREAD/INFO]: A driver was created at region id C
[23/10/2018] [06:49:29] [SERVER THREAD/INFO]: A driver was created at region id C
[23/10/2018] [06:49:30] [SERVER THREAD/INFO]: A driver was created at region id C
[23/10/2018] [06:49:31] [SERVER THREAD/INFO]: A driver was created at region id C
[23/10/2018] [06:49:32] [SERVER THREAD/INFO]: A driver was created at region id C
[23/10/2018] [06:49:33] [SERVER THREAD/INFO]: A driver was created at region id C
[23/10/2018] [06:49:34] [SERVER THREAD/INFO]: A driver was created at region id C
[23/10/2018] [06:49:35] [SERVER THREAD/INFO]: A driver was created at region id C
[23/10/2018] [06:49:36] [SERVER THREAD/INFO]: A driver was created at region id C
[23/10/2018] [06:49:37] [SERVER THREAD/INFO]: A driver was created at region id C
[23/10/2018] [06:49:38] [SERVER THREAD/INFO]: A driver was created at region id C
[23/10/2018] [06:49:39] [SERVER THREAD/INFO]: A driver was created at region id C
[23/10/2018] [06:49:40] [SERVER THREAD/INFO]: A driver was created at region id C
[23/10/2018] [06:49:41] [SERVER THREAD/INFO]: A driver was created at region id C
[23/10/2018] [06:50:35] [SERVER THREAD/INFO]: Closing server
