[23/10/2018] [04:40:28] [SERVER THREAD/INFO]: Loading properties
[23/10/2018] [04:40:28] [SERVER THREAD/INFO]: Properties loaded
[23/10/2018] [04:40:28] [SERVER THREAD/INFO]: Starting UDP server
[23/10/2018] [04:40:28] [SERVER THREAD/INFO]: UDP server has initialized at 127.0.0.1:4065
[23/10/2018] [04:40:28] [SERVER THREAD/INFO]: Starting TCP server
[23/10/2018] [04:40:28] [SERVER THREAD/INFO]: TCP server has initialized at 127.0.0.1:4066
[23/10/2018] [04:40:28] [SERVER THREAD/INFO]: Starting multicast receiver
[23/10/2018] [04:40:28] [SERVER THREAD/INFO]: Multicasting initialized at 230.0.0.1:5000
[23/10/2018] [04:40:37] [SERVER THREAD/INFO]: A driver was created at region id 1
[23/10/2018] [04:40:38] [SERVER THREAD/INFO]: A driver was created at region id 1
[23/10/2018] [04:40:39] [SERVER THREAD/INFO]: A driver was created at region id 1
[23/10/2018] [04:40:40] [SERVER THREAD/INFO]: A driver was created at region id 1
[23/10/2018] [04:40:41] [SERVER THREAD/INFO]: A driver was created at region id 1
[23/10/2018] [04:40:42] [SERVER THREAD/INFO]: A driver was created at region id 1
[23/10/2018] [04:40:43] [SERVER THREAD/INFO]: A driver was created at region id 1
[23/10/2018] [04:40:44] [SERVER THREAD/INFO]: A driver was created at region id 1
[23/10/2018] [04:40:45] [SERVER THREAD/INFO]: A driver was created at region id 1
[23/10/2018] [04:40:46] [SERVER THREAD/INFO]: A driver was created at region id 1
[23/10/2018] [04:40:47] [SERVER THREAD/INFO]: A driver was created at region id 1
[23/10/2018] [04:40:48] [SERVER THREAD/INFO]: A driver was created at region id 1
[23/10/2018] [04:40:49] [SERVER THREAD/INFO]: A driver was created at region id 1
[23/10/2018] [04:40:50] [SERVER THREAD/INFO]: A driver was created at region id 1
[23/10/2018] [04:40:51] [SERVER THREAD/INFO]: A driver was created at region id 1
[23/10/2018] [04:40:52] [SERVER THREAD/INFO]: A driver was created at region id 1
[23/10/2018] [04:40:53] [SERVER THREAD/INFO]: A driver was created at region id 1
[23/10/2018] [04:40:54] [SERVER THREAD/INFO]: A driver was created at region id 1
[23/10/2018] [04:40:55] [SERVER THREAD/INFO]: A driver was created at region id 1
[23/10/2018] [04:40:56] [SERVER THREAD/INFO]: A driver was created at region id 1
[23/10/2018] [04:40:57] [SERVER THREAD/INFO]: A driver was created at region id 1
[23/10/2018] [04:40:58] [SERVER THREAD/INFO]: A driver was created at region id 1
[23/10/2018] [04:40:59] [SERVER THREAD/INFO]: A driver was created at region id 1
[23/10/2018] [04:41:00] [SERVER THREAD/INFO]: A driver was created at region id 1
[23/10/2018] [04:41:01] [SERVER THREAD/INFO]: A driver was created at region id 1
[23/10/2018] [04:41:02] [SERVER THREAD/INFO]: A driver was created at region id 1
[23/10/2018] [04:41:03] [SERVER THREAD/INFO]: A driver was created at region id 1
[23/10/2018] [04:41:04] [SERVER THREAD/INFO]: A driver was created at region id 1
[23/10/2018] [04:41:05] [SERVER THREAD/INFO]: A driver was created at region id 1
[23/10/2018] [04:41:06] [SERVER THREAD/INFO]: A driver was created at region id 1
[23/10/2018] [04:41:07] [SERVER THREAD/INFO]: A driver was created at region id 1
[23/10/2018] [04:41:07] [SERVER THREAD/INFO]: Closing server
