[24/10/2018] [23:21:06] [SERVER THREAD/INFO]: Loading properties
[24/10/2018] [23:21:06] [SERVER THREAD/INFO]: Properties loaded
[24/10/2018] [23:21:06] [SERVER THREAD/INFO]: Starting UDP server
[24/10/2018] [23:21:06] [SERVER THREAD/INFO]: UDP server has initialized at 127.0.0.1:4085
[24/10/2018] [23:21:06] [SERVER THREAD/INFO]: Starting TCP server
[24/10/2018] [23:21:06] [SERVER THREAD/INFO]: TCP server has initialized at 127.0.0.1:4086
[24/10/2018] [23:21:06] [SERVER THREAD/INFO]: Starting multicast receiver
[24/10/2018] [23:21:06] [SERVER THREAD/INFO]: Multicasting initialized at 230.0.0.1:5000
[24/10/2018] [23:21:28] [SERVER THREAD/INFO]: A driver was created at region id C
[24/10/2018] [23:21:29] [SERVER THREAD/INFO]: Sending information to give help to localhost:4075
[24/10/2018] [23:21:29] [SERVER THREAD/INFO]: Initializing helping to localhost:4076 - area id: B - trash cans quantity: 5
[24/10/2018] [23:21:29] [SERVER THREAD/INFO]: Initializing helping to localhost:4076 - area id: B - trash cans quantity: 5
[24/10/2018] [23:21:32] [SERVER THREAD/INFO]: Stopping helping to localhost:4076 - area id: B - trash cans quantity: 5
[24/10/2018] [23:21:50] [SERVER THREAD/INFO]: Sending information to give help to localhost:4075
[24/10/2018] [23:21:50] [SERVER THREAD/INFO]: Initializing helping to localhost:4076 - area id: B - trash cans quantity: 5
[24/10/2018] [23:21:50] [SERVER THREAD/INFO]: Stopping helping to localhost:4076 - area id: B - trash cans quantity: 5
[24/10/2018] [23:21:58] [SERVER THREAD/INFO]: Sending information to give help to localhost:4075
[24/10/2018] [23:22:00] [SERVER THREAD/INFO]: Sending information to give help to localhost:4075
[24/10/2018] [23:22:02] [SERVER THREAD/INFO]: Sending information to give help to localhost:4075
[24/10/2018] [23:22:47] [SERVER THREAD/INFO]: Sending information to give help to localhost:4075
[24/10/2018] [23:22:48] [SERVER THREAD/INFO]: Sending information to give help to localhost:4065
[24/10/2018] [23:22:48] [SERVER THREAD/INFO]: Sending information to give help to localhost:4075
[24/10/2018] [23:22:52] [SERVER THREAD/INFO]: Closing server
