[23/10/2018] [03:03:47] [SERVER THREAD/INFO]: Loading properties
[23/10/2018] [03:03:47] [SERVER THREAD/INFO]: Properties loaded
[23/10/2018] [03:03:47] [SERVER THREAD/INFO]: Starting UDP server
[23/10/2018] [03:03:47] [SERVER THREAD/INFO]: UDP server has initialized at 127.0.0.1:4065
[23/10/2018] [03:03:47] [SERVER THREAD/INFO]: Starting TCP server
[23/10/2018] [03:03:47] [SERVER THREAD/INFO]: TCP server has initialized at 127.0.0.1:4066
[23/10/2018] [03:03:47] [SERVER THREAD/INFO]: Starting multicast receiver
[23/10/2018] [03:03:47] [SERVER THREAD/INFO]: Multicasting initialized at 230.0.0.1:5000
[23/10/2018] [03:03:56] [SERVER THREAD/INFO]: A driver was created at region id 1
[23/10/2018] [03:04:12] [SERVER THREAD/INFO]: A driver was created at region id 1
[23/10/2018] [03:04:13] [SERVER THREAD/INFO]: A driver was created at region id 1
[23/10/2018] [03:04:14] [SERVER THREAD/INFO]: A driver was created at region id 1
[23/10/2018] [03:04:15] [SERVER THREAD/INFO]: A driver was created at region id 1
[23/10/2018] [03:04:16] [SERVER THREAD/INFO]: A driver was created at region id 1
[23/10/2018] [03:04:17] [SERVER THREAD/INFO]: A driver was created at region id 1
[23/10/2018] [03:04:18] [SERVER THREAD/INFO]: A driver was created at region id 1
[23/10/2018] [03:04:19] [SERVER THREAD/INFO]: A driver was created at region id 1
[23/10/2018] [03:04:20] [SERVER THREAD/INFO]: A driver was created at region id 1
[23/10/2018] [03:04:21] [SERVER THREAD/INFO]: A driver was created at region id 1
[23/10/2018] [03:04:22] [SERVER THREAD/INFO]: A driver was created at region id 1
[23/10/2018] [03:04:23] [SERVER THREAD/INFO]: A driver was created at region id 1
[23/10/2018] [03:04:24] [SERVER THREAD/INFO]: A driver was created at region id 1
[23/10/2018] [03:04:26] [SERVER THREAD/INFO]: A driver was created at region id 1
[23/10/2018] [03:04:27] [SERVER THREAD/INFO]: A driver was created at region id 1
[23/10/2018] [03:04:28] [SERVER THREAD/INFO]: A driver was created at region id 1
[23/10/2018] [03:04:29] [SERVER THREAD/INFO]: A driver was created at region id 1
[23/10/2018] [03:04:30] [SERVER THREAD/INFO]: A driver was created at region id 1
[23/10/2018] [03:04:31] [SERVER THREAD/INFO]: A driver was created at region id 1
[23/10/2018] [03:04:32] [SERVER THREAD/INFO]: A driver was created at region id 1
[23/10/2018] [03:04:33] [SERVER THREAD/INFO]: A driver was created at region id 1
[23/10/2018] [03:04:34] [SERVER THREAD/INFO]: A driver was created at region id 1
[23/10/2018] [03:04:35] [SERVER THREAD/INFO]: A driver was created at region id 1
[23/10/2018] [03:04:36] [SERVER THREAD/INFO]: A driver was created at region id 1
[23/10/2018] [03:04:37] [SERVER THREAD/INFO]: A driver was created at region id 1
[23/10/2018] [03:04:38] [SERVER THREAD/INFO]: A driver was created at region id 1
[23/10/2018] [03:04:39] [SERVER THREAD/INFO]: A driver was created at region id 1
[23/10/2018] [03:04:40] [SERVER THREAD/INFO]: A driver was created at region id 1
[23/10/2018] [03:04:41] [SERVER THREAD/INFO]: A driver was created at region id 1
[23/10/2018] [03:04:42] [SERVER THREAD/INFO]: A driver was created at region id 1
[23/10/2018] [03:04:43] [SERVER THREAD/INFO]: A driver was created at region id 1
[23/10/2018] [03:04:44] [SERVER THREAD/INFO]: A driver was created at region id 1
[23/10/2018] [03:04:45] [SERVER THREAD/INFO]: A driver was created at region id 1
[23/10/2018] [03:04:46] [SERVER THREAD/INFO]: A driver was created at region id 1
[23/10/2018] [03:04:47] [SERVER THREAD/INFO]: A driver was created at region id 1
[23/10/2018] [03:04:48] [SERVER THREAD/INFO]: A driver was created at region id 1
[23/10/2018] [03:04:49] [SERVER THREAD/INFO]: A driver was created at region id 1
[23/10/2018] [03:04:50] [SERVER THREAD/INFO]: A driver was created at region id 1
[23/10/2018] [03:04:51] [SERVER THREAD/INFO]: A driver was created at region id 1
[23/10/2018] [03:04:52] [SERVER THREAD/INFO]: A driver was created at region id 1
[23/10/2018] [03:04:53] [SERVER THREAD/INFO]: A driver was created at region id 1
[23/10/2018] [03:04:54] [SERVER THREAD/INFO]: A driver was created at region id 1
[23/10/2018] [03:04:55] [SERVER THREAD/INFO]: A driver was created at region id 1
[23/10/2018] [03:04:56] [SERVER THREAD/INFO]: A driver was created at region id 1
[23/10/2018] [03:04:57] [SERVER THREAD/INFO]: A driver was created at region id 1
[23/10/2018] [03:04:58] [SERVER THREAD/INFO]: A driver was created at region id 1
[23/10/2018] [03:04:59] [SERVER THREAD/INFO]: A driver was created at region id 1
[23/10/2018] [03:05:00] [SERVER THREAD/INFO]: A driver was created at region id 1
[23/10/2018] [03:05:01] [SERVER THREAD/INFO]: A driver was created at region id 1
[23/10/2018] [03:05:02] [SERVER THREAD/INFO]: A driver was created at region id 1
[23/10/2018] [03:05:03] [SERVER THREAD/INFO]: A driver was created at region id 1
[23/10/2018] [03:05:04] [SERVER THREAD/INFO]: A driver was created at region id 1
[23/10/2018] [03:05:05] [SERVER THREAD/INFO]: A driver was created at region id 1
[23/10/2018] [03:05:06] [SERVER THREAD/INFO]: A driver was created at region id 1
[23/10/2018] [03:05:07] [SERVER THREAD/INFO]: A driver was created at region id 1
[23/10/2018] [03:05:08] [SERVER THREAD/INFO]: A driver was created at region id 1
[23/10/2018] [03:05:09] [SERVER THREAD/INFO]: A driver was created at region id 1
[23/10/2018] [03:05:10] [SERVER THREAD/INFO]: A driver was created at region id 1
[23/10/2018] [03:05:11] [SERVER THREAD/INFO]: A driver was created at region id 1
[23/10/2018] [03:05:12] [SERVER THREAD/INFO]: A driver was created at region id 1
[23/10/2018] [03:05:13] [SERVER THREAD/INFO]: A driver was created at region id 1
[23/10/2018] [03:05:14] [SERVER THREAD/INFO]: A driver was created at region id 1
[23/10/2018] [03:05:15] [SERVER THREAD/INFO]: A driver was created at region id 1
[23/10/2018] [03:05:16] [SERVER THREAD/INFO]: A driver was created at region id 1
[23/10/2018] [03:05:17] [SERVER THREAD/INFO]: A driver was created at region id 1
[23/10/2018] [03:05:18] [SERVER THREAD/INFO]: A driver was created at region id 1
[23/10/2018] [03:05:19] [SERVER THREAD/INFO]: A driver was created at region id 1
[23/10/2018] [03:05:20] [SERVER THREAD/INFO]: A driver was created at region id 1
[23/10/2018] [03:05:21] [SERVER THREAD/INFO]: A driver was created at region id 1
[23/10/2018] [03:05:22] [SERVER THREAD/INFO]: A driver was created at region id 1
[23/10/2018] [03:05:23] [SERVER THREAD/INFO]: A driver was created at region id 1
[23/10/2018] [03:05:24] [SERVER THREAD/INFO]: A driver was created at region id 1
[23/10/2018] [03:05:25] [SERVER THREAD/INFO]: A driver was created at region id 1
[23/10/2018] [03:05:26] [SERVER THREAD/INFO]: A driver was created at region id 1
[23/10/2018] [03:05:27] [SERVER THREAD/INFO]: A driver was created at region id 1
[23/10/2018] [03:05:28] [SERVER THREAD/INFO]: A driver was created at region id 1
[23/10/2018] [03:05:29] [SERVER THREAD/INFO]: A driver was created at region id 1
[23/10/2018] [03:05:30] [SERVER THREAD/INFO]: A driver was created at region id 1
[23/10/2018] [03:05:31] [SERVER THREAD/INFO]: A driver was created at region id 1
[23/10/2018] [03:05:32] [SERVER THREAD/INFO]: A driver was created at region id 1
[23/10/2018] [03:05:33] [SERVER THREAD/INFO]: A driver was created at region id 1
[23/10/2018] [03:05:34] [SERVER THREAD/INFO]: A driver was created at region id 1
[23/10/2018] [03:05:35] [SERVER THREAD/INFO]: A driver was created at region id 1
[23/10/2018] [03:05:58] [SERVER THREAD/INFO]: Closing server
